2022-07-10 00:01:42,988 - root - INFO - Create log file at log/1657436502.9883413-wiki-talk-temporal-t-2-16k4-16.log
2022-07-10 00:01:42,988 - root - INFO - Command line executed: python main.py -d wiki-talk-temporal --pos_dim 16 --bs 100 --n_degree 16 4 --n_hop 2 --mode t --bias 1e-5 --seed 2 --verbosity 1 --drop_out 0.1 --attn_n_head 2 --ngh_dim 8 --self_dim 172 --run 3
2022-07-10 00:01:42,988 - root - INFO - Full args parsed:
2022-07-10 00:01:42,988 - root - INFO - Namespace(attn_n_head=2, bias=1e-05, bs=100, cpu_cores=1, data='wiki-talk-temporal', drop_out=0.1, gpu=0, linear_out=False, lr=0.0001, mode='t', n_degree=['16', '4'], n_epoch=50, n_hop=2, ngh_dim=8, pos_dim=16, replace_prob=0.9, run=3, seed=2, self_dim=172, t_batch=False, t_batch_order=False, time_dim=1, tolerance=0.001, verbosity=1)
2022-07-10 00:01:42,989 - root - INFO - Create checkpoint directory ./saved_checkpoints/1657436502.9883413-wiki-talk-temporal-t-2-16k4-16/
2022-07-10 00:01:42,989 - root - INFO - Create best model directory ./best_models/1657436502.9883413-wiki-talk-temporal-t-2-16k4-16/
2022-07-10 00:01:45,152 - root - INFO - Transductive training...
2022-07-10 00:01:51,298 - root - INFO - num of training instances: 2873633
2022-07-10 00:01:51,298 - root - INFO - num of batches per epoch: 28737
2022-07-10 00:01:53,371 - root - INFO - start 0 epoch
2022-07-10 00:10:18,143 - root - INFO - train_time [506.84313893318176]
2022-07-10 00:10:18,144 - root - INFO - Mean 50684.313893318176
2022-07-10 00:10:18,144 - root - INFO - Standard deviation 0.0
2022-07-10 00:10:18,144 - root - INFO - 95% 0.0
2022-07-10 00:10:18,144 - root - INFO - --------
2022-07-10 00:13:12,246 - root - INFO - epoch: 0:
2022-07-10 00:13:12,249 - root - INFO - epoch mean loss: 0.5732517497017127
2022-07-10 00:13:12,250 - root - INFO - train acc: 0.8701948054772594, val acc: 0.8891091054354604
2022-07-10 00:13:12,252 - root - INFO - train auc: 0.9400864623025196, val auc: 0.9616868204050614
2022-07-10 00:13:12,254 - root - INFO - train ap: 0.9497097216214235, val ap: 0.9639780842113321
2022-07-10 00:13:12,254 - root - INFO - train time: 506.84313893318176, val time: 174.10225796699524
2022-07-10 00:13:16,851 - root - INFO - start 1 epoch
2022-07-10 00:21:35,355 - root - INFO - train_time [506.84313893318176, 500.5741596221924]
2022-07-10 00:21:35,355 - root - INFO - Mean 50370.86492776871
2022-07-10 00:21:35,355 - root - INFO - Standard deviation 3.13448965549469
2022-07-10 00:21:35,355 - root - INFO - 95% 434.4181026280385
2022-07-10 00:21:35,356 - root - INFO - --------
2022-07-10 00:24:28,924 - root - INFO - epoch: 1:
2022-07-10 00:24:28,926 - root - INFO - epoch mean loss: 0.5544746743915897
2022-07-10 00:24:28,928 - root - INFO - train acc: 0.8734932099732051, val acc: 0.8743366438890043
2022-07-10 00:24:28,929 - root - INFO - train auc: 0.9430416097931239, val auc: 0.9610938494628196
2022-07-10 00:24:28,931 - root - INFO - train ap: 0.9524983978188422, val ap: 0.9637154109419612
2022-07-10 00:24:28,931 - root - INFO - train time: 500.5741596221924, val time: 173.56805777549744
2022-07-10 00:24:33,527 - root - INFO - start 2 epoch
2022-07-10 00:32:53,998 - root - INFO - train_time [506.84313893318176, 500.5741596221924, 502.53528022766113]
2022-07-10 00:32:53,999 - root - INFO - Mean 50331.75262610118
2022-07-10 00:32:53,999 - root - INFO - Standard deviation 2.6183909872187807
2022-07-10 00:32:53,999 - root - INFO - 95% 296.2988332976328
2022-07-10 00:32:53,999 - root - INFO - --------
2022-07-10 00:35:47,301 - root - INFO - epoch: 2:
2022-07-10 00:35:47,304 - root - INFO - epoch mean loss: 0.5510249653136999
2022-07-10 00:35:47,306 - root - INFO - train acc: 0.8744983818770227, val acc: 0.8836764056329246
2022-07-10 00:35:47,307 - root - INFO - train auc: 0.9438277586386887, val auc: 0.9626618351417975
2022-07-10 00:35:47,309 - root - INFO - train ap: 0.9529723234050976, val ap: 0.9649370397669245
2022-07-10 00:35:47,309 - root - INFO - train time: 502.53528022766113, val time: 173.30188393592834
2022-07-10 00:35:51,937 - root - INFO - start 3 epoch
2022-07-10 00:44:12,492 - root - INFO - train_time [506.84313893318176, 500.5741596221924, 502.53528022766113, 502.6479275226593]
2022-07-10 00:44:12,492 - root - INFO - Mean 50315.012657642365
2022-07-10 00:44:12,493 - root - INFO - Standard deviation 2.2860547860149825
2022-07-10 00:44:12,493 - root - INFO - 95% 224.03336902946828
2022-07-10 00:44:12,493 - root - INFO - --------
2022-07-10 00:47:05,787 - root - INFO - epoch: 3:
2022-07-10 00:47:05,790 - root - INFO - epoch mean loss: 0.5506266020032281
2022-07-10 00:47:05,792 - root - INFO - train acc: 0.8748106535128929, val acc: 0.8865384990126792
2022-07-10 00:47:05,794 - root - INFO - train auc: 0.944085080210182, val auc: 0.962286997327089
2022-07-10 00:47:05,795 - root - INFO - train ap: 0.9531442342310209, val ap: 0.9637537183076763
2022-07-10 00:47:05,795 - root - INFO - train time: 502.6479275226593, val time: 173.29457998275757
2022-07-10 00:47:05,795 - root - INFO - No improvment over 3 epochs, stop training
2022-07-10 00:47:05,796 - root - INFO - Loading the best model at epoch 0
2022-07-10 00:47:07,206 - root - INFO - Loaded the best model at epoch 0 for inference
2022-07-10 00:50:01,338 - root - INFO - Test statistics: t all nodes -- acc: 0.8542013094990647, auc: 0.9423676139722121, ap: 0.9498134419310384, time: 174.13035321235657
2022-07-10 00:50:01,339 - root - INFO - Saving NAT model ...
2022-07-10 00:50:01,409 - root - INFO - NAT model saved
2022-07-10 00:50:01,409 - root - INFO - transductive_auc [0.9423676139722121]
2022-07-10 00:50:01,409 - root - INFO - Mean 94.23676139722122
2022-07-10 00:50:01,409 - root - INFO - Standard deviation 0.0
2022-07-10 00:50:01,409 - root - INFO - 95% 0.0
2022-07-10 00:50:01,409 - root - INFO - --------
2022-07-10 00:50:01,410 - root - INFO - transductive_ap [0.9498134419310384]
2022-07-10 00:50:01,410 - root - INFO - Mean 94.98134419310385
2022-07-10 00:50:01,410 - root - INFO - Standard deviation 0.0
2022-07-10 00:50:01,410 - root - INFO - 95% 0.0
2022-07-10 00:50:01,410 - root - INFO - --------
2022-07-10 00:50:01,410 - root - INFO - test_times [174.13035321235657]
2022-07-10 00:50:01,410 - root - INFO - Mean 17413.035321235657
2022-07-10 00:50:01,410 - root - INFO - Standard deviation 0.0
2022-07-10 00:50:01,410 - root - INFO - 95% 0.0
2022-07-10 00:50:01,410 - root - INFO - --------
2022-07-10 00:50:01,410 - root - INFO - early_stoppers [1]
2022-07-10 00:50:01,411 - root - INFO - Mean 100
2022-07-10 00:50:01,411 - root - INFO - Standard deviation 0.0
2022-07-10 00:50:01,411 - root - INFO - 95% 0.0
2022-07-10 00:50:01,411 - root - INFO - --------
2022-07-10 00:50:01,411 - root - INFO - total_time [2894.2631347179413]
2022-07-10 00:50:01,411 - root - INFO - Mean 289426.3134717941
2022-07-10 00:50:01,411 - root - INFO - Standard deviation 0.0
2022-07-10 00:50:01,411 - root - INFO - 95% 0.0
2022-07-10 00:50:01,411 - root - INFO - --------
2022-07-10 00:50:01,411 - root - INFO - Transductive training...
2022-07-10 00:50:05,458 - root - INFO - num of training instances: 2873633
2022-07-10 00:50:05,458 - root - INFO - num of batches per epoch: 28737
2022-07-10 00:50:07,524 - root - INFO - start 0 epoch
2022-07-10 00:58:31,362 - root - INFO - train_time [505.9017689228058]
2022-07-10 00:58:31,362 - root - INFO - Mean 50590.17689228058
2022-07-10 00:58:31,362 - root - INFO - Standard deviation 0.0
2022-07-10 00:58:31,363 - root - INFO - 95% 0.0
2022-07-10 00:58:31,363 - root - INFO - --------
2022-07-10 01:01:25,651 - root - INFO - epoch: 0:
2022-07-10 01:01:25,654 - root - INFO - epoch mean loss: 0.5739150872157769
2022-07-10 01:01:25,656 - root - INFO - train acc: 0.870164900650729, val acc: 0.8839890030658907
2022-07-10 01:01:25,658 - root - INFO - train auc: 0.9398723329244527, val auc: 0.9626849500980825
2022-07-10 01:01:25,659 - root - INFO - train ap: 0.9494586030206023, val ap: 0.965026997749987
2022-07-10 01:01:25,659 - root - INFO - train time: 505.9017689228058, val time: 174.28860545158386
2022-07-10 01:01:32,759 - root - INFO - start 1 epoch
2022-07-10 01:09:54,455 - root - INFO - train_time [505.9017689228058, 503.7630145549774]
2022-07-10 01:09:54,455 - root - INFO - Mean 50483.23917388916
2022-07-10 01:09:54,455 - root - INFO - Standard deviation 1.0693771839141846
2022-07-10 01:09:54,456 - root - INFO - 95% 148.20811624481115
2022-07-10 01:09:54,456 - root - INFO - --------
2022-07-10 01:12:48,266 - root - INFO - epoch: 1:
2022-07-10 01:12:48,269 - root - INFO - epoch mean loss: 0.5601719805550969
2022-07-10 01:12:48,271 - root - INFO - train acc: 0.8723340336499982, val acc: 0.8868389173248805
2022-07-10 01:12:48,272 - root - INFO - train auc: 0.9422532864860632, val auc: 0.9634714675678133
2022-07-10 01:12:48,274 - root - INFO - train ap: 0.951659510748272, val ap: 0.9656610624954896
2022-07-10 01:12:48,274 - root - INFO - train time: 503.7630145549774, val time: 173.8103632926941
2022-07-10 01:12:55,312 - root - INFO - start 2 epoch
2022-07-10 01:21:18,065 - root - INFO - train_time [505.9017689228058, 503.7630145549774, 504.8204140663147]
2022-07-10 01:21:18,065 - root - INFO - Mean 50482.8399181366
2022-07-10 01:21:18,065 - root - INFO - Standard deviation 0.8731610706786457
2022-07-10 01:21:18,065 - root - INFO - 95% 98.80747672363472
2022-07-10 01:21:18,066 - root - INFO - --------
2022-07-10 01:24:13,451 - root - INFO - epoch: 2:
2022-07-10 01:24:13,454 - root - INFO - epoch mean loss: 0.549671082927007
2022-07-10 01:24:13,456 - root - INFO - train acc: 0.8745802884782685, val acc: 0.8665525618374559
2022-07-10 01:24:13,458 - root - INFO - train auc: 0.9439573918750218, val auc: 0.9532361344769799
2022-07-10 01:24:13,459 - root - INFO - train ap: 0.9531386486068104, val ap: 0.9529750348739889
2022-07-10 01:24:13,460 - root - INFO - train time: 504.8204140663147, val time: 175.38569355010986
2022-07-10 01:24:20,606 - root - INFO - start 3 epoch
2022-07-10 01:32:43,023 - root - INFO - train_time [505.9017689228058, 503.7630145549774, 504.8204140663147, 504.6337139606476]
2022-07-10 01:32:43,024 - root - INFO - Mean 50477.97278761864
2022-07-10 01:32:43,024 - root - INFO - Standard deviation 0.7608642318805408
2022-07-10 01:32:43,024 - root - INFO - 95% 74.56469472429299
2022-07-10 01:32:43,024 - root - INFO - --------
2022-07-10 01:35:38,769 - root - INFO - epoch: 3:
2022-07-10 01:35:38,772 - root - INFO - epoch mean loss: 0.5438375703187507
2022-07-10 01:35:38,774 - root - INFO - train acc: 0.8760029535094129, val acc: 0.886822678497194
2022-07-10 01:35:38,776 - root - INFO - train auc: 0.9451724187784911, val auc: 0.9640021473819762
2022-07-10 01:35:38,778 - root - INFO - train ap: 0.9541104930931416, val ap: 0.9656621599238268
2022-07-10 01:35:38,778 - root - INFO - train time: 504.6337139606476, val time: 175.7451982498169
2022-07-10 01:35:38,778 - root - INFO - No improvment over 3 epochs, stop training
2022-07-10 01:35:38,778 - root - INFO - Loading the best model at epoch 0
2022-07-10 01:35:40,203 - root - INFO - Loaded the best model at epoch 0 for inference
2022-07-10 01:38:36,038 - root - INFO - Test statistics: t all nodes -- acc: 0.8200729772916233, auc: 0.9363415880030789, ap: 0.9443954631263789, time: 175.83289241790771
2022-07-10 01:38:36,038 - root - INFO - Saving NAT model ...
2022-07-10 01:38:36,191 - root - INFO - NAT model saved
2022-07-10 01:38:36,192 - root - INFO - transductive_auc [0.9423676139722121, 0.9363415880030789]
2022-07-10 01:38:36,192 - root - INFO - Mean 93.93546009876455
2022-07-10 01:38:36,192 - root - INFO - Standard deviation 0.003013012984566632
2022-07-10 01:38:36,193 - root - INFO - 95% 0.41758229498527605
2022-07-10 01:38:36,193 - root - INFO - --------
2022-07-10 01:38:36,193 - root - INFO - transductive_ap [0.9498134419310384, 0.9443954631263789]
2022-07-10 01:38:36,193 - root - INFO - Mean 94.71044525287087
2022-07-10 01:38:36,193 - root - INFO - Standard deviation 0.0027089894023297756
2022-07-10 01:38:36,193 - root - INFO - 95% 0.3754467762037758
2022-07-10 01:38:36,193 - root - INFO - --------
2022-07-10 01:38:36,193 - root - INFO - test_times [174.13035321235657, 175.83289241790771]
2022-07-10 01:38:36,193 - root - INFO - Mean 17498.162281513214
2022-07-10 01:38:36,193 - root - INFO - Standard deviation 0.8512696027755737
2022-07-10 01:38:36,194 - root - INFO - 95% 117.97994771315501
2022-07-10 01:38:36,194 - root - INFO - --------
2022-07-10 01:38:36,194 - root - INFO - early_stoppers [1, 1]
2022-07-10 01:38:36,194 - root - INFO - Mean 100
2022-07-10 01:38:36,194 - root - INFO - Standard deviation 0.0
2022-07-10 01:38:36,194 - root - INFO - 95% 0.0
2022-07-10 01:38:36,194 - root - INFO - --------
2022-07-10 01:38:36,194 - root - INFO - total_time [2894.2631347179413, 2912.8606765270233]
2022-07-10 01:38:36,195 - root - INFO - Mean 290356.19056224823
2022-07-10 01:38:36,195 - root - INFO - Standard deviation 9.298770904541016
2022-07-10 01:38:36,195 - root - INFO - 95% 1288.7438968070192
2022-07-10 01:38:36,195 - root - INFO - --------
2022-07-10 01:38:36,195 - root - INFO - Transductive training...
2022-07-10 01:38:40,294 - root - INFO - num of training instances: 2873633
2022-07-10 01:38:40,294 - root - INFO - num of batches per epoch: 28737
2022-07-10 01:38:42,366 - root - INFO - start 0 epoch
2022-07-10 01:47:05,472 - root - INFO - train_time [505.1762762069702]
2022-07-10 01:47:05,472 - root - INFO - Mean 50517.62762069702
2022-07-10 01:47:05,472 - root - INFO - Standard deviation 0.0
2022-07-10 01:47:05,473 - root - INFO - 95% 0.0
2022-07-10 01:47:05,473 - root - INFO - --------
2022-07-10 01:50:00,401 - root - INFO - epoch: 0:
2022-07-10 01:50:00,404 - root - INFO - epoch mean loss: 0.5736270749258752
2022-07-10 01:50:00,405 - root - INFO - train acc: 0.8699770330932247, val acc: 0.8768033218145915
2022-07-10 01:50:00,407 - root - INFO - train auc: 0.9396406723039983, val auc: 0.9575449044182602
2022-07-10 01:50:00,409 - root - INFO - train ap: 0.9493780091595586, val ap: 0.9594342062956608
2022-07-10 01:50:00,409 - root - INFO - train time: 505.1762762069702, val time: 174.92806315422058
2022-07-10 01:50:07,675 - root - INFO - start 1 epoch
2022-07-10 01:58:29,137 - root - INFO - train_time [505.1762762069702, 503.58452820777893]
2022-07-10 01:58:29,137 - root - INFO - Mean 50438.04022073746
2022-07-10 01:58:29,137 - root - INFO - Standard deviation 0.7958739995956421
2022-07-10 01:58:29,137 - root - INFO - 95% 110.30250880849105
2022-07-10 01:58:29,137 - root - INFO - --------
2022-07-10 02:01:23,378 - root - INFO - epoch: 1:
2022-07-10 02:01:23,381 - root - INFO - epoch mean loss: 0.558768400483153
2022-07-10 02:01:23,382 - root - INFO - train acc: 0.8723349471065177, val acc: 0.8794315760756599
2022-07-10 02:01:23,384 - root - INFO - train auc: 0.9420833382268503, val auc: 0.9600796585542897
2022-07-10 02:01:23,386 - root - INFO - train ap: 0.9517223845422572, val ap: 0.9613465695895013
2022-07-10 02:01:23,386 - root - INFO - train time: 503.58452820777893, val time: 174.24030995368958
2022-07-10 02:01:30,882 - root - INFO - start 2 epoch
2022-07-10 02:09:52,444 - root - INFO - train_time [505.1762762069702, 503.58452820777893, 503.6551444530487]
2022-07-10 02:09:52,444 - root - INFO - Mean 50413.86496225993
2022-07-10 02:09:52,444 - root - INFO - Standard deviation 0.7342789478887723
2022-07-10 02:09:52,444 - root - INFO - 95% 83.09148505187615
2022-07-10 02:09:52,445 - root - INFO - --------
2022-07-10 02:12:47,477 - root - INFO - epoch: 2:
2022-07-10 02:12:47,480 - root - INFO - epoch mean loss: 0.552992253150539
2022-07-10 02:12:47,482 - root - INFO - train acc: 0.8740413926297108, val acc: 0.8793406386406153
2022-07-10 02:12:47,483 - root - INFO - train auc: 0.943298075923461, val auc: 0.9560218038739348
2022-07-10 02:12:47,485 - root - INFO - train ap: 0.9525745323913141, val ap: 0.9559709573067581
2022-07-10 02:12:47,485 - root - INFO - train time: 503.6551444530487, val time: 175.032231092453
2022-07-10 02:12:54,724 - root - INFO - start 3 epoch
2022-07-10 02:21:18,511 - root - INFO - train_time [505.1762762069702, 503.58452820777893, 503.6551444530487, 505.85914301872253]
2022-07-10 02:21:18,512 - root - INFO - Mean 50456.87729716301
2022-07-10 02:21:18,512 - root - INFO - Standard deviation 0.9794858172168337
2022-07-10 02:21:18,512 - root - INFO - 95% 95.9896100872497
2022-07-10 02:21:18,512 - root - INFO - --------
2022-07-10 02:24:14,041 - root - INFO - epoch: 3:
2022-07-10 02:24:14,044 - root - INFO - epoch mean loss: 0.5419400875935078
2022-07-10 02:24:14,046 - root - INFO - train acc: 0.8766765406966628, val acc: 0.8849933745583038
2022-07-10 02:24:14,047 - root - INFO - train auc: 0.94555581806556, val auc: 0.9633058568985787
2022-07-10 02:24:14,049 - root - INFO - train ap: 0.9544730100627553, val ap: 0.9646124205412745
2022-07-10 02:24:14,049 - root - INFO - train time: 505.85914301872253, val time: 175.52842330932617
2022-07-10 02:24:18,674 - root - INFO - start 4 epoch
2022-07-10 02:32:41,702 - root - INFO - train_time [505.1762762069702, 503.58452820777893, 503.6551444530487, 505.85914301872253, 505.11588311195374]
2022-07-10 02:32:41,702 - root - INFO - Mean 50467.81949996948
2022-07-10 02:32:41,702 - root - INFO - Standard deviation 0.902998723036935
2022-07-10 02:32:41,702 - root - INFO - 95% 79.1513279095988
2022-07-10 02:32:41,702 - root - INFO - --------
2022-07-10 02:35:36,189 - root - INFO - epoch: 4:
2022-07-10 02:35:36,192 - root - INFO - epoch mean loss: 0.5397867912547604
2022-07-10 02:35:36,194 - root - INFO - train acc: 0.8771618470960783, val acc: 0.875939416181667
2022-07-10 02:35:36,195 - root - INFO - train auc: 0.9457626874760762, val auc: 0.9576043791246622
2022-07-10 02:35:36,197 - root - INFO - train ap: 0.9546656228364673, val ap: 0.9581068946226919
2022-07-10 02:35:36,197 - root - INFO - train time: 505.11588311195374, val time: 174.48646140098572
2022-07-10 02:35:40,789 - root - INFO - start 5 epoch
2022-07-10 02:44:00,470 - root - INFO - train_time [505.1762762069702, 503.58452820777893, 503.6551444530487, 505.85914301872253, 505.11588311195374, 501.747939825058]
2022-07-10 02:44:00,470 - root - INFO - Mean 50418.98191372554
2022-07-10 02:44:00,471 - root - INFO - Standard deviation 1.3682326166406953
2022-07-10 02:44:00,471 - root - INFO - 95% 109.48141083329054
2022-07-10 02:44:00,471 - root - INFO - --------
2022-07-10 02:46:53,918 - root - INFO - epoch: 5:
2022-07-10 02:46:53,921 - root - INFO - epoch mean loss: 0.5367930264310681
2022-07-10 02:46:53,923 - root - INFO - train acc: 0.8783068430942688, val acc: 0.8785636107358138
2022-07-10 02:46:53,924 - root - INFO - train auc: 0.9466315078339772, val auc: 0.9609596761490594
2022-07-10 02:46:53,926 - root - INFO - train ap: 0.9552180720339487, val ap: 0.9621691146220782
2022-07-10 02:46:53,926 - root - INFO - train time: 501.747939825058, val time: 173.4467215538025
2022-07-10 02:46:58,522 - root - INFO - start 6 epoch
2022-07-10 02:55:22,354 - root - INFO - train_time [505.1762762069702, 503.58452820777893, 503.6551444530487, 505.85914301872253, 505.11588311195374, 501.747939825058, 505.89810061454773]
2022-07-10 02:55:22,354 - root - INFO - Mean 50443.38593482971
2022-07-10 02:55:22,355 - root - INFO - Standard deviation 1.4006987640286501
2022-07-10 02:55:22,355 - root - INFO - 95% 103.76521655738986
2022-07-10 02:55:22,355 - root - INFO - --------
2022-07-10 02:58:16,537 - root - INFO - epoch: 6:
2022-07-10 02:58:16,540 - root - INFO - epoch mean loss: 0.5324528461647116
2022-07-10 02:58:16,542 - root - INFO - train acc: 0.8792609919267844, val acc: 0.8793844834753689
2022-07-10 02:58:16,544 - root - INFO - train auc: 0.9472802437297734, val auc: 0.9596212161501637
2022-07-10 02:58:16,545 - root - INFO - train ap: 0.955890560909846, val ap: 0.9608263948204592
2022-07-10 02:58:16,545 - root - INFO - train time: 505.89810061454773, val time: 174.1819932460785
2022-07-10 02:58:16,545 - root - INFO - No improvment over 3 epochs, stop training
2022-07-10 02:58:16,545 - root - INFO - Loading the best model at epoch 3
2022-07-10 02:58:17,959 - root - INFO - Loaded the best model at epoch 3 for inference
2022-07-10 03:01:12,157 - root - INFO - Test statistics: t all nodes -- acc: 0.8379218847432967, auc: 0.9422385660384406, ap: 0.9473609995884077, time: 174.19616651535034
2022-07-10 03:01:12,157 - root - INFO - Saving NAT model ...
2022-07-10 03:01:12,290 - root - INFO - NAT model saved
2022-07-10 03:01:12,295 - root - INFO - transductive_auc [0.9423676139722121, 0.9363415880030789, 0.9422385660384406]
2022-07-10 03:01:12,295 - root - INFO - Mean 94.03159226712438
2022-07-10 03:01:12,295 - root - INFO - Standard deviation 0.002810772774313887
2022-07-10 03:01:12,295 - root - INFO - 95% 0.3180688819046748
2022-07-10 03:01:12,296 - root - INFO - --------
2022-07-10 03:01:12,296 - root - INFO - transductive_ap [0.9498134419310384, 0.9443954631263789, 0.9473609995884077]
2022-07-10 03:01:12,296 - root - INFO - Mean 94.7189968215275
2022-07-10 03:01:12,296 - root - INFO - Standard deviation 0.0022151843233888797
2022-07-10 03:01:12,296 - root - INFO - 95% 0.25067170402098893
2022-07-10 03:01:12,296 - root - INFO - --------
2022-07-10 03:01:12,296 - root - INFO - test_times [174.13035321235657, 175.83289241790771, 174.19616651535034]
2022-07-10 03:01:12,296 - root - INFO - Mean 17471.98040485382
2022-07-10 03:01:12,297 - root - INFO - Standard deviation 0.7875307978028492
2022-07-10 03:01:12,297 - root - INFO - 95% 89.11749914889276
2022-07-10 03:01:12,297 - root - INFO - --------
2022-07-10 03:01:12,297 - root - INFO - early_stoppers [1, 1, 4]
2022-07-10 03:01:12,297 - root - INFO - Mean 200
2022-07-10 03:01:12,297 - root - INFO - Standard deviation 1.4142135623730951
2022-07-10 03:01:12,297 - root - INFO - 95% 160.03332986183432
2022-07-10 03:01:12,297 - root - INFO - --------
2022-07-10 03:01:12,297 - root - INFO - total_time [2894.2631347179413, 2912.8606765270233, 4954.109912872314]
2022-07-10 03:01:12,298 - root - INFO - Mean 358707.7908039093
2022-07-10 03:01:12,298 - root - INFO - Standard deviation 966.6674174085892
2022-07-10 03:01:12,298 - root - INFO - 95% 109388.71595690712
2022-07-10 03:01:12,298 - root - INFO - --------
