2022-04-24 22:48:01,060 - root - INFO - Create log file at log/1650865681.059783-reddit-t-2-32k16-16.log
2022-04-24 22:48:01,060 - root - INFO - Command line executed: python main.py -d reddit --pos_dim 16 --bs 100 --n_degree 32 16 --n_hop 2 --mode t --bias 1e-5 --seed 2 --verbosity 1 --drop_out 0.1 --attn_n_head 2 --ngh_dim 4 --self_dim 172 --run 3 --replace_prob 1
2022-04-24 22:48:01,060 - root - INFO - Full args parsed:
2022-04-24 22:48:01,060 - root - INFO - Namespace(attn_n_head=2, bias=1e-05, bs=100, cpu_cores=1, data='reddit', drop_out=0.1, gpu=0, linear_out=False, lr=0.0001, mode='t', n_degree=['32', '16'], n_epoch=50, n_hop=2, ngh_dim=4, pos_dim=16, replace_prob=1.0, run=3, seed=2, self_dim=172, t_batch=False, t_batch_order=False, time_dim=1, tolerance=0.001, verbosity=1)
2022-04-24 22:48:01,060 - root - INFO - Create checkpoint directory ./saved_checkpoints/1650865681.059783-reddit-t-2-32k16-16/
2022-04-24 22:48:01,060 - root - INFO - Create best model directory ./best_models/1650865681.059783-reddit-t-2-32k16-16/
2022-04-24 22:48:02,012 - root - INFO - Transductive training...
2022-04-24 22:48:06,687 - root - INFO - num of training instances: 470713
2022-04-24 22:48:06,687 - root - INFO - num of batches per epoch: 4708
2022-04-24 22:48:06,738 - root - INFO - start 0 epoch
2022-04-24 22:50:46,763 - root - INFO - train_time [160.07446718215942]
2022-04-24 22:50:46,763 - root - INFO - Mean 16007.446718215942
2022-04-24 22:50:46,763 - root - INFO - Standard deviation 0.0
2022-04-24 22:50:46,764 - root - INFO - 95% 0.0
2022-04-24 22:50:46,764 - root - INFO - --------
2022-04-24 22:51:47,294 - root - INFO - epoch: 0:
2022-04-24 22:51:47,296 - root - INFO - epoch mean loss: 0.35113046198494624
2022-04-24 22:51:47,296 - root - INFO - train acc: 0.9318178278108183, val acc: 0.9514648747224865
2022-04-24 22:51:47,296 - root - INFO - train auc: 0.9771082943925233, val auc: 0.9880862781973517
2022-04-24 22:51:47,297 - root - INFO - train ap: 0.9797168363662103, val ap: 0.9896165153485144
2022-04-24 22:51:47,297 - root - INFO - train time: 160.07446718215942, val time: 60.53032898902893
2022-04-24 22:51:49,418 - root - INFO - start 1 epoch
2022-04-24 22:53:43,773 - root - INFO - train_time [160.07446718215942, 114.4030818939209]
2022-04-24 22:53:43,773 - root - INFO - Mean 13723.877453804016
2022-04-24 22:53:43,773 - root - INFO - Standard deviation 22.835692644119263
2022-04-24 22:53:43,773 - root - INFO - 95% 3164.8655318627043
2022-04-24 22:53:43,773 - root - INFO - --------
2022-04-24 22:54:34,484 - root - INFO - epoch: 1:
2022-04-24 22:54:34,485 - root - INFO - epoch mean loss: 0.3156287083948251
2022-04-24 22:54:34,485 - root - INFO - train acc: 0.9379120645709432, val acc: 0.9126427212178877
2022-04-24 22:54:34,485 - root - INFO - train auc: 0.9814313402718776, val auc: 0.9827898281398668
2022-04-24 22:54:34,486 - root - INFO - train ap: 0.9838332380373661, val ap: 0.9842699209468798
2022-04-24 22:54:34,486 - root - INFO - train time: 114.4030818939209, val time: 50.71042609214783
2022-04-24 22:54:36,635 - root - INFO - start 2 epoch
2022-04-24 22:56:20,023 - root - INFO - train_time [160.07446718215942, 114.4030818939209, 103.43637704849243]
2022-04-24 22:56:20,023 - root - INFO - Mean 12597.130870819092
2022-04-24 22:56:20,023 - root - INFO - Standard deviation 24.526668712745362
2022-04-24 22:56:20,023 - root - INFO - 95% 2775.453841591148
2022-04-24 22:56:20,023 - root - INFO - --------
2022-04-24 22:57:04,909 - root - INFO - epoch: 2:
2022-04-24 22:57:04,909 - root - INFO - epoch mean loss: 0.3544375474328142
2022-04-24 22:57:04,910 - root - INFO - train acc: 0.9248169781931466, val acc: 0.9355772280367903
2022-04-24 22:57:04,910 - root - INFO - train auc: 0.9782300870858115, val auc: 0.984862506937837
2022-04-24 22:57:04,910 - root - INFO - train ap: 0.9807939253255458, val ap: 0.9863344714318071
2022-04-24 22:57:04,911 - root - INFO - train time: 103.43637704849243, val time: 44.8854022026062
2022-04-24 22:57:07,022 - root - INFO - start 3 epoch
2022-04-24 22:58:41,076 - root - INFO - train_time [160.07446718215942, 114.4030818939209, 103.43637704849243, 94.10215783119202]
2022-04-24 22:58:41,076 - root - INFO - Mean 11800.40209889412
2022-04-24 22:58:41,077 - root - INFO - Standard deviation 25.329846612494404
2022-04-24 22:58:41,077 - root - INFO - 95% 2482.3249680244517
2022-04-24 22:58:41,077 - root - INFO - --------
2022-04-24 22:59:20,358 - root - INFO - epoch: 3:
2022-04-24 22:59:20,359 - root - INFO - epoch mean loss: 0.3454899361377666
2022-04-24 22:59:20,359 - root - INFO - train acc: 0.9273403426791277, val acc: 0.9395466619092927
2022-04-24 22:59:20,360 - root - INFO - train auc: 0.9796906542056075, val auc: 0.9866194212357279
2022-04-24 22:59:20,360 - root - INFO - train ap: 0.9819355902666264, val ap: 0.9878663412800055
2022-04-24 22:59:20,360 - root - INFO - train time: 94.10215783119202, val time: 39.28109812736511
2022-04-24 22:59:20,360 - root - INFO - No improvment over 3 epochs, stop training
2022-04-24 22:59:20,360 - root - INFO - Loading the best model at epoch 0
2022-04-24 22:59:21,744 - root - INFO - Loaded the best model at epoch 0 for inference
2022-04-24 23:00:01,044 - root - INFO - Test statistics: t all nodes -- acc: 0.9532092451633365, auc: 0.9883174878092293, ap: 0.989551027697914, time: 39.299827098846436
2022-04-24 23:00:01,044 - root - INFO - Saving NAT model ...
2022-04-24 23:00:03,070 - root - INFO - NAT model saved
2022-04-24 23:00:03,074 - root - INFO - transductive_auc [0.9883174878092293]
2022-04-24 23:00:03,075 - root - INFO - Mean 98.83174878092294
2022-04-24 23:00:03,075 - root - INFO - Standard deviation 0.0
2022-04-24 23:00:03,075 - root - INFO - 95% 0.0
2022-04-24 23:00:03,075 - root - INFO - --------
2022-04-24 23:00:03,075 - root - INFO - transductive_ap [0.989551027697914]
2022-04-24 23:00:03,075 - root - INFO - Mean 98.95510276979141
2022-04-24 23:00:03,075 - root - INFO - Standard deviation 0.0
2022-04-24 23:00:03,075 - root - INFO - 95% 0.0
2022-04-24 23:00:03,075 - root - INFO - --------
2022-04-24 23:00:03,076 - root - INFO - test_times [39.299827098846436]
2022-04-24 23:00:03,076 - root - INFO - Mean 3929.9827098846436
2022-04-24 23:00:03,076 - root - INFO - Standard deviation 0.0
2022-04-24 23:00:03,076 - root - INFO - 95% 0.0
2022-04-24 23:00:03,076 - root - INFO - --------
2022-04-24 23:00:03,076 - root - INFO - early_stoppers [1]
2022-04-24 23:00:03,076 - root - INFO - Mean 100
2022-04-24 23:00:03,076 - root - INFO - Standard deviation 0.0
2022-04-24 23:00:03,076 - root - INFO - 95% 0.0
2022-04-24 23:00:03,076 - root - INFO - --------
2022-04-24 23:00:03,076 - root - INFO - total_time [720.7268879413605]
2022-04-24 23:00:03,076 - root - INFO - Mean 72072.68879413605
2022-04-24 23:00:03,076 - root - INFO - Standard deviation 0.0
2022-04-24 23:00:03,077 - root - INFO - 95% 0.0
2022-04-24 23:00:03,077 - root - INFO - --------
2022-04-24 23:00:03,077 - root - INFO - Transductive training...
2022-04-24 23:00:04,381 - root - INFO - num of training instances: 470713
2022-04-24 23:00:04,381 - root - INFO - num of batches per epoch: 4708
2022-04-24 23:00:04,416 - root - INFO - start 0 epoch
2022-04-24 23:01:51,094 - root - INFO - train_time [106.71236109733582]
2022-04-24 23:01:51,094 - root - INFO - Mean 10671.236109733582
2022-04-24 23:01:51,094 - root - INFO - Standard deviation 0.0
2022-04-24 23:01:51,095 - root - INFO - 95% 0.0
2022-04-24 23:01:51,095 - root - INFO - --------
2022-04-24 23:02:34,979 - root - INFO - epoch: 0:
2022-04-24 23:02:34,980 - root - INFO - epoch mean loss: 0.3527981324731424
2022-04-24 23:02:34,981 - root - INFO - train acc: 0.9308251911639763, val acc: 0.9509247145575642
2022-04-24 23:02:34,981 - root - INFO - train auc: 0.976998608751062, val auc: 0.988060725895972
2022-04-24 23:02:34,981 - root - INFO - train ap: 0.979289205728533, val ap: 0.9894177332987295
2022-04-24 23:02:34,981 - root - INFO - train time: 106.71236109733582, val time: 43.88459825515747
2022-04-24 23:02:40,135 - root - INFO - start 1 epoch
2022-04-24 23:04:20,178 - root - INFO - train_time [106.71236109733582, 100.09056353569031]
2022-04-24 23:04:20,178 - root - INFO - Mean 10340.146231651306
2022-04-24 23:04:20,178 - root - INFO - Standard deviation 3.310898780822754
2022-04-24 23:04:20,178 - root - INFO - 95% 458.8671600294402
2022-04-24 23:04:20,178 - root - INFO - --------
2022-04-24 23:05:06,064 - root - INFO - epoch: 1:
2022-04-24 23:05:06,065 - root - INFO - epoch mean loss: 0.3858441930191438
2022-04-24 23:05:06,065 - root - INFO - train acc: 0.917702492211838, val acc: 0.922365604186489
2022-04-24 23:05:06,065 - root - INFO - train auc: 0.9744016886151232, val auc: 0.9807679442197906
2022-04-24 23:05:06,066 - root - INFO - train ap: 0.9776091773513584, val ap: 0.982682350379295
2022-04-24 23:05:06,066 - root - INFO - train time: 100.09056353569031, val time: 45.88583827018738
2022-04-24 23:05:11,135 - root - INFO - start 2 epoch
2022-04-24 23:07:06,423 - root - INFO - train_time [106.71236109733582, 100.09056353569031, 115.32448863983154]
2022-04-24 23:07:06,424 - root - INFO - Mean 10737.580442428589
2022-04-24 23:07:06,424 - root - INFO - Standard deviation 6.236892191131845
2022-04-24 23:07:06,424 - root - INFO - 95% 705.7707915495026
2022-04-24 23:07:06,424 - root - INFO - --------
2022-04-24 23:07:57,532 - root - INFO - epoch: 2:
2022-04-24 23:07:57,533 - root - INFO - epoch mean loss: 0.3012841176732223
2022-04-24 23:07:57,533 - root - INFO - train acc: 0.9403738317757009, val acc: 0.9541954091341579
2022-04-24 23:07:57,534 - root - INFO - train auc: 0.9827681287170772, val auc: 0.9899519059229306
2022-04-24 23:07:57,534 - root - INFO - train ap: 0.9848970516273298, val ap: 0.9909941827237735
2022-04-24 23:07:57,534 - root - INFO - train time: 115.32448863983154, val time: 51.10795569419861
2022-04-24 23:08:02,504 - root - INFO - start 3 epoch
2022-04-24 23:10:00,902 - root - INFO - train_time [106.71236109733582, 100.09056353569031, 115.32448863983154, 118.43409514427185]
2022-04-24 23:10:00,902 - root - INFO - Mean 11014.037710428238
2022-04-24 23:10:00,903 - root - INFO - Standard deviation 7.218220311254012
2022-04-24 23:10:00,903 - root - INFO - 95% 707.3855905028933
2022-04-24 23:10:00,903 - root - INFO - --------
2022-04-24 23:10:45,443 - root - INFO - epoch: 3:
2022-04-24 23:10:45,444 - root - INFO - epoch mean loss: 0.2906943913960644
2022-04-24 23:10:45,444 - root - INFO - train acc: 0.9426391248937978, val acc: 0.957594949254678
2022-04-24 23:10:45,445 - root - INFO - train auc: 0.9844244902293968, val auc: 0.9908442232595941
2022-04-24 23:10:45,445 - root - INFO - train ap: 0.9861484155142364, val ap: 0.991472519626662
2022-04-24 23:10:45,445 - root - INFO - train time: 118.43409514427185, val time: 44.54036474227905
2022-04-24 23:10:47,554 - root - INFO - start 4 epoch
2022-04-24 23:12:38,750 - root - INFO - train_time [106.71236109733582, 100.09056353569031, 115.32448863983154, 118.43409514427185, 111.24405980110168]
2022-04-24 23:12:38,751 - root - INFO - Mean 11036.111364364624
2022-04-24 23:12:38,751 - root - INFO - Standard deviation 6.471248878592239
2022-04-24 23:12:38,752 - root - INFO - 95% 567.2299737605799
2022-04-24 23:12:38,752 - root - INFO - --------
2022-04-24 23:13:17,259 - root - INFO - epoch: 4:
2022-04-24 23:13:17,260 - root - INFO - epoch mean loss: 0.32985194153551994
2022-04-24 23:13:17,260 - root - INFO - train acc: 0.931384168790711, val acc: 0.944997819536949
2022-04-24 23:13:17,261 - root - INFO - train auc: 0.9811875743415462, val auc: 0.9879848433039962
2022-04-24 23:13:17,261 - root - INFO - train ap: 0.98334833306577, val ap: 0.9889655204684226
2022-04-24 23:13:17,261 - root - INFO - train time: 111.24405980110168, val time: 38.50745487213135
2022-04-24 23:13:19,344 - root - INFO - start 5 epoch
2022-04-24 23:15:12,841 - root - INFO - train_time [106.71236109733582, 100.09056353569031, 115.32448863983154, 118.43409514427185, 111.24405980110168, 113.53196668624878]
2022-04-24 23:15:12,841 - root - INFO - Mean 11088.958915074665
2022-04-24 23:15:12,841 - root - INFO - Standard deviation 6.02444881422854
2022-04-24 23:15:12,841 - root - INFO - 95% 482.05630216158625
2022-04-24 23:15:12,841 - root - INFO - --------
2022-04-24 23:15:51,297 - root - INFO - epoch: 5:
2022-04-24 23:15:51,298 - root - INFO - epoch mean loss: 0.2839818604024619
2022-04-24 23:15:51,298 - root - INFO - train acc: 0.9447206881903143, val acc: 0.9585414684427529
2022-04-24 23:15:51,299 - root - INFO - train auc: 0.984946686491079, val auc: 0.9913018417479385
2022-04-24 23:15:51,299 - root - INFO - train ap: 0.9867465862947106, val ap: 0.9918783243715754
2022-04-24 23:15:51,299 - root - INFO - train time: 113.53196668624878, val time: 38.45555138587952
2022-04-24 23:15:51,299 - root - INFO - No improvment over 3 epochs, stop training
2022-04-24 23:15:51,299 - root - INFO - Loading the best model at epoch 2
2022-04-24 23:15:52,495 - root - INFO - Loaded the best model at epoch 2 for inference
2022-04-24 23:16:32,038 - root - INFO - Test statistics: t all nodes -- acc: 0.9542449651125912, auc: 0.9893615703298446, ap: 0.9904285036509102, time: 39.54241061210632
2022-04-24 23:16:32,039 - root - INFO - Saving NAT model ...
2022-04-24 23:16:37,085 - root - INFO - NAT model saved
2022-04-24 23:16:37,101 - root - INFO - transductive_auc [0.9883174878092293, 0.9893615703298446]
2022-04-24 23:16:37,101 - root - INFO - Mean 98.8839529069537
2022-04-24 23:16:37,102 - root - INFO - Standard deviation 0.0005220412603076374
2022-04-24 23:16:37,102 - root - INFO - 95% 0.0723512273836496
2022-04-24 23:16:37,102 - root - INFO - --------
2022-04-24 23:16:37,102 - root - INFO - transductive_ap [0.989551027697914, 0.9904285036509102]
2022-04-24 23:16:37,102 - root - INFO - Mean 98.9989765674412
2022-04-24 23:16:37,102 - root - INFO - Standard deviation 0.00043873797649807145
2022-04-24 23:16:37,102 - root - INFO - 95% 0.06080598127578668
2022-04-24 23:16:37,102 - root - INFO - --------
2022-04-24 23:16:37,102 - root - INFO - test_times [39.299827098846436, 39.54241061210632]
2022-04-24 23:16:37,103 - root - INFO - Mean 3942.111885547638
2022-04-24 23:16:37,103 - root - INFO - Standard deviation 0.12129175662994385
2022-04-24 23:16:37,103 - root - INFO - 95% 16.810179828552087
2022-04-24 23:16:37,103 - root - INFO - --------
2022-04-24 23:16:37,103 - root - INFO - early_stoppers [1, 3]
2022-04-24 23:16:37,103 - root - INFO - Mean 200
2022-04-24 23:16:37,103 - root - INFO - Standard deviation 1.0
2022-04-24 23:16:37,103 - root - INFO - 95% 138.5929291125633
2022-04-24 23:16:37,103 - root - INFO - --------
2022-04-24 23:16:37,103 - root - INFO - total_time [720.7268879413605, 993.7093870639801]
2022-04-24 23:16:37,103 - root - INFO - Mean 85721.81375026703
2022-04-24 23:16:37,103 - root - INFO - Standard deviation 136.49124956130981
2022-04-24 23:16:37,104 - root - INFO - 95% 18916.7220749358
2022-04-24 23:16:37,104 - root - INFO - --------
2022-04-24 23:16:37,104 - root - INFO - Transductive training...
2022-04-24 23:16:38,803 - root - INFO - num of training instances: 470713
2022-04-24 23:16:38,803 - root - INFO - num of batches per epoch: 4708
2022-04-24 23:16:38,838 - root - INFO - start 0 epoch
2022-04-24 23:18:11,755 - root - INFO - train_time [92.95121431350708]
2022-04-24 23:18:11,755 - root - INFO - Mean 9295.121431350708
2022-04-24 23:18:11,755 - root - INFO - Standard deviation 0.0
2022-04-24 23:18:11,755 - root - INFO - 95% 0.0
2022-04-24 23:18:11,755 - root - INFO - --------
2022-04-24 23:18:51,006 - root - INFO - epoch: 0:
2022-04-24 23:18:51,007 - root - INFO - epoch mean loss: 0.41587717729694224
2022-04-24 23:18:51,008 - root - INFO - train acc: 0.9102570093457943, val acc: 0.9212208610846813
2022-04-24 23:18:51,008 - root - INFO - train auc: 0.9704793224299064, val auc: 0.9771683218363464
2022-04-24 23:18:51,008 - root - INFO - train ap: 0.9738341658780361, val ap: 0.9801360813490961
2022-04-24 23:18:51,008 - root - INFO - train time: 92.95121431350708, val time: 39.25125980377197
2022-04-24 23:18:56,497 - root - INFO - start 1 epoch
2022-04-24 23:20:46,965 - root - INFO - train_time [92.95121431350708, 110.51580595970154]
2022-04-24 23:20:46,965 - root - INFO - Mean 10173.35101366043
2022-04-24 23:20:46,965 - root - INFO - Standard deviation 8.782295823097229
2022-04-24 23:20:46,965 - root - INFO - 95% 1217.1641024560752
2022-04-24 23:20:46,965 - root - INFO - --------
2022-04-24 23:21:30,567 - root - INFO - epoch: 1:
2022-04-24 23:21:30,567 - root - INFO - epoch mean loss: 0.29976974506589477
2022-04-24 23:21:30,568 - root - INFO - train acc: 0.9400870858113849, val acc: 0.9575255708848716
2022-04-24 23:21:30,568 - root - INFO - train auc: 0.9832401231945627, val auc: 0.9908578511536632
2022-04-24 23:21:30,568 - root - INFO - train ap: 0.9852716972731249, val ap: 0.991780632909224
2022-04-24 23:21:30,569 - root - INFO - train time: 110.51580595970154, val time: 43.601418256759644
2022-04-24 23:21:35,568 - root - INFO - start 2 epoch
2022-04-24 23:23:36,752 - root - INFO - train_time [92.95121431350708, 110.51580595970154, 121.21963357925415]
2022-04-24 23:23:36,753 - root - INFO - Mean 10822.88846174876
2022-04-24 23:23:36,753 - root - INFO - Standard deviation 11.653279620350666
2022-04-24 23:23:36,753 - root - INFO - 95% 1318.6927286472817
2022-04-24 23:23:36,753 - root - INFO - --------
2022-04-24 23:24:17,692 - root - INFO - epoch: 2:
2022-04-24 23:24:17,693 - root - INFO - epoch mean loss: 0.30003316254974577
2022-04-24 23:24:17,693 - root - INFO - train acc: 0.9407812942509205, val acc: 0.9573422137646685
2022-04-24 23:24:17,693 - root - INFO - train auc: 0.9833733432455395, val auc: 0.990287957401681
2022-04-24 23:24:17,694 - root - INFO - train ap: 0.9853644532485055, val ap: 0.9911769368459068
2022-04-24 23:24:17,694 - root - INFO - train time: 121.21963357925415, val time: 40.93880867958069
2022-04-24 23:24:23,243 - root - INFO - start 3 epoch
2022-04-24 23:26:13,874 - root - INFO - train_time [92.95121431350708, 110.51580595970154, 121.21963357925415, 110.66758179664612]
2022-04-24 23:26:13,874 - root - INFO - Mean 10883.855891227722
2022-04-24 23:26:13,875 - root - INFO - Standard deviation 10.147132731453839
2022-04-24 23:26:13,875 - root - INFO - 95% 994.4190076824763
2022-04-24 23:26:13,875 - root - INFO - --------
2022-04-24 23:26:55,897 - root - INFO - epoch: 3:
2022-04-24 23:26:55,898 - root - INFO - epoch mean loss: 0.3451901238372893
2022-04-24 23:26:55,898 - root - INFO - train acc: 0.9269158878504673, val acc: 0.928976371709483
2022-04-24 23:26:55,899 - root - INFO - train auc: 0.9794691482582837, val auc: 0.9792318637507929
2022-04-24 23:26:55,899 - root - INFO - train ap: 0.9817782583546129, val ap: 0.9823003372344994
2022-04-24 23:26:55,899 - root - INFO - train time: 110.66758179664612, val time: 42.022265672683716
2022-04-24 23:27:00,886 - root - INFO - start 4 epoch
2022-04-24 23:28:59,326 - root - INFO - train_time [92.95121431350708, 110.51580595970154, 121.21963357925415, 110.66758179664612, 118.48782014846802]
2022-04-24 23:28:59,327 - root - INFO - Mean 11076.841115951538
2022-04-24 23:28:59,327 - root - INFO - Standard deviation 9.862492632213936
2022-04-24 23:28:59,327 - root - INFO - 95% 864.4855949662708
2022-04-24 23:28:59,327 - root - INFO - --------
2022-04-24 23:29:47,261 - root - INFO - epoch: 4:
2022-04-24 23:29:47,261 - root - INFO - epoch mean loss: 0.28248050772745603
2022-04-24 23:29:47,262 - root - INFO - train acc: 0.9447939677145285, val acc: 0.9597853235014272
2022-04-24 23:29:47,262 - root - INFO - train auc: 0.9852022621070519, val auc: 0.9917366954586901
2022-04-24 23:29:47,262 - root - INFO - train ap: 0.9868589024263885, val ap: 0.9923260847712649
2022-04-24 23:29:47,263 - root - INFO - train time: 118.48782014846802, val time: 47.93305420875549
2022-04-24 23:29:47,263 - root - INFO - No improvment over 3 epochs, stop training
2022-04-24 23:29:47,263 - root - INFO - Loading the best model at epoch 1
2022-04-24 23:29:48,668 - root - INFO - Loaded the best model at epoch 1 for inference
2022-04-24 23:30:37,698 - root - INFO - Test statistics: t all nodes -- acc: 0.9559843799555978, auc: 0.9904527310299714, ap: 0.9911122368530972, time: 49.028642654418945
2022-04-24 23:30:37,698 - root - INFO - Saving NAT model ...
2022-04-24 23:30:42,384 - root - INFO - NAT model saved
2022-04-24 23:30:42,384 - root - INFO - transductive_auc [0.9883174878092293, 0.9893615703298446, 0.9904527310299714]
2022-04-24 23:30:42,385 - root - INFO - Mean 98.93772630563484
2022-04-24 23:30:42,385 - root - INFO - Standard deviation 0.0008717800178103486
2022-04-24 23:30:42,385 - root - INFO - 95% 0.09865119587956053
2022-04-24 23:30:42,385 - root - INFO - --------
2022-04-24 23:30:42,385 - root - INFO - transductive_ap [0.989551027697914, 0.9904285036509102, 0.9911122368530972]
2022-04-24 23:30:42,386 - root - INFO - Mean 99.03639227339738
2022-04-24 23:30:42,386 - root - INFO - Standard deviation 0.0006389947979346007
2022-04-24 23:30:42,386 - root - INFO - 95% 0.0723090684452692
2022-04-24 23:30:42,386 - root - INFO - --------
2022-04-24 23:30:42,386 - root - INFO - test_times [39.299827098846436, 39.54241061210632, 49.028642654418945]
2022-04-24 23:30:42,386 - root - INFO - Mean 4262.362678845724
2022-04-24 23:30:42,387 - root - INFO - Standard deviation 4.5301127927563645
2022-04-24 23:30:42,387 - root - INFO - 95% 512.6305207100219
2022-04-24 23:30:42,387 - root - INFO - --------
2022-04-24 23:30:42,387 - root - INFO - early_stoppers [1, 3, 2]
2022-04-24 23:30:42,387 - root - INFO - Mean 200
2022-04-24 23:30:42,387 - root - INFO - Standard deviation 0.816496580927726
2022-04-24 23:30:42,387 - root - INFO - 95% 92.39528607504221
2022-04-24 23:30:42,387 - root - INFO - --------
2022-04-24 23:30:42,388 - root - INFO - total_time [720.7268879413605, 993.7093870639801, 844.9687807559967]
2022-04-24 23:30:42,388 - root - INFO - Mean 85313.50185871124
2022-04-24 23:30:42,388 - root - INFO - Standard deviation 111.59413600795672
2022-04-24 23:30:42,388 - root - INFO - 95% 12628.065274978795
2022-04-24 23:30:42,388 - root - INFO - --------
