2022-06-07 09:26:15,812 - root - INFO - Create log file at log/1654619175.8122575-reddit-t-2-32k16-16.log
2022-06-07 09:26:15,812 - root - INFO - Command line executed: python main.py -d reddit --pos_dim 16 --bs 100 --n_degree 32 16 --n_hop 2 --mode t --bias 1e-5 --seed 2 --verbosity 1 --drop_out 0.1 --attn_n_head 2 --ngh_dim 4 --self_dim 172 --run 5
2022-06-07 09:26:15,812 - root - INFO - Full args parsed:
2022-06-07 09:26:15,812 - root - INFO - Namespace(attn_n_head=2, bias=1e-05, bs=100, cpu_cores=1, data='reddit', drop_out=0.1, gpu=0, linear_out=False, lr=0.0001, mode='t', n_degree=['32', '16'], n_epoch=50, n_hop=2, ngh_dim=4, pos_dim=16, replace_prob=0.9, run=5, seed=2, self_dim=172, t_batch=False, t_batch_order=False, time_dim=1, tolerance=0.001, verbosity=1)
2022-06-07 09:26:15,813 - root - INFO - Create checkpoint directory ./saved_checkpoints/1654619175.8122575-reddit-t-2-32k16-16/
2022-06-07 09:26:15,813 - root - INFO - Create best model directory ./best_models/1654619175.8122575-reddit-t-2-32k16-16/
2022-06-07 09:26:16,766 - root - INFO - Transductive training...
2022-06-07 09:26:20,386 - root - INFO - num of training instances: 470713
2022-06-07 09:26:20,386 - root - INFO - num of batches per epoch: 4708
2022-06-07 09:26:20,421 - root - INFO - start 0 epoch
2022-06-07 09:27:50,122 - root - INFO - train_time [89.73622918128967]
2022-06-07 09:27:50,122 - root - INFO - Mean 8973.622918128967
2022-06-07 09:27:50,123 - root - INFO - Standard deviation 0.0
2022-06-07 09:27:50,123 - root - INFO - 95% 0.0
2022-06-07 09:27:50,123 - root - INFO - --------
2022-06-07 09:28:19,116 - root - INFO - epoch: 0:
2022-06-07 09:28:19,116 - root - INFO - epoch mean loss: 0.41543003014378255
2022-06-07 09:28:19,117 - root - INFO - train acc: 0.9177194845652789, val acc: 0.9395615287028227
2022-06-07 09:28:19,117 - root - INFO - train auc: 0.9724722812234493, val auc: 0.9860156126110053
2022-06-07 09:28:19,117 - root - INFO - train ap: 0.9752711557070901, val ap: 0.9875163030208469
2022-06-07 09:28:19,117 - root - INFO - train time: 89.73622918128967, val time: 28.992716073989868
2022-06-07 09:28:21,184 - root - INFO - start 1 epoch
2022-06-07 09:29:51,700 - root - INFO - train_time [89.73622918128967, 90.56356930732727]
2022-06-07 09:29:51,700 - root - INFO - Mean 9014.989924430847
2022-06-07 09:29:51,701 - root - INFO - Standard deviation 0.41367006301879883
2022-06-07 09:29:51,701 - root - INFO - 95% 57.33174571995398
2022-06-07 09:29:51,701 - root - INFO - --------
2022-06-07 09:30:20,485 - root - INFO - epoch: 1:
2022-06-07 09:30:20,486 - root - INFO - epoch mean loss: 0.35035998671898777
2022-06-07 09:30:20,486 - root - INFO - train acc: 0.9310255593316341, val acc: 0.9419947272438947
2022-06-07 09:30:20,487 - root - INFO - train auc: 0.9793890540923251, val auc: 0.9885692941246432
2022-06-07 09:30:20,487 - root - INFO - train ap: 0.9817442343410508, val ap: 0.9897249071908073
2022-06-07 09:30:20,487 - root - INFO - train time: 90.56356930732727, val time: 28.784446477890015
2022-06-07 09:30:22,538 - root - INFO - start 2 epoch
2022-06-07 09:31:44,807 - root - INFO - train_time [89.73622918128967, 90.56356930732727, 82.31698441505432]
2022-06-07 09:31:44,807 - root - INFO - Mean 8753.892763455708
2022-06-07 09:31:44,807 - root - INFO - Standard deviation 3.707887193701301
2022-06-07 09:31:44,807 - root - INFO - 95% 419.58693520400965
2022-06-07 09:31:44,807 - root - INFO - --------
2022-06-07 09:32:13,209 - root - INFO - epoch: 2:
2022-06-07 09:32:13,210 - root - INFO - epoch mean loss: 0.3579806813680604
2022-06-07 09:32:13,210 - root - INFO - train acc: 0.9248056499575192, val acc: 0.9385902315255312
2022-06-07 09:32:13,210 - root - INFO - train auc: 0.9783192438402718, val auc: 0.9861221579646369
2022-06-07 09:32:13,211 - root - INFO - train ap: 0.9807663382042242, val ap: 0.9873791180991482
2022-06-07 09:32:13,211 - root - INFO - train time: 82.31698441505432, val time: 28.401298761367798
2022-06-07 09:32:15,260 - root - INFO - start 3 epoch
2022-06-07 09:33:38,240 - root - INFO - train_time [89.73622918128967, 90.56356930732727, 82.31698441505432, 83.0276563167572]
2022-06-07 09:33:38,240 - root - INFO - Mean 8641.110980510712
2022-06-07 09:33:38,240 - root - INFO - Standard deviation 3.7586220547145093
2022-06-07 09:33:38,240 - root - INFO - 95% 368.34496136202193
2022-06-07 09:33:38,240 - root - INFO - --------
2022-06-07 09:34:06,880 - root - INFO - epoch: 3:
2022-06-07 09:34:06,881 - root - INFO - epoch mean loss: 0.34239611311316387
2022-06-07 09:34:06,881 - root - INFO - train acc: 0.9286285754743697, val acc: 0.9431345147478591
2022-06-07 09:34:06,882 - root - INFO - train auc: 0.9800112786745963, val auc: 0.9871447146071202
2022-06-07 09:34:06,882 - root - INFO - train ap: 0.9822129103744893, val ap: 0.9883343892010006
2022-06-07 09:34:06,882 - root - INFO - train time: 83.0276563167572, val time: 28.63971185684204
2022-06-07 09:34:08,928 - root - INFO - start 4 epoch
2022-06-07 09:35:39,537 - root - INFO - train_time [89.73622918128967, 90.56356930732727, 82.31698441505432, 83.0276563167572, 90.64262366294861]
2022-06-07 09:35:39,537 - root - INFO - Mean 8725.741257667542
2022-06-07 09:35:39,537 - root - INFO - Standard deviation 3.76386839897542
2022-06-07 09:35:39,538 - root - INFO - 95% 329.91761146011567
2022-06-07 09:35:39,538 - root - INFO - --------
2022-06-07 09:36:08,284 - root - INFO - epoch: 4:
2022-06-07 09:36:08,284 - root - INFO - epoch mean loss: 0.3056688904762268
2022-06-07 09:36:08,285 - root - INFO - train acc: 0.9401062022090061, val acc: 0.9573323025689819
2022-06-07 09:36:08,285 - root - INFO - train auc: 0.9835637107051827, val auc: 0.9910071385386933
2022-06-07 09:36:08,285 - root - INFO - train ap: 0.9853023569406328, val ap: 0.9917356075936512
2022-06-07 09:36:08,285 - root - INFO - train time: 90.64262366294861, val time: 28.745888233184814
2022-06-07 09:36:10,422 - root - INFO - start 5 epoch
2022-06-07 09:37:32,584 - root - INFO - train_time [89.73622918128967, 90.56356930732727, 82.31698441505432, 83.0276563167572, 90.64262366294861, 82.2094075679779]
2022-06-07 09:37:32,584 - root - INFO - Mean 8641.607840855915
2022-06-07 09:37:32,584 - root - INFO - Standard deviation 3.9172443991753716
2022-06-07 09:37:32,584 - root - INFO - 95% 313.4448325413276
2022-06-07 09:37:32,584 - root - INFO - --------
2022-06-07 09:38:01,175 - root - INFO - epoch: 5:
2022-06-07 09:38:01,176 - root - INFO - epoch mean loss: 0.336877045133796
2022-06-07 09:38:01,176 - root - INFO - train acc: 0.9298598130841123, val acc: 0.9438332540437678
2022-06-07 09:38:01,177 - root - INFO - train auc: 0.9806242778249787, val auc: 0.9874466963506977
2022-06-07 09:38:01,177 - root - INFO - train ap: 0.9828448545591033, val ap: 0.9885420401433698
2022-06-07 09:38:01,177 - root - INFO - train time: 82.2094075679779, val time: 28.590846061706543
2022-06-07 09:38:03,232 - root - INFO - start 6 epoch
2022-06-07 09:39:33,397 - root - INFO - train_time [89.73622918128967, 90.56356930732727, 82.31698441505432, 83.0276563167572, 90.64262366294861, 82.2094075679779, 90.21250605583191]
2022-06-07 09:39:33,398 - root - INFO - Mean 8695.842521531242
2022-06-07 09:39:33,398 - root - INFO - Standard deviation 3.862321740068376
2022-06-07 09:39:33,398 - root - INFO - 95% 286.12479861109694
2022-06-07 09:39:33,398 - root - INFO - --------
2022-06-07 09:40:02,124 - root - INFO - epoch: 6:
2022-06-07 09:40:02,124 - root - INFO - epoch mean loss: 0.2950107045637835
2022-06-07 09:40:02,125 - root - INFO - train acc: 0.9418298640611725, val acc: 0.957257968601332
2022-06-07 09:40:02,125 - root - INFO - train auc: 0.9845107158028886, val auc: 0.9911305638974786
2022-06-07 09:40:02,126 - root - INFO - train ap: 0.9861439070106711, val ap: 0.9919105654592315
2022-06-07 09:40:02,126 - root - INFO - train time: 90.21250605583191, val time: 28.72545862197876
2022-06-07 09:40:04,202 - root - INFO - start 7 epoch
2022-06-07 09:41:34,008 - root - INFO - train_time [89.73622918128967, 90.56356930732727, 82.31698441505432, 83.0276563167572, 90.64262366294861, 82.2094075679779, 90.21250605583191, 89.84021496772766]
2022-06-07 09:41:34,009 - root - INFO - Mean 8731.864893436432
2022-06-07 09:41:34,009 - root - INFO - Standard deviation 3.7364643669118953
2022-06-07 09:41:34,009 - root - INFO - 95% 258.9237705675195
2022-06-07 09:41:34,009 - root - INFO - --------
2022-06-07 09:42:03,222 - root - INFO - epoch: 7:
2022-06-07 09:42:03,223 - root - INFO - epoch mean loss: 0.2901710514192839
2022-06-07 09:42:03,223 - root - INFO - train acc: 0.9432094307561597, val acc: 0.9571241674595623
2022-06-07 09:42:03,223 - root - INFO - train auc: 0.9848583581138487, val auc: 0.9909591311845861
2022-06-07 09:42:03,224 - root - INFO - train ap: 0.9865525614638833, val ap: 0.9915413568225966
2022-06-07 09:42:03,224 - root - INFO - train time: 89.84021496772766, val time: 29.21281623840332
2022-06-07 09:42:03,224 - root - INFO - No improvment over 3 epochs, stop training
2022-06-07 09:42:03,224 - root - INFO - Loading the best model at epoch 4
2022-06-07 09:42:04,352 - root - INFO - Loaded the best model at epoch 4 for inference
2022-06-07 09:42:33,220 - root - INFO - Test statistics: t all nodes -- acc: 0.9573570805581986, auc: 0.9910323811152077, ap: 0.9916525896240419, time: 28.86727261543274
2022-06-07 09:42:33,220 - root - INFO - Saving NAT model ...
2022-06-07 09:42:35,185 - root - INFO - NAT model saved
2022-06-07 09:42:35,191 - root - INFO - transductive_auc [0.9910323811152077]
2022-06-07 09:42:35,191 - root - INFO - Mean 99.10323811152078
2022-06-07 09:42:35,192 - root - INFO - Standard deviation 0.0
2022-06-07 09:42:35,192 - root - INFO - 95% 0.0
2022-06-07 09:42:35,192 - root - INFO - --------
2022-06-07 09:42:35,192 - root - INFO - transductive_ap [0.9916525896240419]
2022-06-07 09:42:35,192 - root - INFO - Mean 99.1652589624042
2022-06-07 09:42:35,192 - root - INFO - Standard deviation 0.0
2022-06-07 09:42:35,192 - root - INFO - 95% 0.0
2022-06-07 09:42:35,193 - root - INFO - --------
2022-06-07 09:42:35,193 - root - INFO - test_times [28.86727261543274]
2022-06-07 09:42:35,193 - root - INFO - Mean 2886.727261543274
2022-06-07 09:42:35,193 - root - INFO - Standard deviation 0.0
2022-06-07 09:42:35,193 - root - INFO - 95% 0.0
2022-06-07 09:42:35,193 - root - INFO - --------
2022-06-07 09:42:35,193 - root - INFO - early_stoppers [5]
2022-06-07 09:42:35,193 - root - INFO - Mean 500
2022-06-07 09:42:35,193 - root - INFO - Standard deviation 0.0
2022-06-07 09:42:35,194 - root - INFO - 95% 0.0
2022-06-07 09:42:35,194 - root - INFO - --------
2022-06-07 09:42:35,194 - root - INFO - total_time [978.1280286312103]
2022-06-07 09:42:35,194 - root - INFO - Mean 97812.80286312103
2022-06-07 09:42:35,194 - root - INFO - Standard deviation 0.0
2022-06-07 09:42:35,194 - root - INFO - 95% 0.0
2022-06-07 09:42:35,194 - root - INFO - --------
2022-06-07 09:42:35,194 - root - INFO - Transductive training...
2022-06-07 09:42:36,573 - root - INFO - num of training instances: 470713
2022-06-07 09:42:36,574 - root - INFO - num of batches per epoch: 4708
2022-06-07 09:42:36,621 - root - INFO - start 0 epoch
2022-06-07 09:43:59,663 - root - INFO - train_time [83.08890867233276]
2022-06-07 09:43:59,663 - root - INFO - Mean 8308.890867233276
2022-06-07 09:43:59,663 - root - INFO - Standard deviation 0.0
2022-06-07 09:43:59,663 - root - INFO - 95% 0.0
2022-06-07 09:43:59,663 - root - INFO - --------
2022-06-07 09:44:28,315 - root - INFO - epoch: 0:
2022-06-07 09:44:28,316 - root - INFO - epoch mean loss: 0.43213171771740955
2022-06-07 09:44:28,316 - root - INFO - train acc: 0.9062708864344379, val acc: 0.9334165873771012
2022-06-07 09:44:28,317 - root - INFO - train auc: 0.9680901456150288, val auc: 0.983397663187837
2022-06-07 09:44:28,317 - root - INFO - train ap: 0.972140837160523, val ap: 0.9850868432409293
2022-06-07 09:44:28,317 - root - INFO - train time: 83.08890867233276, val time: 28.651638507843018
2022-06-07 09:44:32,085 - root - INFO - start 1 epoch
2022-06-07 09:46:02,880 - root - INFO - train_time [83.08890867233276, 90.84390568733215]
2022-06-07 09:46:02,880 - root - INFO - Mean 8696.640717983246
2022-06-07 09:46:02,880 - root - INFO - Standard deviation 3.877498507499695
2022-06-07 09:46:02,881 - root - INFO - 95% 537.3938757839752
2022-06-07 09:46:02,881 - root - INFO - --------
2022-06-07 09:46:31,910 - root - INFO - epoch: 1:
2022-06-07 09:46:31,911 - root - INFO - epoch mean loss: 0.33528876142574754
2022-06-07 09:46:31,911 - root - INFO - train acc: 0.935196474086661, val acc: 0.9437341420869013
2022-06-07 09:46:31,911 - root - INFO - train auc: 0.9810102909940527, val auc: 0.9888308567733112
2022-06-07 09:46:31,912 - root - INFO - train ap: 0.9831404164372608, val ap: 0.9898859657427903
2022-06-07 09:46:31,912 - root - INFO - train time: 90.84390568733215, val time: 29.029154777526855
2022-06-07 09:46:35,694 - root - INFO - start 2 epoch
2022-06-07 09:47:58,180 - root - INFO - train_time [83.08890867233276, 90.84390568733215, 82.53507351875305]
2022-06-07 09:47:58,181 - root - INFO - Mean 8548.929595947266
2022-06-07 09:47:58,181 - root - INFO - Standard deviation 3.793025823587358
2022-06-07 09:47:58,181 - root - INFO - 95% 429.22127813710716
2022-06-07 09:47:58,181 - root - INFO - --------
2022-06-07 09:48:26,693 - root - INFO - epoch: 2:
2022-06-07 09:48:26,693 - root - INFO - epoch mean loss: 0.3562837663757834
2022-06-07 09:48:26,694 - root - INFO - train acc: 0.9254587935429056, val acc: 0.9332183634633682
2022-06-07 09:48:26,694 - root - INFO - train auc: 0.9784392948173322, val auc: 0.9842015540754837
2022-06-07 09:48:26,694 - root - INFO - train ap: 0.9808119294463128, val ap: 0.9857575600172902
2022-06-07 09:48:26,694 - root - INFO - train time: 82.53507351875305, val time: 28.511428117752075
2022-06-07 09:48:30,596 - root - INFO - start 3 epoch
2022-06-07 09:50:00,278 - root - INFO - train_time [83.08890867233276, 90.84390568733215, 82.53507351875305, 89.72883081436157]
2022-06-07 09:50:00,278 - root - INFO - Mean 8654.917967319489
2022-06-07 09:50:00,278 - root - INFO - Standard deviation 3.763023270409218
2022-06-07 09:50:00,278 - root - INFO - 95% 368.7762805001034
2022-06-07 09:50:00,278 - root - INFO - --------
2022-06-07 09:50:29,249 - root - INFO - epoch: 3:
2022-06-07 09:50:29,250 - root - INFO - epoch mean loss: 0.307010853887807
2022-06-07 09:50:29,250 - root - INFO - train acc: 0.9396590909090909, val acc: 0.9548445924516333
2022-06-07 09:50:29,250 - root - INFO - train auc: 0.9830705501274427, val auc: 0.9905301622462734
2022-06-07 09:50:29,251 - root - INFO - train ap: 0.9850102318692381, val ap: 0.991351826373044
2022-06-07 09:50:29,251 - root - INFO - train time: 89.72883081436157, val time: 28.970645904541016
2022-06-07 09:50:33,213 - root - INFO - start 4 epoch
2022-06-07 09:52:01,989 - root - INFO - train_time [83.08890867233276, 90.84390568733215, 82.53507351875305, 89.72883081436157, 88.82282066345215]
2022-06-07 09:52:01,989 - root - INFO - Mean 8700.390787124634
2022-06-07 09:52:01,989 - root - INFO - Standard deviation 3.4864575493365058
2022-06-07 09:52:01,989 - root - INFO - 95% 305.6014783745631
2022-06-07 09:52:01,989 - root - INFO - --------
2022-06-07 09:52:30,952 - root - INFO - epoch: 4:
2022-06-07 09:52:30,953 - root - INFO - epoch mean loss: 0.2913100436444971
2022-06-07 09:52:30,953 - root - INFO - train acc: 0.9426773576890399, val acc: 0.9569804551221059
2022-06-07 09:52:30,954 - root - INFO - train auc: 0.9846115972812233, val auc: 0.9911070248077228
2022-06-07 09:52:30,954 - root - INFO - train ap: 0.9863154922918256, val ap: 0.9918134011047152
2022-06-07 09:52:30,954 - root - INFO - train time: 88.82282066345215, val time: 28.96276330947876
2022-06-07 09:52:35,054 - root - INFO - start 5 epoch
2022-06-07 09:53:56,611 - root - INFO - train_time [83.08890867233276, 90.84390568733215, 82.53507351875305, 89.72883081436157, 88.82282066345215, 81.60371923446655]
2022-06-07 09:53:56,611 - root - INFO - Mean 8610.387643178303
2022-06-07 09:53:56,611 - root - INFO - Standard deviation 3.765603735952108
2022-06-07 09:53:56,612 - root - INFO - 95% 301.3110524022897
2022-06-07 09:53:56,612 - root - INFO - --------
2022-06-07 09:54:25,233 - root - INFO - epoch: 5:
2022-06-07 09:54:25,233 - root - INFO - epoch mean loss: 0.33228774233139613
2022-06-07 09:54:25,234 - root - INFO - train acc: 0.9316256018125176, val acc: 0.9447103948620361
2022-06-07 09:54:25,234 - root - INFO - train auc: 0.9809935535259133, val auc: 0.9875910281378846
2022-06-07 09:54:25,234 - root - INFO - train ap: 0.9832492901857418, val ap: 0.9886905701880692
2022-06-07 09:54:25,234 - root - INFO - train time: 81.60371923446655, val time: 28.62088966369629
2022-06-07 09:54:29,360 - root - INFO - start 6 epoch
2022-06-07 09:55:58,812 - root - INFO - train_time [83.08890867233276, 90.84390568733215, 82.53507351875305, 89.72883081436157, 88.82282066345215, 81.60371923446655, 89.49063849449158]
2022-06-07 09:55:58,812 - root - INFO - Mean 8658.769958359855
2022-06-07 09:55:58,812 - root - INFO - Standard deviation 3.6822002807147753
2022-06-07 09:55:58,812 - root - INFO - 95% 272.7812141684986
2022-06-07 09:55:58,812 - root - INFO - --------
2022-06-07 09:56:27,809 - root - INFO - epoch: 6:
2022-06-07 09:56:27,810 - root - INFO - epoch mean loss: 0.3045688531042639
2022-06-07 09:56:27,810 - root - INFO - train acc: 0.941200084961767, val acc: 0.9504638439581351
2022-06-07 09:56:27,810 - root - INFO - train auc: 0.9830319562446899, val auc: 0.9894569655883286
2022-06-07 09:56:27,811 - root - INFO - train ap: 0.9852499620662927, val ap: 0.9906500987538256
2022-06-07 09:56:27,811 - root - INFO - train time: 89.49063849449158, val time: 28.996254444122314
2022-06-07 09:56:27,811 - root - INFO - No improvment over 3 epochs, stop training
2022-06-07 09:56:27,811 - root - INFO - Loading the best model at epoch 3
2022-06-07 09:56:28,927 - root - INFO - Loaded the best model at epoch 3 for inference
2022-06-07 09:56:57,803 - root - INFO - Test statistics: t all nodes -- acc: 0.9557217332699017, auc: 0.9907461953397558, ap: 0.9912162606540074, time: 28.876028299331665
2022-06-07 09:56:57,804 - root - INFO - Saving NAT model ...
2022-06-07 09:57:02,067 - root - INFO - NAT model saved
2022-06-07 09:57:02,070 - root - INFO - transductive_auc [0.9910323811152077, 0.9907461953397558]
2022-06-07 09:57:02,070 - root - INFO - Mean 99.08892882274817
2022-06-07 09:57:02,071 - root - INFO - Standard deviation 0.00014309288772595963
2022-06-07 09:57:02,071 - root - INFO - 95% 0.019831662445115902
2022-06-07 09:57:02,071 - root - INFO - --------
2022-06-07 09:57:02,071 - root - INFO - transductive_ap [0.9916525896240419, 0.9912162606540074]
2022-06-07 09:57:02,071 - root - INFO - Mean 99.14344251390246
2022-06-07 09:57:02,071 - root - INFO - Standard deviation 0.00021816448501726926
2022-06-07 09:57:02,072 - root - INFO - 95% 0.030236055006877278
2022-06-07 09:57:02,072 - root - INFO - --------
2022-06-07 09:57:02,072 - root - INFO - test_times [28.86727261543274, 28.876028299331665]
2022-06-07 09:57:02,072 - root - INFO - Mean 2887.16504573822
2022-06-07 09:57:02,072 - root - INFO - Standard deviation 0.004377841949462891
2022-06-07 09:57:02,072 - root - INFO - 95% 0.6067379389679164
2022-06-07 09:57:02,072 - root - INFO - --------
2022-06-07 09:57:02,072 - root - INFO - early_stoppers [5, 4]
2022-06-07 09:57:02,072 - root - INFO - Mean 450.0
2022-06-07 09:57:02,073 - root - INFO - Standard deviation 0.5
2022-06-07 09:57:02,073 - root - INFO - 95% 69.29646455628165
2022-06-07 09:57:02,073 - root - INFO - --------
2022-06-07 09:57:02,073 - root - INFO - total_time [978.1280286312103, 866.5715253353119]
2022-06-07 09:57:02,073 - root - INFO - Mean 92234.97769832611
2022-06-07 09:57:02,073 - root - INFO - Standard deviation 55.77825164794922
2022-06-07 09:57:02,073 - root - INFO - 95% 7730.471276666944
2022-06-07 09:57:02,073 - root - INFO - --------
2022-06-07 09:57:02,073 - root - INFO - Transductive training...
2022-06-07 09:57:03,322 - root - INFO - num of training instances: 470713
2022-06-07 09:57:03,322 - root - INFO - num of batches per epoch: 4708
2022-06-07 09:57:03,369 - root - INFO - start 0 epoch
2022-06-07 09:58:25,603 - root - INFO - train_time [82.28058695793152]
2022-06-07 09:58:25,603 - root - INFO - Mean 8228.058695793152
2022-06-07 09:58:25,604 - root - INFO - Standard deviation 0.0
2022-06-07 09:58:25,604 - root - INFO - 95% 0.0
2022-06-07 09:58:25,604 - root - INFO - --------
2022-06-07 09:58:54,122 - root - INFO - epoch: 0:
2022-06-07 09:58:54,122 - root - INFO - epoch mean loss: 0.45592499701282485
2022-06-07 09:58:54,123 - root - INFO - train acc: 0.902721608609459, val acc: 0.9335156993339676
2022-06-07 09:58:54,123 - root - INFO - train auc: 0.9654650287925989, val auc: 0.9826515359875515
2022-06-07 09:58:54,123 - root - INFO - train ap: 0.9698223242692983, val ap: 0.9846287261779483
2022-06-07 09:58:54,123 - root - INFO - train time: 82.28058695793152, val time: 28.51786780357361
2022-06-07 09:58:58,485 - root - INFO - start 1 epoch
2022-06-07 10:00:28,741 - root - INFO - train_time [82.28058695793152, 90.28898310661316]
2022-06-07 10:00:28,741 - root - INFO - Mean 8628.478503227234
2022-06-07 10:00:28,741 - root - INFO - Standard deviation 4.00419807434082
2022-06-07 10:00:28,741 - root - INFO - 95% 554.9535398697798
2022-06-07 10:00:28,741 - root - INFO - --------
2022-06-07 10:00:57,667 - root - INFO - epoch: 1:
2022-06-07 10:00:57,667 - root - INFO - epoch mean loss: 0.3404480809125869
2022-06-07 10:00:57,668 - root - INFO - train acc: 0.9343018974794677, val acc: 0.9551121947351728
2022-06-07 10:00:57,668 - root - INFO - train auc: 0.9799622156140847, val auc: 0.9903053019941326
2022-06-07 10:00:57,668 - root - INFO - train ap: 0.9825575680240229, val ap: 0.9911580121922786
2022-06-07 10:00:57,669 - root - INFO - train time: 90.28898310661316, val time: 28.9251868724823
2022-06-07 10:01:02,306 - root - INFO - start 2 epoch
2022-06-07 10:02:31,221 - root - INFO - train_time [82.28058695793152, 90.28898310661316, 88.96378874778748]
2022-06-07 10:02:31,221 - root - INFO - Mean 8717.77862707774
2022-06-07 10:02:31,221 - root - INFO - Standard deviation 3.50484957874746
2022-06-07 10:02:31,221 - root - INFO - 95% 396.6110661607625
2022-06-07 10:02:31,221 - root - INFO - --------
2022-06-07 10:03:00,154 - root - INFO - epoch: 2:
2022-06-07 10:03:00,154 - root - INFO - epoch mean loss: 0.30845658381263025
2022-06-07 10:03:00,155 - root - INFO - train acc: 0.9394562446898895, val acc: 0.9568218759911196
2022-06-07 10:03:00,155 - root - INFO - train auc: 0.9828639443500424, val auc: 0.9906384110866635
2022-06-07 10:03:00,155 - root - INFO - train ap: 0.9849075574574397, val ap: 0.9912527102408111
2022-06-07 10:03:00,155 - root - INFO - train time: 88.96378874778748, val time: 28.93213701248169
2022-06-07 10:03:04,778 - root - INFO - start 3 epoch
2022-06-07 10:04:26,927 - root - INFO - train_time [82.28058695793152, 90.28898310661316, 88.96378874778748, 82.18595337867737]
2022-06-07 10:04:26,927 - root - INFO - Mean 8592.982804775238
2022-06-07 10:04:26,927 - root - INFO - Standard deviation 3.7262819413568082
2022-06-07 10:04:26,928 - root - INFO - 95% 365.1756302529672
2022-06-07 10:04:26,928 - root - INFO - --------
2022-06-07 10:04:55,489 - root - INFO - epoch: 3:
2022-06-07 10:04:55,490 - root - INFO - epoch mean loss: 0.33945895371580387
2022-06-07 10:04:55,490 - root - INFO - train acc: 0.9290650665533843, val acc: 0.9442544798604504
2022-06-07 10:04:55,491 - root - INFO - train auc: 0.9802141638346078, val auc: 0.9875880857516651
2022-06-07 10:04:55,491 - root - INFO - train ap: 0.9823443367481209, val ap: 0.9885992582576967
2022-06-07 10:04:55,491 - root - INFO - train time: 82.18595337867737, val time: 28.56153917312622
2022-06-07 10:05:00,225 - root - INFO - start 4 epoch
2022-06-07 10:06:28,509 - root - INFO - train_time [82.28058695793152, 90.28898310661316, 88.96378874778748, 82.18595337867737, 88.33099055290222]
2022-06-07 10:06:28,509 - root - INFO - Mean 8641.006054878235
2022-06-07 10:06:28,509 - root - INFO - Standard deviation 3.4685205355262756
2022-06-07 10:06:28,509 - root - INFO - 95% 304.0292297925964
2022-06-07 10:06:28,509 - root - INFO - --------
2022-06-07 10:06:57,192 - root - INFO - epoch: 4:
2022-06-07 10:06:57,193 - root - INFO - epoch mean loss: 0.2974346951346531
2022-06-07 10:06:57,194 - root - INFO - train acc: 0.9423959218351741, val acc: 0.9574016809387884
2022-06-07 10:06:57,194 - root - INFO - train auc: 0.983832912064571, val auc: 0.9908482496828417
2022-06-07 10:06:57,194 - root - INFO - train ap: 0.9857575035047802, val ap: 0.9913962190676412
2022-06-07 10:06:57,194 - root - INFO - train time: 88.33099055290222, val time: 28.68311619758606
2022-06-07 10:06:57,194 - root - INFO - No improvment over 3 epochs, stop training
2022-06-07 10:06:57,195 - root - INFO - Loading the best model at epoch 1
2022-06-07 10:06:58,309 - root - INFO - Loaded the best model at epoch 1 for inference
2022-06-07 10:07:26,929 - root - INFO - Test statistics: t all nodes -- acc: 0.9556127101173486, auc: 0.9902054157251031, ap: 0.9911229850099045, time: 28.61891007423401
2022-06-07 10:07:26,929 - root - INFO - Saving NAT model ...
2022-06-07 10:07:31,703 - root - INFO - NAT model saved
2022-06-07 10:07:31,727 - root - INFO - transductive_auc [0.9910323811152077, 0.9907461953397558, 0.9902054157251031]
2022-06-07 10:07:31,727 - root - INFO - Mean 99.06613307266889
2022-06-07 10:07:31,727 - root - INFO - Standard deviation 0.00034289885877225736
2022-06-07 10:07:31,727 - root - INFO - 95% 0.038802658689727744
2022-06-07 10:07:31,727 - root - INFO - --------
2022-06-07 10:07:31,728 - root - INFO - transductive_ap [0.9916525896240419, 0.9912162606540074, 0.9911229850099045]
2022-06-07 10:07:31,728 - root - INFO - Mean 99.13306117626513
2022-06-07 10:07:31,728 - root - INFO - Standard deviation 0.00023083528595801324
2022-06-07 10:07:31,728 - root - INFO - 95% 0.026121471639319348
2022-06-07 10:07:31,728 - root - INFO - --------
2022-06-07 10:07:31,728 - root - INFO - test_times [28.86727261543274, 28.876028299331665, 28.61891007423401]
2022-06-07 10:07:31,728 - root - INFO - Mean 2878.740366299947
2022-06-07 10:07:31,729 - root - INFO - Standard deviation 0.11919656760000266
2022-06-07 10:07:31,729 - root - INFO - 95% 13.488361396506829
2022-06-07 10:07:31,729 - root - INFO - --------
2022-06-07 10:07:31,729 - root - INFO - early_stoppers [5, 4, 2]
2022-06-07 10:07:31,729 - root - INFO - Mean 366.66666666666663
2022-06-07 10:07:31,729 - root - INFO - Standard deviation 1.247219128924647
2022-06-07 10:07:31,729 - root - INFO - 95% 141.13613076532673
2022-06-07 10:07:31,729 - root - INFO - --------
2022-06-07 10:07:31,730 - root - INFO - total_time [978.1280286312103, 866.5715253353119, 629.3703255653381]
2022-06-07 10:07:31,730 - root - INFO - Mean 82468.99598439535
2022-06-07 10:07:31,730 - root - INFO - Standard deviation 145.42703326857992
2022-06-07 10:07:31,730 - root - INFO - 95% 16456.618013792402
2022-06-07 10:07:31,730 - root - INFO - --------
2022-06-07 10:07:31,730 - root - INFO - Transductive training...
2022-06-07 10:07:33,096 - root - INFO - num of training instances: 470713
2022-06-07 10:07:33,097 - root - INFO - num of batches per epoch: 4708
2022-06-07 10:07:33,130 - root - INFO - start 0 epoch
2022-06-07 10:08:54,634 - root - INFO - train_time [81.5368378162384]
2022-06-07 10:08:54,634 - root - INFO - Mean 8153.68378162384
2022-06-07 10:08:54,634 - root - INFO - Standard deviation 0.0
2022-06-07 10:08:54,634 - root - INFO - 95% 0.0
2022-06-07 10:08:54,634 - root - INFO - --------
2022-06-07 10:09:23,124 - root - INFO - epoch: 0:
2022-06-07 10:09:23,125 - root - INFO - epoch mean loss: 0.42018829570321986
2022-06-07 10:09:23,125 - root - INFO - train acc: 0.9098955678278109, val acc: 0.9223854265778624
2022-06-07 10:09:23,125 - root - INFO - train auc: 0.9704279217407721, val auc: 0.9787440470880907
2022-06-07 10:09:23,126 - root - INFO - train ap: 0.9739409798260256, val ap: 0.9809805575493845
2022-06-07 10:09:23,126 - root - INFO - train time: 81.5368378162384, val time: 28.489367246627808
2022-06-07 10:09:28,224 - root - INFO - start 1 epoch
2022-06-07 10:10:55,933 - root - INFO - train_time [81.5368378162384, 87.74767088890076]
2022-06-07 10:10:55,934 - root - INFO - Mean 8464.225435256958
2022-06-07 10:10:55,934 - root - INFO - Standard deviation 3.1054165363311768
2022-06-07 10:10:55,934 - root - INFO - 95% 430.38877388472866
2022-06-07 10:10:55,934 - root - INFO - --------
2022-06-07 10:11:24,653 - root - INFO - epoch: 1:
2022-06-07 10:11:24,654 - root - INFO - epoch mean loss: 0.3159559552558558
2022-06-07 10:11:24,654 - root - INFO - train acc: 0.9382540356839423, val acc: 0.955389708214399
2022-06-07 10:11:24,655 - root - INFO - train auc: 0.9824230564995751, val auc: 0.9905468873889947
2022-06-07 10:11:24,655 - root - INFO - train ap: 0.9843890678666527, val ap: 0.9913013257974344
2022-06-07 10:11:24,655 - root - INFO - train time: 87.74767088890076, val time: 28.718947172164917
2022-06-07 10:11:30,009 - root - INFO - start 2 epoch
2022-06-07 10:12:57,849 - root - INFO - train_time [81.5368378162384, 87.74767088890076, 87.89230823516846]
2022-06-07 10:12:57,849 - root - INFO - Mean 8572.560564676922
2022-06-07 10:12:57,850 - root - INFO - Standard deviation 2.962494663179568
2022-06-07 10:12:57,850 - root - INFO - 95% 335.2378298868725
2022-06-07 10:12:57,850 - root - INFO - --------
2022-06-07 10:13:26,790 - root - INFO - epoch: 2:
2022-06-07 10:13:26,791 - root - INFO - epoch mean loss: 0.309665819527162
2022-06-07 10:13:26,791 - root - INFO - train acc: 0.9397553809119229, val acc: 0.9563312718046305
2022-06-07 10:13:26,792 - root - INFO - train auc: 0.982561225573492, val auc: 0.9904039493637012
2022-06-07 10:13:26,792 - root - INFO - train ap: 0.9847601942428917, val ap: 0.9911539213441292
2022-06-07 10:13:26,792 - root - INFO - train time: 87.89230823516846, val time: 28.940186262130737
2022-06-07 10:13:32,233 - root - INFO - start 3 epoch
2022-06-07 10:14:53,301 - root - INFO - train_time [81.5368378162384, 87.74767088890076, 87.89230823516846, 81.11558365821838]
2022-06-07 10:14:53,302 - root - INFO - Mean 8457.31001496315
2022-06-07 10:14:53,302 - root - INFO - Standard deviation 3.250705728733909
2022-06-07 10:14:53,302 - root - INFO - 95% 318.5691614159231
2022-06-07 10:14:53,302 - root - INFO - --------
2022-06-07 10:15:21,827 - root - INFO - epoch: 3:
2022-06-07 10:15:21,828 - root - INFO - epoch mean loss: 0.34334019795709
2022-06-07 10:15:21,828 - root - INFO - train acc: 0.9287149532710279, val acc: 0.9417073025689819
2022-06-07 10:15:21,828 - root - INFO - train auc: 0.979744413763806, val auc: 0.9870578367824294
2022-06-07 10:15:21,829 - root - INFO - train ap: 0.9821216871529425, val ap: 0.988322133745059
2022-06-07 10:15:21,829 - root - INFO - train time: 81.11558365821838, val time: 28.524511575698853
2022-06-07 10:15:27,290 - root - INFO - start 4 epoch
2022-06-07 10:16:56,025 - root - INFO - train_time [81.5368378162384, 87.74767088890076, 87.89230823516846, 81.11558365821838, 88.78596949577332]
2022-06-07 10:16:56,025 - root - INFO - Mean 8541.567401885986
2022-06-07 10:16:56,025 - root - INFO - Standard deviation 3.360564400258472
2022-06-07 10:16:56,025 - root - INFO - 95% 294.5664573163552
2022-06-07 10:16:56,025 - root - INFO - --------
2022-06-07 10:17:24,968 - root - INFO - epoch: 4:
2022-06-07 10:17:24,969 - root - INFO - epoch mean loss: 0.29870756762220935
2022-06-07 10:17:24,969 - root - INFO - train acc: 0.9422313084112148, val acc: 0.9589180938788455
2022-06-07 10:17:24,970 - root - INFO - train auc: 0.983676168224299, val auc: 0.9909944398192198
2022-06-07 10:17:24,970 - root - INFO - train ap: 0.9856672433471736, val ap: 0.9917687970554517
2022-06-07 10:17:24,970 - root - INFO - train time: 88.78596949577332, val time: 28.942763566970825
2022-06-07 10:17:24,970 - root - INFO - No improvment over 3 epochs, stop training
2022-06-07 10:17:24,970 - root - INFO - Loading the best model at epoch 1
2022-06-07 10:17:26,110 - root - INFO - Loaded the best model at epoch 1 for inference
2022-06-07 10:17:54,929 - root - INFO - Test statistics: t all nodes -- acc: 0.9522181255946718, auc: 0.9892369060715985, ap: 0.9901740078650405, time: 28.818068265914917
2022-06-07 10:17:54,929 - root - INFO - Saving NAT model ...
2022-06-07 10:18:00,284 - root - INFO - NAT model saved
2022-06-07 10:18:00,316 - root - INFO - transductive_auc [0.9910323811152077, 0.9907461953397558, 0.9902054157251031, 0.9892369060715985]
2022-06-07 10:18:00,316 - root - INFO - Mean 99.03052245629162
2022-06-07 10:18:00,317 - root - INFO - Standard deviation 0.000684557901233332
2022-06-07 10:18:00,317 - root - INFO - 95% 0.06708667432086654
2022-06-07 10:18:00,317 - root - INFO - --------
2022-06-07 10:18:00,317 - root - INFO - transductive_ap [0.9916525896240419, 0.9912162606540074, 0.9911229850099045, 0.9901740078650405]
2022-06-07 10:18:00,317 - root - INFO - Mean 99.10414607882485
2022-06-07 10:18:00,318 - root - INFO - Standard deviation 0.0005392481385471401
2022-06-07 10:18:00,318 - root - INFO - 95% 0.052846317577619734
2022-06-07 10:18:00,318 - root - INFO - --------
2022-06-07 10:18:00,318 - root - INFO - test_times [28.86727261543274, 28.876028299331665, 28.61891007423401, 28.818068265914917]
2022-06-07 10:18:00,318 - root - INFO - Mean 2879.5069813728333
2022-06-07 10:18:00,318 - root - INFO - Standard deviation 0.10407773967909455
2022-06-07 10:18:00,318 - root - INFO - 95% 10.199618488551266
2022-06-07 10:18:00,318 - root - INFO - --------
2022-06-07 10:18:00,318 - root - INFO - early_stoppers [5, 4, 2, 2]
2022-06-07 10:18:00,319 - root - INFO - Mean 325.0
2022-06-07 10:18:00,319 - root - INFO - Standard deviation 1.299038105676658
2022-06-07 10:18:00,319 - root - INFO - 95% 127.30573435631248
2022-06-07 10:18:00,319 - root - INFO - --------
2022-06-07 10:18:00,319 - root - INFO - total_time [978.1280286312103, 866.5715253353119, 629.3703255653381, 628.313992023468]
2022-06-07 10:18:00,319 - root - INFO - Mean 77559.59678888321
2022-06-07 10:18:00,319 - root - INFO - Standard deviation 151.9619249754492
2022-06-07 10:18:00,319 - root - INFO - 95% 14892.26864759402
2022-06-07 10:18:00,319 - root - INFO - --------
2022-06-07 10:18:00,319 - root - INFO - Transductive training...
2022-06-07 10:18:01,598 - root - INFO - num of training instances: 470713
2022-06-07 10:18:01,598 - root - INFO - num of batches per epoch: 4708
2022-06-07 10:18:01,646 - root - INFO - start 0 epoch
2022-06-07 10:19:23,313 - root - INFO - train_time [81.71464443206787]
2022-06-07 10:19:23,313 - root - INFO - Mean 8171.464443206787
2022-06-07 10:19:23,314 - root - INFO - Standard deviation 0.0
2022-06-07 10:19:23,314 - root - INFO - 95% 0.0
2022-06-07 10:19:23,314 - root - INFO - --------
2022-06-07 10:19:51,598 - root - INFO - epoch: 0:
2022-06-07 10:19:51,599 - root - INFO - epoch mean loss: 0.41968211655076926
2022-06-07 10:19:51,599 - root - INFO - train acc: 0.910898116680827, val acc: 0.9344919521091024
2022-06-07 10:19:51,600 - root - INFO - train auc: 0.9708499681393372, val auc: 0.9844394227719632
2022-06-07 10:19:51,600 - root - INFO - train ap: 0.9738914301547462, val ap: 0.985740598225233
2022-06-07 10:19:51,600 - root - INFO - train time: 81.71464443206787, val time: 28.28416609764099
2022-06-07 10:19:56,502 - root - INFO - start 1 epoch
2022-06-07 10:21:25,118 - root - INFO - train_time [81.71464443206787, 88.64950108528137]
2022-06-07 10:21:25,118 - root - INFO - Mean 8518.207275867462
2022-06-07 10:21:25,118 - root - INFO - Standard deviation 3.4674283266067505
2022-06-07 10:21:25,119 - root - INFO - 95% 480.56104827230337
2022-06-07 10:21:25,119 - root - INFO - --------
2022-06-07 10:21:54,044 - root - INFO - epoch: 1:
2022-06-07 10:21:54,044 - root - INFO - epoch mean loss: 0.3246496328031652
2022-06-07 10:21:54,045 - root - INFO - train acc: 0.9361604361370716, val acc: 0.9546215905486838
2022-06-07 10:21:54,045 - root - INFO - train auc: 0.9816186833286134, val auc: 0.9903392168668729
2022-06-07 10:21:54,045 - root - INFO - train ap: 0.9837430535788703, val ap: 0.9911821491653722
2022-06-07 10:21:54,045 - root - INFO - train time: 88.64950108528137, val time: 28.924910068511963
2022-06-07 10:21:58,670 - root - INFO - start 2 epoch
2022-06-07 10:23:27,077 - root - INFO - train_time [81.71464443206787, 88.64950108528137, 88.45473456382751]
2022-06-07 10:23:27,077 - root - INFO - Mean 8627.29600270589
2022-06-07 10:23:27,078 - root - INFO - Standard deviation 3.2241964680752893
2022-06-07 10:23:27,078 - root - INFO - 95% 364.85217695764777
2022-06-07 10:23:27,078 - root - INFO - --------
2022-06-07 10:23:55,950 - root - INFO - epoch: 2:
2022-06-07 10:23:55,950 - root - INFO - epoch mean loss: 0.3202297492213895
2022-06-07 10:23:55,951 - root - INFO - train acc: 0.9374054800339847, val acc: 0.9549833491912464
2022-06-07 10:23:55,951 - root - INFO - train auc: 0.9815528674596431, val auc: 0.9893014837059942
2022-06-07 10:23:55,951 - root - INFO - train ap: 0.9841029284094566, val ap: 0.990256709765058
2022-06-07 10:23:55,952 - root - INFO - train time: 88.45473456382751, val time: 28.871867179870605
2022-06-07 10:24:00,513 - root - INFO - start 3 epoch
2022-06-07 10:25:21,049 - root - INFO - train_time [81.71464443206787, 88.64950108528137, 88.45473456382751, 80.56906747817993]
2022-06-07 10:25:21,049 - root - INFO - Mean 8484.698688983917
2022-06-07 10:25:21,049 - root - INFO - Standard deviation 3.727838557767605
2022-06-07 10:25:21,050 - root - INFO - 95% 365.3281786612253
2022-06-07 10:25:21,050 - root - INFO - --------
2022-06-07 10:25:49,348 - root - INFO - epoch: 3:
2022-06-07 10:25:49,349 - root - INFO - epoch mean loss: 0.34734619770613684
2022-06-07 10:25:49,349 - root - INFO - train acc: 0.9271884735202491, val acc: 0.9442098794798605
2022-06-07 10:25:49,349 - root - INFO - train auc: 0.9791165309638441, val auc: 0.9875473569318902
2022-06-07 10:25:49,350 - root - INFO - train ap: 0.9816304836861287, val ap: 0.9886506999049818
2022-06-07 10:25:49,350 - root - INFO - train time: 80.56906747817993, val time: 28.298011779785156
2022-06-07 10:25:54,111 - root - INFO - start 4 epoch
2022-06-07 10:27:22,753 - root - INFO - train_time [81.71464443206787, 88.64950108528137, 88.45473456382751, 80.56906747817993, 88.68980097770691]
2022-06-07 10:27:22,753 - root - INFO - Mean 8561.554970741272
2022-06-07 10:27:22,753 - root - INFO - Standard deviation 3.6715363907292877
2022-06-07 10:27:22,754 - root - INFO - 95% 321.8243541001687
2022-06-07 10:27:22,754 - root - INFO - --------
2022-06-07 10:27:51,612 - root - INFO - epoch: 4:
2022-06-07 10:27:51,612 - root - INFO - epoch mean loss: 0.2961197754521692
2022-06-07 10:27:51,613 - root - INFO - train acc: 0.9422706032285469, val acc: 0.9587000475737393
2022-06-07 10:27:51,613 - root - INFO - train auc: 0.9840946049277827, val auc: 0.9911969998810657
2022-06-07 10:27:51,613 - root - INFO - train ap: 0.9859308118784812, val ap: 0.9916006960394531
2022-06-07 10:27:51,614 - root - INFO - train time: 88.68980097770691, val time: 28.8579523563385
2022-06-07 10:27:51,614 - root - INFO - No improvment over 3 epochs, stop training
2022-06-07 10:27:51,614 - root - INFO - Loading the best model at epoch 1
2022-06-07 10:27:52,744 - root - INFO - Loaded the best model at epoch 1 for inference
2022-06-07 10:28:21,548 - root - INFO - Test statistics: t all nodes -- acc: 0.9554590865842055, auc: 0.9904236168926419, ap: 0.9912629561942998, time: 28.80291223526001
2022-06-07 10:28:21,548 - root - INFO - Saving NAT model ...
2022-06-07 10:28:26,004 - root - INFO - NAT model saved
2022-06-07 10:28:26,012 - root - INFO - transductive_auc [0.9910323811152077, 0.9907461953397558, 0.9902054157251031, 0.9892369060715985, 0.9904236168926419]
2022-06-07 10:28:26,012 - root - INFO - Mean 99.03289030288614
2022-06-07 10:28:26,013 - root - INFO - Standard deviation 0.0006141158645653476
2022-06-07 10:28:26,013 - root - INFO - 95% 0.053829628913783525
2022-06-07 10:28:26,013 - root - INFO - --------
2022-06-07 10:28:26,014 - root - INFO - transductive_ap [0.9916525896240419, 0.9912162606540074, 0.9911229850099045, 0.9901740078650405, 0.9912629561942998]
2022-06-07 10:28:26,014 - root - INFO - Mean 99.10857598694588
2022-06-07 10:28:26,014 - root - INFO - Standard deviation 0.0004903880895021155
2022-06-07 10:28:26,014 - root - INFO - 95% 0.042984411256532865
2022-06-07 10:28:26,014 - root - INFO - --------
2022-06-07 10:28:26,014 - root - INFO - test_times [28.86727261543274, 28.876028299331665, 28.61891007423401, 28.818068265914917, 28.80291223526001]
2022-06-07 10:28:26,015 - root - INFO - Mean 2879.663829803467
2022-06-07 10:28:26,015 - root - INFO - Standard deviation 0.09314280052395021
2022-06-07 10:28:26,015 - root - INFO - 95% 8.164326436581224
2022-06-07 10:28:26,015 - root - INFO - --------
2022-06-07 10:28:26,015 - root - INFO - early_stoppers [5, 4, 2, 2, 2]
2022-06-07 10:28:26,015 - root - INFO - Mean 300
2022-06-07 10:28:26,015 - root - INFO - Standard deviation 1.2649110640673518
2022-06-07 10:28:26,015 - root - INFO - 95% 110.87434329005065
2022-06-07 10:28:26,016 - root - INFO - --------
2022-06-07 10:28:26,016 - root - INFO - total_time [978.1280286312103, 866.5715253353119, 629.3703255653381, 628.313992023468, 625.4214119911194]
2022-06-07 10:28:26,016 - root - INFO - Mean 74556.10567092896
2022-06-07 10:28:26,016 - root - INFO - Standard deviation 148.60122769360717
2022-06-07 10:28:26,016 - root - INFO - 95% 13025.471909182934
2022-06-07 10:28:26,016 - root - INFO - --------
