2022-04-23 23:22:26,289 - root - INFO - Create log file at log/1650781346.2890608-wiki-talk-temporal-t-2-16k4-16.log
2022-04-23 23:22:26,289 - root - INFO - Command line executed: python main.py -d wiki-talk-temporal --pos_dim 16 --bs 100 --n_degree 16 4 --n_hop 2 --mode t --bias 1e-5 --seed 2 --verbosity 1 --drop_out 0.1 --attn_n_head 2 --ngh_dim 8 --self_dim 172 --run 3
2022-04-23 23:22:26,289 - root - INFO - Full args parsed:
2022-04-23 23:22:26,289 - root - INFO - Namespace(attn_n_head=2, bias=1e-05, bs=100, cpu_cores=1, data='wiki-talk-temporal', drop_out=0.1, gpu=0, linear_out=False, lr=0.0001, mode='t', n_degree=['16', '4'], n_epoch=50, n_hop=2, ngh_dim=8, pos_dim=16, replace_prob=0.9, run=3, seed=2, self_dim=172, t_batch=False, t_batch_order=False, time_dim=1, tolerance=0.001, verbosity=1)
2022-04-23 23:22:26,289 - root - INFO - Create checkpoint directory ./saved_checkpoints/1650781346.2890608-wiki-talk-temporal-t-2-16k4-16/
2022-04-23 23:22:26,289 - root - INFO - Create best model directory ./best_models/1650781346.2890608-wiki-talk-temporal-t-2-16k4-16/
2022-04-23 23:22:28,725 - root - INFO - Transductive training...
2022-04-23 23:22:35,605 - root - INFO - num of training instances: 2873633
2022-04-23 23:22:35,605 - root - INFO - num of batches per epoch: 28737
2022-04-23 23:22:37,809 - root - INFO - start 0 epoch
2022-04-23 23:34:48,671 - root - INFO - train_time [733.062251329422]
2022-04-23 23:34:48,671 - root - INFO - Mean 73306.2251329422
2022-04-23 23:34:48,671 - root - INFO - Standard deviation 0.0
2022-04-23 23:34:48,671 - root - INFO - 95% 0.0
2022-04-23 23:34:48,672 - root - INFO - --------
2022-04-23 23:40:22,975 - root - INFO - epoch: 0:
2022-04-23 23:40:22,979 - root - INFO - epoch mean loss: 0.5743249671383782
2022-04-23 23:40:22,980 - root - INFO - train acc: 0.8696639784946237, val acc: 0.8769648981500727
2022-04-23 23:40:22,982 - root - INFO - train auc: 0.9393637392016391, val auc: 0.9611941495969523
2022-04-23 23:40:22,983 - root - INFO - train ap: 0.949208926035262, val ap: 0.9638071712907818
2022-04-23 23:40:22,983 - root - INFO - train time: 733.062251329422, val time: 334.30373454093933
2022-04-23 23:40:28,414 - root - INFO - start 1 epoch
2022-04-23 23:52:39,471 - root - INFO - train_time [733.062251329422, 733.71817278862]
2022-04-23 23:52:39,472 - root - INFO - Mean 73339.0212059021
2022-04-23 23:52:39,472 - root - INFO - Standard deviation 0.327960729598999
2022-04-23 23:52:39,473 - root - INFO - 95% 45.45303814901862
2022-04-23 23:52:39,473 - root - INFO - --------
2022-04-23 23:58:17,248 - root - INFO - epoch: 1:
2022-04-23 23:58:17,252 - root - INFO - epoch mean loss: 0.5596288801360637
2022-04-23 23:58:17,253 - root - INFO - train acc: 0.8722143273480183, val acc: 0.8765280736853045
2022-04-23 23:58:17,255 - root - INFO - train auc: 0.9417995054285415, val auc: 0.9619701372018551
2022-04-23 23:58:17,256 - root - INFO - train ap: 0.951509906516468, val ap: 0.9638631794920133
2022-04-23 23:58:17,257 - root - INFO - train time: 733.71817278862, val time: 337.77566599845886
2022-04-23 23:58:23,539 - root - INFO - start 2 epoch
2022-04-24 00:09:36,147 - root - INFO - train_time [733.062251329422, 733.71817278862, 675.4869253635406]
2022-04-24 00:09:36,147 - root - INFO - Mean 71408.91164938608
2022-04-24 00:09:36,147 - root - INFO - Standard deviation 27.29718457138623
2022-04-24 00:09:36,147 - root - INFO - 95% 3088.967224640113
2022-04-24 00:09:36,148 - root - INFO - --------
2022-04-24 00:13:22,192 - root - INFO - epoch: 2:
2022-04-24 00:13:22,195 - root - INFO - epoch mean loss: 0.5559407435208492
2022-04-24 00:13:22,197 - root - INFO - train acc: 0.873554476806904, val acc: 0.8784889121284556
2022-04-24 00:13:22,199 - root - INFO - train auc: 0.9429550196610642, val auc: 0.9593043560249298
2022-04-24 00:13:22,200 - root - INFO - train ap: 0.9522094799165275, val ap: 0.9600898790638654
2022-04-24 00:13:22,201 - root - INFO - train time: 675.4869253635406, val time: 226.04472303390503
2022-04-24 00:13:27,097 - root - INFO - start 3 epoch
2022-04-24 00:22:33,253 - root - INFO - train_time [733.062251329422, 733.71817278862, 675.4869253635406, 548.4447207450867]
2022-04-24 00:22:33,253 - root - INFO - Mean 67267.80175566673
2022-04-24 00:22:33,253 - root - INFO - Standard deviation 75.52145099043942
2022-04-24 00:22:33,254 - root - INFO - 95% 7401.102197063063
2022-04-24 00:22:33,254 - root - INFO - --------
2022-04-24 00:26:20,071 - root - INFO - epoch: 3:
2022-04-24 00:26:20,075 - root - INFO - epoch mean loss: 0.5486768672592967
2022-04-24 00:26:20,077 - root - INFO - train acc: 0.8751106152347148, val acc: 0.8825453712845562
2022-04-24 00:26:20,079 - root - INFO - train auc: 0.9443424296203501, val auc: 0.9627900711341847
2022-04-24 00:26:20,081 - root - INFO - train ap: 0.953258308354835, val ap: 0.9644858119360671
2022-04-24 00:26:20,081 - root - INFO - train time: 548.4447207450867, val time: 226.81753134727478
2022-04-24 00:26:20,081 - root - INFO - No improvment over 3 epochs, stop training
2022-04-24 00:26:20,081 - root - INFO - Loading the best model at epoch 0
2022-04-24 00:26:21,987 - root - INFO - Loaded the best model at epoch 0 for inference
2022-04-24 00:30:07,132 - root - INFO - Test statistics: t all nodes -- acc: 0.828167220951985, auc: 0.9402290872317346, ap: 0.9484367327060705, time: 225.14280438423157
2022-04-24 00:30:07,132 - root - INFO - Saving NAT model ...
2022-04-24 00:30:07,204 - root - INFO - NAT model saved
2022-04-24 00:30:07,204 - root - INFO - transductive_auc [0.9402290872317346]
2022-04-24 00:30:07,204 - root - INFO - Mean 94.02290872317346
2022-04-24 00:30:07,204 - root - INFO - Standard deviation 0.0
2022-04-24 00:30:07,204 - root - INFO - 95% 0.0
2022-04-24 00:30:07,204 - root - INFO - --------
2022-04-24 00:30:07,204 - root - INFO - transductive_ap [0.9484367327060705]
2022-04-24 00:30:07,205 - root - INFO - Mean 94.84367327060706
2022-04-24 00:30:07,205 - root - INFO - Standard deviation 0.0
2022-04-24 00:30:07,205 - root - INFO - 95% 0.0
2022-04-24 00:30:07,205 - root - INFO - --------
2022-04-24 00:30:07,205 - root - INFO - test_times [225.14280438423157]
2022-04-24 00:30:07,205 - root - INFO - Mean 22514.280438423157
2022-04-24 00:30:07,205 - root - INFO - Standard deviation 0.0
2022-04-24 00:30:07,205 - root - INFO - 95% 0.0
2022-04-24 00:30:07,205 - root - INFO - --------
2022-04-24 00:30:07,205 - root - INFO - early_stoppers [1]
2022-04-24 00:30:07,205 - root - INFO - Mean 100
2022-04-24 00:30:07,205 - root - INFO - Standard deviation 0.0
2022-04-24 00:30:07,206 - root - INFO - 95% 0.0
2022-04-24 00:30:07,206 - root - INFO - --------
2022-04-24 00:30:07,206 - root - INFO - total_time [4056.0075919628143]
2022-04-24 00:30:07,206 - root - INFO - Mean 405600.75919628143
2022-04-24 00:30:07,206 - root - INFO - Standard deviation 0.0
2022-04-24 00:30:07,206 - root - INFO - 95% 0.0
2022-04-24 00:30:07,206 - root - INFO - --------
2022-04-24 00:30:07,206 - root - INFO - Transductive training...
2022-04-24 00:30:11,901 - root - INFO - num of training instances: 2873633
2022-04-24 00:30:11,901 - root - INFO - num of batches per epoch: 28737
2022-04-24 00:30:14,294 - root - INFO - start 0 epoch
2022-04-24 00:39:56,627 - root - INFO - train_time [584.7226221561432]
2022-04-24 00:39:56,628 - root - INFO - Mean 58472.26221561432
2022-04-24 00:39:56,628 - root - INFO - Standard deviation 0.0
2022-04-24 00:39:56,628 - root - INFO - 95% 0.0
2022-04-24 00:39:56,628 - root - INFO - --------
2022-04-24 00:43:49,088 - root - INFO - epoch: 0:
2022-04-24 00:43:49,092 - root - INFO - epoch mean loss: 0.5747255131033973
2022-04-24 00:43:49,094 - root - INFO - train acc: 0.8700954779552493, val acc: 0.8725463131365621
2022-04-24 00:43:49,096 - root - INFO - train auc: 0.9397614159772245, val auc: 0.9600215286258055
2022-04-24 00:43:49,097 - root - INFO - train ap: 0.9493381588283043, val ap: 0.9625741836728485
2022-04-24 00:43:49,098 - root - INFO - train time: 584.7226221561432, val time: 232.46000409126282
2022-04-24 00:43:58,442 - root - INFO - start 1 epoch
2022-04-24 00:53:44,666 - root - INFO - train_time [584.7226221561432, 588.3826293945312]
2022-04-24 00:53:44,666 - root - INFO - Mean 58655.26257753372
2022-04-24 00:53:44,666 - root - INFO - Standard deviation 1.8300036191940308
2022-04-24 00:53:44,666 - root - INFO - 95% 253.6255618706926
2022-04-24 00:53:44,667 - root - INFO - --------
2022-04-24 00:57:54,493 - root - INFO - epoch: 1:
2022-04-24 00:57:54,496 - root - INFO - epoch mean loss: 0.5661886143538472
2022-04-24 00:57:54,499 - root - INFO - train acc: 0.8710195697184815, val acc: 0.8715021565163168
2022-04-24 00:57:54,501 - root - INFO - train auc: 0.940963082437276, val auc: 0.9534342228015875
2022-04-24 00:57:54,503 - root - INFO - train ap: 0.9506503033356226, val ap: 0.9555006122963157
2022-04-24 00:57:54,503 - root - INFO - train time: 588.3826293945312, val time: 249.82607316970825
2022-04-24 00:58:03,932 - root - INFO - start 2 epoch
2022-04-24 01:07:50,813 - root - INFO - train_time [584.7226221561432, 588.3826293945312, 589.0256879329681]
2022-04-24 01:07:50,813 - root - INFO - Mean 58737.697982788086
2022-04-24 01:07:50,814 - root - INFO - Standard deviation 1.895185489268112
2022-04-24 01:07:50,814 - root - INFO - 95% 214.46042706907056
2022-04-24 01:07:50,814 - root - INFO - --------
2022-04-24 01:11:44,257 - root - INFO - epoch: 2:
2022-04-24 01:11:44,261 - root - INFO - epoch mean loss: 0.5465582181048909
2022-04-24 01:11:44,263 - root - INFO - train acc: 0.8754534224170929, val acc: 0.877533257119102
2022-04-24 01:11:44,265 - root - INFO - train auc: 0.9442573929080976, val auc: 0.9552663177889862
2022-04-24 01:11:44,267 - root - INFO - train ap: 0.9534323155317511, val ap: 0.9549326045931807
2022-04-24 01:11:44,268 - root - INFO - train time: 589.0256879329681, val time: 233.4431915283203
2022-04-24 01:11:54,450 - root - INFO - start 3 epoch
2022-04-24 01:21:43,322 - root - INFO - train_time [584.7226221561432, 588.3826293945312, 589.0256879329681, 591.252988576889]
2022-04-24 01:21:43,323 - root - INFO - Mean 58834.59820151329
2022-04-24 01:21:43,323 - root - INFO - Standard deviation 2.3474862610347795
2022-04-24 01:21:43,323 - root - INFO - 95% 230.05365358140838
2022-04-24 01:21:43,323 - root - INFO - --------
2022-04-24 01:25:51,987 - root - INFO - epoch: 3:
2022-04-24 01:25:51,991 - root - INFO - epoch mean loss: 0.5523164689737388
2022-04-24 01:25:51,993 - root - INFO - train acc: 0.873816617079027, val acc: 0.8922342678237373
2022-04-24 01:25:51,995 - root - INFO - train auc: 0.9431999731400286, val auc: 0.9642308357475057
2022-04-24 01:25:51,997 - root - INFO - train ap: 0.9526872242584645, val ap: 0.9655899869869963
2022-04-24 01:25:51,997 - root - INFO - train time: 591.252988576889, val time: 248.66369009017944
2022-04-24 01:25:56,981 - root - INFO - start 4 epoch
2022-04-24 01:35:40,389 - root - INFO - train_time [584.7226221561432, 588.3826293945312, 589.0256879329681, 591.252988576889, 585.7967917919159]
2022-04-24 01:35:40,389 - root - INFO - Mean 58783.61439704895
2022-04-24 01:35:40,389 - root - INFO - Standard deviation 2.334157818927604
2022-04-24 01:35:40,390 - root - INFO - 95% 204.5979536907229
2022-04-24 01:35:40,390 - root - INFO - --------
2022-04-24 01:39:24,365 - root - INFO - epoch: 4:
2022-04-24 01:39:24,369 - root - INFO - epoch mean loss: 0.5459460211420547
2022-04-24 01:39:24,372 - root - INFO - train acc: 0.8755901146605422, val acc: 0.8824178964872168
2022-04-24 01:39:24,374 - root - INFO - train auc: 0.9446328878057904, val auc: 0.9586022804591691
2022-04-24 01:39:24,376 - root - INFO - train ap: 0.9535487463324951, val ap: 0.9592386482579659
2022-04-24 01:39:24,376 - root - INFO - train time: 585.7967917919159, val time: 223.9756498336792
2022-04-24 01:39:29,384 - root - INFO - start 5 epoch
2022-04-24 01:48:38,245 - root - INFO - train_time [584.7226221561432, 588.3826293945312, 589.0256879329681, 591.252988576889, 585.7967917919159, 551.2705659866333]
2022-04-24 01:48:38,246 - root - INFO - Mean 58174.188097318016
2022-04-24 01:48:38,246 - root - INFO - Standard deviation 13.792768081072587
2022-04-24 01:48:38,246 - root - INFO - 95% 1103.6513020130344
2022-04-24 01:48:38,246 - root - INFO - --------
2022-04-24 01:52:22,779 - root - INFO - epoch: 5:
2022-04-24 01:52:22,783 - root - INFO - epoch mean loss: 0.534435969001773
2022-04-24 01:52:22,786 - root - INFO - train acc: 0.8784574981730869, val acc: 0.8841700659945957
2022-04-24 01:52:22,788 - root - INFO - train auc: 0.9466969798843825, val auc: 0.9630798327157166
2022-04-24 01:52:22,790 - root - INFO - train ap: 0.9553592587301648, val ap: 0.9645818251094483
2022-04-24 01:52:22,790 - root - INFO - train time: 551.2705659866333, val time: 224.53318548202515
2022-04-24 01:52:27,766 - root - INFO - start 6 epoch
2022-04-24 02:01:36,193 - root - INFO - train_time [584.7226221561432, 588.3826293945312, 589.0256879329681, 591.252988576889, 585.7967917919159, 551.2705659866333, 550.7751708030701]
2022-04-24 02:01:36,194 - root - INFO - Mean 57731.806523459294
2022-04-24 02:01:36,194 - root - INFO - Standard deviation 16.747660079487126
2022-04-24 02:01:36,194 - root - INFO - 95% 1240.6840211518806
2022-04-24 02:01:36,194 - root - INFO - --------
2022-04-24 02:05:39,942 - root - INFO - epoch: 6:
2022-04-24 02:05:39,945 - root - INFO - epoch mean loss: 0.5340103956679816
2022-04-24 02:05:39,947 - root - INFO - train acc: 0.878914552667293, val acc: 0.8830179211702349
2022-04-24 02:05:39,949 - root - INFO - train auc: 0.9471211335234193, val auc: 0.962431979610528
2022-04-24 02:05:39,950 - root - INFO - train ap: 0.9555469352161735, val ap: 0.9640360724916365
2022-04-24 02:05:39,950 - root - INFO - train time: 550.7751708030701, val time: 243.74751138687134
2022-04-24 02:05:39,950 - root - INFO - No improvment over 3 epochs, stop training
2022-04-24 02:05:39,951 - root - INFO - Loading the best model at epoch 3
2022-04-24 02:05:41,409 - root - INFO - Loaded the best model at epoch 3 for inference
2022-04-24 02:09:40,945 - root - INFO - Test statistics: t all nodes -- acc: 0.8499556680004157, auc: 0.9483608324347849, ap: 0.9539761123319457, time: 239.5344045162201
2022-04-24 02:09:40,945 - root - INFO - Saving NAT model ...
2022-04-24 02:09:41,123 - root - INFO - NAT model saved
2022-04-24 02:09:41,123 - root - INFO - transductive_auc [0.9402290872317346, 0.9483608324347849]
2022-04-24 02:09:41,123 - root - INFO - Mean 94.42949598332598
2022-04-24 02:09:41,123 - root - INFO - Standard deviation 0.004065872601525133
2022-04-24 02:09:41,123 - root - INFO - 95% 0.5635011932438861
2022-04-24 02:09:41,124 - root - INFO - --------
2022-04-24 02:09:41,124 - root - INFO - transductive_ap [0.9484367327060705, 0.9539761123319457]
2022-04-24 02:09:41,124 - root - INFO - Mean 95.1206422519008
2022-04-24 02:09:41,124 - root - INFO - Standard deviation 0.0027696898129375702
2022-04-24 02:09:41,124 - root - INFO - 95% 0.3838594239082454
2022-04-24 02:09:41,124 - root - INFO - --------
2022-04-24 02:09:41,124 - root - INFO - test_times [225.14280438423157, 239.5344045162201]
2022-04-24 02:09:41,124 - root - INFO - Mean 23233.860445022583
2022-04-24 02:09:41,124 - root - INFO - Standard deviation 7.195800065994263
2022-04-24 02:09:41,124 - root - INFO - 95% 997.2870084545212
2022-04-24 02:09:41,124 - root - INFO - --------
2022-04-24 02:09:41,124 - root - INFO - early_stoppers [1, 4]
2022-04-24 02:09:41,125 - root - INFO - Mean 250.0
2022-04-24 02:09:41,125 - root - INFO - Standard deviation 1.5
2022-04-24 02:09:41,125 - root - INFO - 95% 207.88939366884495
2022-04-24 02:09:41,125 - root - INFO - --------
2022-04-24 02:09:41,125 - root - INFO - total_time [4056.0075919628143, 5971.664606809616]
2022-04-24 02:09:41,125 - root - INFO - Mean 501383.6099386215
2022-04-24 02:09:41,125 - root - INFO - Standard deviation 957.8285074234009
2022-04-24 02:09:41,125 - root - INFO - 95% 132748.25843132372
2022-04-24 02:09:41,125 - root - INFO - --------
2022-04-24 02:09:41,125 - root - INFO - Transductive training...
2022-04-24 02:09:45,734 - root - INFO - num of training instances: 2873633
2022-04-24 02:09:45,734 - root - INFO - num of batches per epoch: 28737
2022-04-24 02:09:48,172 - root - INFO - start 0 epoch
2022-04-24 02:19:30,085 - root - INFO - train_time [584.3470177650452]
2022-04-24 02:19:30,085 - root - INFO - Mean 58434.70177650452
2022-04-24 02:19:30,085 - root - INFO - Standard deviation 0.0
2022-04-24 02:19:30,086 - root - INFO - 95% 0.0
2022-04-24 02:19:30,086 - root - INFO - --------
2022-04-24 02:23:38,711 - root - INFO - epoch: 0:
2022-04-24 02:23:38,714 - root - INFO - epoch mean loss: 0.5795646208105519
2022-04-24 02:23:38,716 - root - INFO - train acc: 0.8692540105090997, val acc: 0.8762804315630845
2022-04-24 02:23:38,717 - root - INFO - train auc: 0.9389801341149911, val auc: 0.963053064023202
2022-04-24 02:23:38,719 - root - INFO - train ap: 0.9485319252995237, val ap: 0.9657037976963038
2022-04-24 02:23:38,719 - root - INFO - train time: 584.3470177650452, val time: 248.62501573562622
2022-04-24 02:23:47,873 - root - INFO - start 1 epoch
2022-04-24 02:33:33,155 - root - INFO - train_time [584.3470177650452, 587.4744539260864]
2022-04-24 02:33:33,155 - root - INFO - Mean 58591.07358455658
2022-04-24 02:33:33,156 - root - INFO - Standard deviation 1.5637180805206299
2022-04-24 02:33:33,156 - root - INFO - 95% 216.7202690856292
2022-04-24 02:33:33,156 - root - INFO - --------
2022-04-24 02:37:26,481 - root - INFO - epoch: 1:
2022-04-24 02:37:26,485 - root - INFO - epoch mean loss: 0.5577149764392999
2022-04-24 02:37:26,486 - root - INFO - train acc: 0.8726225119184327, val acc: 0.837402242257327
2022-04-24 02:37:26,488 - root - INFO - train auc: 0.9424506044581029, val auc: 0.9489947810437669
2022-04-24 02:37:26,490 - root - INFO - train ap: 0.9518641892087367, val ap: 0.9509234237063051
2022-04-24 02:37:26,490 - root - INFO - train time: 587.4744539260864, val time: 233.32542300224304
2022-04-24 02:37:35,694 - root - INFO - start 2 epoch
2022-04-24 02:47:21,567 - root - INFO - train_time [584.3470177650452, 587.4744539260864, 588.2605483531952]
2022-04-24 02:47:21,567 - root - INFO - Mean 58669.400668144226
2022-04-24 02:47:21,567 - root - INFO - Standard deviation 1.690316310112986
2022-04-24 02:47:21,567 - root - INFO - 95% 191.27729702523212
2022-04-24 02:47:21,567 - root - INFO - --------
2022-04-24 02:51:30,862 - root - INFO - epoch: 2:
2022-04-24 02:51:30,865 - root - INFO - epoch mean loss: 0.5515374726532135
2022-04-24 02:51:30,867 - root - INFO - train acc: 0.8744965767129486, val acc: 0.873631878767408
2022-04-24 02:51:30,869 - root - INFO - train auc: 0.9438237548717681, val auc: 0.9487724359703025
2022-04-24 02:51:30,870 - root - INFO - train ap: 0.9528591063315343, val ap: 0.9467817898700802
2022-04-24 02:51:30,870 - root - INFO - train time: 588.2605483531952, val time: 249.29425930976868
2022-04-24 02:51:39,488 - root - INFO - start 3 epoch
2022-04-24 03:01:21,520 - root - INFO - train_time [584.3470177650452, 587.4744539260864, 588.2605483531952, 584.418541431427]
2022-04-24 03:01:21,521 - root - INFO - Mean 58612.514036893845
2022-04-24 03:01:21,521 - root - INFO - Standard deviation 1.7645689461396936
2022-04-24 03:01:21,522 - root - INFO - 95% 172.92775672168997
2022-04-24 03:01:21,522 - root - INFO - --------
2022-04-24 03:05:23,804 - root - INFO - epoch: 3:
2022-04-24 03:05:23,807 - root - INFO - epoch mean loss: 0.5433602177276085
2022-04-24 03:05:23,809 - root - INFO - train acc: 0.8761432343320459, val acc: 0.881273059135315
2022-04-24 03:05:23,811 - root - INFO - train auc: 0.9450237146361834, val auc: 0.9637843441056303
2022-04-24 03:05:23,812 - root - INFO - train ap: 0.9540408600776553, val ap: 0.9654274634833113
2022-04-24 03:05:23,813 - root - INFO - train time: 584.418541431427, val time: 242.28245401382446
2022-04-24 03:05:23,813 - root - INFO - No improvment over 3 epochs, stop training
2022-04-24 03:05:23,813 - root - INFO - Loading the best model at epoch 0
2022-04-24 03:05:25,667 - root - INFO - Loaded the best model at epoch 0 for inference
2022-04-24 03:09:29,154 - root - INFO - Test statistics: t all nodes -- acc: 0.8116628884327582, auc: 0.9347385366055654, ap: 0.9415920369944675, time: 243.4848198890686
2022-04-24 03:09:29,154 - root - INFO - Saving NAT model ...
2022-04-24 03:09:29,330 - root - INFO - NAT model saved
2022-04-24 03:09:29,344 - root - INFO - transductive_auc [0.9402290872317346, 0.9483608324347849, 0.9347385366055654]
2022-04-24 03:09:29,344 - root - INFO - Mean 94.11094854240282
2022-04-24 03:09:29,344 - root - INFO - Standard deviation 0.005596014155774214
2022-04-24 03:09:29,345 - root - INFO - 95% 0.633248614728139
2022-04-24 03:09:29,345 - root - INFO - --------
2022-04-24 03:09:29,345 - root - INFO - transductive_ap [0.9484367327060705, 0.9539761123319457, 0.9415920369944675]
2022-04-24 03:09:29,345 - root - INFO - Mean 94.80016273441613
2022-04-24 03:09:29,345 - root - INFO - Standard deviation 0.005065130337122344
2022-04-24 03:09:29,345 - root - INFO - 95% 0.5731734552691525
2022-04-24 03:09:29,345 - root - INFO - --------
2022-04-24 03:09:29,345 - root - INFO - test_times [225.14280438423157, 239.5344045162201, 243.4848198890686]
2022-04-24 03:09:29,345 - root - INFO - Mean 23605.400959650673
2022-04-24 03:09:29,345 - root - INFO - Standard deviation 7.882142043581612
2022-04-24 03:09:29,346 - root - INFO - 95% 891.9483388079313
2022-04-24 03:09:29,346 - root - INFO - --------
2022-04-24 03:09:29,346 - root - INFO - early_stoppers [1, 4, 1]
2022-04-24 03:09:29,346 - root - INFO - Mean 200
2022-04-24 03:09:29,346 - root - INFO - Standard deviation 1.4142135623730951
2022-04-24 03:09:29,346 - root - INFO - 95% 160.03332986183432
2022-04-24 03:09:29,346 - root - INFO - --------
2022-04-24 03:09:29,346 - root - INFO - total_time [4056.0075919628143, 5971.664606809616, 3586.048092365265]
2022-04-24 03:09:29,346 - root - INFO - Mean 453790.67637125653
2022-04-24 03:09:29,346 - root - INFO - Standard deviation 1031.8144688838931
2022-04-24 03:09:29,347 - root - INFO - 95% 116760.79882731782
2022-04-24 03:09:29,347 - root - INFO - --------
