2022-07-13 16:22:54,573 - root - INFO - Create log file at log/1657754574.573085-sx-askubuntu-t-2-16k16-16.log
2022-07-13 16:22:54,573 - root - INFO - Command line executed: python main.py -d sx-askubuntu --pos_dim 16 --bs 100 --n_degree 16 16 --n_hop 2 --mode t --bias 1e-5 --seed 2 --verbosity 1 --drop_out 0.1 --attn_n_head 1 --ngh_dim 4 --self_dim 172 --run 3 --replace_prob 0.1
2022-07-13 16:22:54,573 - root - INFO - Full args parsed:
2022-07-13 16:22:54,573 - root - INFO - Namespace(attn_n_head=1, bias=1e-05, bs=100, cpu_cores=1, data='sx-askubuntu', drop_out=0.1, gpu=0, linear_out=False, lr=0.0001, mode='t', n_degree=['16', '16'], n_epoch=50, n_hop=2, ngh_dim=4, pos_dim=16, replace_prob=0.1, run=3, seed=2, self_dim=172, t_batch=False, t_batch_order=False, time_dim=1, tolerance=0.001, verbosity=1)
2022-07-13 16:22:54,573 - root - INFO - Create checkpoint directory ./saved_checkpoints/1657754574.573085-sx-askubuntu-t-2-16k16-16/
2022-07-13 16:22:54,573 - root - INFO - Create best model directory ./best_models/1657754574.573085-sx-askubuntu-t-2-16k16-16/
2022-07-13 16:22:55,074 - root - INFO - Transductive training...
2022-07-13 16:22:58,424 - root - INFO - num of training instances: 675106
2022-07-13 16:22:58,424 - root - INFO - num of batches per epoch: 6752
2022-07-13 16:22:58,948 - root - INFO - start 0 epoch
2022-07-13 16:26:16,494 - root - INFO - train_time [198.06821846961975]
2022-07-13 16:26:16,494 - root - INFO - Mean 19806.821846961975
2022-07-13 16:26:16,495 - root - INFO - Standard deviation 0.0
2022-07-13 16:26:16,495 - root - INFO - 95% 0.0
2022-07-13 16:26:16,495 - root - INFO - --------
2022-07-13 16:27:35,367 - root - INFO - epoch: 0:
2022-07-13 16:27:35,368 - root - INFO - epoch mean loss: 0.7602194880832746
2022-07-13 16:27:35,369 - root - INFO - train acc: 0.8279554206161137, val acc: 0.8502232636584827
2022-07-13 16:27:35,369 - root - INFO - train auc: 0.8953208382701422, val auc: 0.9314774685725873
2022-07-13 16:27:35,370 - root - INFO - train ap: 0.9149673286868398, val ap: 0.9354325164126049
2022-07-13 16:27:35,370 - root - INFO - train time: 198.06821846961975, val time: 78.8717303276062
2022-07-13 16:27:36,664 - root - INFO - start 1 epoch
2022-07-13 16:30:49,551 - root - INFO - train_time [198.06821846961975, 193.53361248970032]
2022-07-13 16:30:49,551 - root - INFO - Mean 19580.091547966003
2022-07-13 16:30:49,551 - root - INFO - Standard deviation 2.267302989959717
2022-07-13 16:30:49,551 - root - INFO - 95% 314.2321625641899
2022-07-13 16:30:49,551 - root - INFO - --------
2022-07-13 16:32:08,101 - root - INFO - epoch: 1:
2022-07-13 16:32:08,102 - root - INFO - epoch mean loss: 0.7381324861088318
2022-07-13 16:32:08,103 - root - INFO - train acc: 0.8310048874407583, val acc: 0.8496875691218757
2022-07-13 16:32:08,103 - root - INFO - train auc: 0.900785034063981, val auc: 0.9354073952150767
2022-07-13 16:32:08,104 - root - INFO - train ap: 0.9199785181888112, val ap: 0.9401971160264138
2022-07-13 16:32:08,104 - root - INFO - train time: 193.53361248970032, val time: 78.5493471622467
2022-07-13 16:32:09,393 - root - INFO - start 2 epoch
2022-07-13 16:36:17,339 - root - INFO - train_time [198.06821846961975, 193.53361248970032, 248.58425450325012]
2022-07-13 16:36:17,339 - root - INFO - Mean 21339.53618208567
2022-07-13 16:36:17,340 - root - INFO - Standard deviation 24.95107598225014
2022-07-13 16:36:17,340 - root - INFO - 95% 2823.4800452448935
2022-07-13 16:36:17,340 - root - INFO - --------
2022-07-13 16:37:59,869 - root - INFO - epoch: 2:
2022-07-13 16:37:59,872 - root - INFO - epoch mean loss: 0.7468678020580861
2022-07-13 16:37:59,874 - root - INFO - train acc: 0.8298881812796208, val acc: 0.8497843397478434
2022-07-13 16:37:59,875 - root - INFO - train auc: 0.8984183723341231, val auc: 0.9376259794185775
2022-07-13 16:37:59,878 - root - INFO - train ap: 0.9179721161318243, val ap: 0.9428011268917647
2022-07-13 16:37:59,878 - root - INFO - train time: 248.58425450325012, val time: 102.5288074016571
2022-07-13 16:38:01,659 - root - INFO - start 3 epoch
2022-07-13 16:42:19,403 - root - INFO - train_time [198.06821846961975, 193.53361248970032, 248.58425450325012, 258.6301302909851]
2022-07-13 16:42:19,404 - root - INFO - Mean 22470.405393838882
2022-07-13 16:42:19,405 - root - INFO - Standard deviation 29.164648064590327
2022-07-13 16:42:19,405 - root - INFO - 95% 2858.135510329852
2022-07-13 16:42:19,405 - root - INFO - --------
2022-07-13 16:44:05,105 - root - INFO - epoch: 3:
2022-07-13 16:44:05,106 - root - INFO - epoch mean loss: 0.737096343513896
2022-07-13 16:44:05,106 - root - INFO - train acc: 0.8320075533175356, val acc: 0.852083794145838
2022-07-13 16:44:05,107 - root - INFO - train auc: 0.9011480968601896, val auc: 0.938147957582977
2022-07-13 16:44:05,107 - root - INFO - train ap: 0.9199717061785521, val ap: 0.9432673625065161
2022-07-13 16:44:05,107 - root - INFO - train time: 258.6301302909851, val time: 105.69913983345032
2022-07-13 16:44:07,434 - root - INFO - start 4 epoch
2022-07-13 16:48:42,147 - root - INFO - train_time [198.06821846961975, 193.53361248970032, 248.58425450325012, 258.6301302909851, 275.9290587902069]
2022-07-13 16:48:42,147 - root - INFO - Mean 23494.905490875244
2022-07-13 16:48:42,148 - root - INFO - Standard deviation 33.17079343211639
2022-07-13 16:48:42,149 - root - INFO - 95% 2907.5482400871792
2022-07-13 16:48:42,149 - root - INFO - --------
2022-07-13 16:50:32,155 - root - INFO - epoch: 4:
2022-07-13 16:50:32,156 - root - INFO - epoch mean loss: 0.7281128178015175
2022-07-13 16:50:32,157 - root - INFO - train acc: 0.8347230450236968, val acc: 0.8471047150335471
2022-07-13 16:50:32,157 - root - INFO - train auc: 0.9034346712085306, val auc: 0.9403830662348854
2022-07-13 16:50:32,158 - root - INFO - train ap: 0.9221750316592124, val ap: 0.9458595322963096
2022-07-13 16:50:32,158 - root - INFO - train time: 275.9290587902069, val time: 110.00591087341309
2022-07-13 16:50:34,226 - root - INFO - start 5 epoch
2022-07-13 16:55:01,471 - root - INFO - train_time [198.06821846961975, 193.53361248970032, 248.58425450325012, 258.6301302909851, 275.9290587902069, 268.159907579422]
2022-07-13 16:55:01,471 - root - INFO - Mean 24048.41970205307
2022-07-13 16:55:01,471 - root - INFO - Standard deviation 32.71248902816811
2022-07-13 16:55:01,471 - root - INFO - 95% 2617.5442736232317
2022-07-13 16:55:01,471 - root - INFO - --------
2022-07-13 16:56:50,471 - root - INFO - epoch: 5:
2022-07-13 16:56:50,471 - root - INFO - epoch mean loss: 0.7310515226226882
2022-07-13 16:56:50,472 - root - INFO - train acc: 0.8347534063981045, val acc: 0.814543703457937
2022-07-13 16:56:50,473 - root - INFO - train auc: 0.9032318053909953, val auc: 0.8940605372267382
2022-07-13 16:56:50,473 - root - INFO - train ap: 0.9216260146623299, val ap: 0.9133294220876552
2022-07-13 16:56:50,473 - root - INFO - train time: 268.159907579422, val time: 108.99910235404968
2022-07-13 16:56:52,297 - root - INFO - start 6 epoch
2022-07-13 17:01:34,929 - root - INFO - train_time [198.06821846961975, 193.53361248970032, 248.58425450325012, 258.6301302909851, 275.9290587902069, 268.159907579422, 283.285338640213]
2022-07-13 17:01:34,929 - root - INFO - Mean 24659.864582334245
2022-07-13 17:01:34,930 - root - INFO - Standard deviation 33.78688241932441
2022-07-13 17:01:34,930 - root - INFO - 95% 2502.9672768159558
2022-07-13 17:01:34,930 - root - INFO - --------
2022-07-13 17:03:25,572 - root - INFO - epoch: 6:
2022-07-13 17:03:25,573 - root - INFO - epoch mean loss: 0.7222831660365218
2022-07-13 17:03:25,573 - root - INFO - train acc: 0.8367802132701423, val acc: 0.8169433845756838
2022-07-13 17:03:25,574 - root - INFO - train auc: 0.9056136181872039, val auc: 0.9066077897089816
2022-07-13 17:03:25,574 - root - INFO - train ap: 0.9240064532496124, val ap: 0.9202053574619999
2022-07-13 17:03:25,575 - root - INFO - train time: 283.285338640213, val time: 110.64201354980469
2022-07-13 17:03:27,805 - root - INFO - start 7 epoch
2022-07-13 17:08:07,224 - root - INFO - train_time [198.06821846961975, 193.53361248970032, 248.58425450325012, 258.6301302909851, 275.9290587902069, 268.159907579422, 283.285338640213, 280.4988601207733]
2022-07-13 17:08:07,224 - root - INFO - Mean 25083.61726105213
2022-07-13 17:08:07,225 - root - INFO - Standard deviation 33.53439545555435
2022-07-13 17:08:07,225 - root - INFO - 95% 2323.8150461021546
2022-07-13 17:08:07,225 - root - INFO - --------
2022-07-13 17:10:02,277 - root - INFO - epoch: 7:
2022-07-13 17:10:02,278 - root - INFO - epoch mean loss: 0.7161820507387662
2022-07-13 17:10:02,278 - root - INFO - train acc: 0.8387529620853081, val acc: 0.8432269778072697
2022-07-13 17:10:02,278 - root - INFO - train auc: 0.9067911285545025, val auc: 0.9323792810441703
2022-07-13 17:10:02,279 - root - INFO - train ap: 0.9251081687248874, val ap: 0.9394458553729867
2022-07-13 17:10:02,279 - root - INFO - train time: 280.4988601207733, val time: 115.05169320106506
2022-07-13 17:10:02,279 - root - INFO - No improvment over 3 epochs, stop training
2022-07-13 17:10:02,279 - root - INFO - Loading the best model at epoch 4
2022-07-13 17:10:02,632 - root - INFO - Loaded the best model at epoch 4 for inference
2022-07-13 17:11:55,571 - root - INFO - Test statistics: t all nodes -- acc: 0.8006902510506525, auc: 0.9267941400201837, ap: 0.9345786111749038, time: 112.9363055229187
2022-07-13 17:11:55,571 - root - INFO - Saving NAT model ...
2022-07-13 17:11:55,593 - root - INFO - NAT model saved
2022-07-13 17:11:55,593 - root - INFO - transductive_auc [0.9267941400201837]
2022-07-13 17:11:55,593 - root - INFO - Mean 92.67941400201836
2022-07-13 17:11:55,594 - root - INFO - Standard deviation 0.0
2022-07-13 17:11:55,594 - root - INFO - 95% 0.0
2022-07-13 17:11:55,594 - root - INFO - --------
2022-07-13 17:11:55,594 - root - INFO - transductive_ap [0.9345786111749038]
2022-07-13 17:11:55,594 - root - INFO - Mean 93.45786111749038
2022-07-13 17:11:55,594 - root - INFO - Standard deviation 0.0
2022-07-13 17:11:55,594 - root - INFO - 95% 0.0
2022-07-13 17:11:55,594 - root - INFO - --------
2022-07-13 17:11:55,595 - root - INFO - test_times [112.9363055229187]
2022-07-13 17:11:55,595 - root - INFO - Mean 11293.63055229187
2022-07-13 17:11:55,595 - root - INFO - Standard deviation 0.0
2022-07-13 17:11:55,595 - root - INFO - 95% 0.0
2022-07-13 17:11:55,595 - root - INFO - --------
2022-07-13 17:11:55,595 - root - INFO - early_stoppers [5]
2022-07-13 17:11:55,595 - root - INFO - Mean 500
2022-07-13 17:11:55,595 - root - INFO - Standard deviation 0.0
2022-07-13 17:11:55,595 - root - INFO - 95% 0.0
2022-07-13 17:11:55,596 - root - INFO - --------
2022-07-13 17:11:55,596 - root - INFO - total_time [2940.1128323078156]
2022-07-13 17:11:55,596 - root - INFO - Mean 294011.28323078156
2022-07-13 17:11:55,596 - root - INFO - Standard deviation 0.0
2022-07-13 17:11:55,596 - root - INFO - 95% 0.0
2022-07-13 17:11:55,596 - root - INFO - --------
2022-07-13 17:11:55,596 - root - INFO - Transductive training...
2022-07-13 17:11:57,208 - root - INFO - num of training instances: 675106
2022-07-13 17:11:57,208 - root - INFO - num of batches per epoch: 6752
2022-07-13 17:11:58,181 - root - INFO - start 0 epoch
2022-07-13 17:16:38,161 - root - INFO - train_time [280.95053720474243]
2022-07-13 17:16:38,161 - root - INFO - Mean 28095.053720474243
2022-07-13 17:16:38,161 - root - INFO - Standard deviation 0.0
2022-07-13 17:16:38,161 - root - INFO - 95% 0.0
2022-07-13 17:16:38,161 - root - INFO - --------
2022-07-13 17:18:29,358 - root - INFO - epoch: 0:
2022-07-13 17:18:29,361 - root - INFO - epoch mean loss: 0.7761984072687431
2022-07-13 17:18:29,363 - root - INFO - train acc: 0.8252399289099526, val acc: 0.8342180933421809
2022-07-13 17:18:29,365 - root - INFO - train auc: 0.8926003702606635, val auc: 0.9216142929254529
2022-07-13 17:18:29,367 - root - INFO - train ap: 0.911025680151473, val ap: 0.9252829542506813
2022-07-13 17:18:29,367 - root - INFO - train time: 280.95053720474243, val time: 111.19715428352356
2022-07-13 17:18:32,269 - root - INFO - start 1 epoch
2022-07-13 17:23:15,927 - root - INFO - train_time [280.95053720474243, 284.6637291908264]
2022-07-13 17:23:15,927 - root - INFO - Mean 28280.713319778442
2022-07-13 17:23:15,927 - root - INFO - Standard deviation 1.8565959930419922
2022-07-13 17:23:15,927 - root - INFO - 95% 257.3110768543379
2022-07-13 17:23:15,927 - root - INFO - --------
2022-07-13 17:25:07,902 - root - INFO - epoch: 1:
2022-07-13 17:25:07,903 - root - INFO - epoch mean loss: 0.7444882119908681
2022-07-13 17:25:07,903 - root - INFO - train acc: 0.8297793246445497, val acc: 0.8499559924058099
2022-07-13 17:25:07,904 - root - INFO - train auc: 0.8985528732227489, val auc: 0.9352938241332117
2022-07-13 17:25:07,904 - root - INFO - train ap: 0.9183461061194386, val ap: 0.9403324562548003
2022-07-13 17:25:07,904 - root - INFO - train time: 284.6637291908264, val time: 111.9744884967804
2022-07-13 17:25:10,737 - root - INFO - start 2 epoch
2022-07-13 17:29:51,731 - root - INFO - train_time [280.95053720474243, 284.6637291908264, 281.9002959728241]
2022-07-13 17:29:51,731 - root - INFO - Mean 28250.485412279766
2022-07-13 17:29:51,732 - root - INFO - Standard deviation 1.5750273222824132
2022-07-13 17:29:51,733 - root - INFO - 95% 178.2311199061503
2022-07-13 17:29:51,733 - root - INFO - --------
2022-07-13 17:31:44,995 - root - INFO - epoch: 2:
2022-07-13 17:31:44,998 - root - INFO - epoch mean loss: 0.7502361432190154
2022-07-13 17:31:45,000 - root - INFO - train acc: 0.8277969490521326, val acc: 0.8457798790827988
2022-07-13 17:31:45,001 - root - INFO - train auc: 0.8974421578791469, val auc: 0.9368402940982207
2022-07-13 17:31:45,003 - root - INFO - train ap: 0.916956714837972, val ap: 0.9421345837005534
2022-07-13 17:31:45,004 - root - INFO - train time: 281.9002959728241, val time: 113.26140594482422
2022-07-13 17:31:48,027 - root - INFO - start 3 epoch
2022-07-13 17:36:37,232 - root - INFO - train_time [280.95053720474243, 284.6637291908264, 281.9002959728241, 290.07203555107117]
2022-07-13 17:36:37,232 - root - INFO - Mean 28439.664947986603
2022-07-13 17:36:37,233 - root - INFO - Standard deviation 3.54925376924904
2022-07-13 17:36:37,233 - root - INFO - 95% 347.8268693864059
2022-07-13 17:36:37,233 - root - INFO - --------
2022-07-13 17:38:30,640 - root - INFO - epoch: 3:
2022-07-13 17:38:30,641 - root - INFO - epoch mean loss: 0.737285282738701
2022-07-13 17:38:30,641 - root - INFO - train acc: 0.8309634182464455, val acc: 0.8504732544422325
2022-07-13 17:38:30,642 - root - INFO - train auc: 0.900740543542654, val auc: 0.9383344666440869
2022-07-13 17:38:30,642 - root - INFO - train ap: 0.9198225385650348, val ap: 0.9436247683745176
2022-07-13 17:38:30,642 - root - INFO - train time: 290.07203555107117, val time: 113.40672612190247
2022-07-13 17:38:33,584 - root - INFO - start 4 epoch
2022-07-13 17:43:22,922 - root - INFO - train_time [280.95053720474243, 284.6637291908264, 281.9002959728241, 290.07203555107117, 290.18610095977783]
2022-07-13 17:43:22,922 - root - INFO - Mean 28555.453977584843
2022-07-13 17:43:22,922 - root - INFO - Standard deviation 3.929453092345459
2022-07-13 17:43:22,923 - root - INFO - 95% 344.43174977214323
2022-07-13 17:43:22,923 - root - INFO - --------
2022-07-13 17:45:17,535 - root - INFO - epoch: 4:
2022-07-13 17:45:17,536 - root - INFO - epoch mean loss: 0.7316328702865266
2022-07-13 17:45:17,536 - root - INFO - train acc: 0.8340854561611374, val acc: 0.850354595222296
2022-07-13 17:45:17,537 - root - INFO - train auc: 0.9027011626184833, val auc: 0.9381294410805132
2022-07-13 17:45:17,537 - root - INFO - train ap: 0.9214135090957207, val ap: 0.9429593204686478
2022-07-13 17:45:17,537 - root - INFO - train time: 290.18610095977783, val time: 114.61190414428711
2022-07-13 17:45:20,590 - root - INFO - start 5 epoch
2022-07-13 17:49:59,739 - root - INFO - train_time [280.95053720474243, 284.6637291908264, 281.9002959728241, 290.07203555107117, 290.18610095977783, 280.23632645606995]
2022-07-13 17:49:59,740 - root - INFO - Mean 28466.817088921864
2022-07-13 17:49:59,740 - root - INFO - Standard deviation 4.0982212019418425
2022-07-13 17:49:59,740 - root - INFO - 95% 327.925992728561
2022-07-13 17:49:59,740 - root - INFO - --------
2022-07-13 17:51:53,434 - root - INFO - epoch: 5:
2022-07-13 17:51:53,435 - root - INFO - epoch mean loss: 0.7394901351733972
2022-07-13 17:51:53,435 - root - INFO - train acc: 0.8325925651658768, val acc: 0.8499548403745485
2022-07-13 17:51:53,436 - root - INFO - train auc: 0.9017647808056872, val auc: 0.9342849567565864
2022-07-13 17:51:53,436 - root - INFO - train ap: 0.920146737617175, val ap: 0.9388993311344598
2022-07-13 17:51:53,436 - root - INFO - train time: 280.23632645606995, val time: 113.69342041015625
2022-07-13 17:51:56,288 - root - INFO - start 6 epoch
2022-07-13 17:56:38,359 - root - INFO - train_time [280.95053720474243, 284.6637291908264, 281.9002959728241, 290.07203555107117, 290.18610095977783, 280.23632645606995, 282.6786024570465]
2022-07-13 17:56:38,360 - root - INFO - Mean 28438.394682747974
2022-07-13 17:56:38,360 - root - INFO - Standard deviation 3.857560321640578
2022-07-13 17:56:38,360 - root - INFO - 95% 285.7720677977565
2022-07-13 17:56:38,360 - root - INFO - --------
2022-07-13 17:58:32,701 - root - INFO - epoch: 6:
2022-07-13 17:58:32,701 - root - INFO - epoch mean loss: 0.7225673516282053
2022-07-13 17:58:32,702 - root - INFO - train acc: 0.836615077014218, val acc: 0.8422592715475927
2022-07-13 17:58:32,702 - root - INFO - train auc: 0.9049489780805687, val auc: 0.9329360241519514
2022-07-13 17:58:32,703 - root - INFO - train ap: 0.9233833035899633, val ap: 0.9384681040735786
2022-07-13 17:58:32,703 - root - INFO - train time: 282.6786024570465, val time: 114.34033393859863
2022-07-13 17:58:32,703 - root - INFO - No improvment over 3 epochs, stop training
2022-07-13 17:58:32,703 - root - INFO - Loading the best model at epoch 3
2022-07-13 17:58:33,139 - root - INFO - Loaded the best model at epoch 3 for inference
2022-07-13 18:00:25,633 - root - INFO - Test statistics: t all nodes -- acc: 0.8096069730148197, auc: 0.9274437940651957, ap: 0.9351302501771724, time: 112.49164271354675
2022-07-13 18:00:25,634 - root - INFO - Saving NAT model ...
2022-07-13 18:00:25,711 - root - INFO - NAT model saved
2022-07-13 18:00:25,721 - root - INFO - transductive_auc [0.9267941400201837, 0.9274437940651957]
2022-07-13 18:00:25,721 - root - INFO - Mean 92.71189670426897
2022-07-13 18:00:25,722 - root - INFO - Standard deviation 0.0003248270225060246
2022-07-13 18:00:25,723 - root - INFO - 95% 0.04501872850402247
2022-07-13 18:00:25,723 - root - INFO - --------
2022-07-13 18:00:25,723 - root - INFO - transductive_ap [0.9345786111749038, 0.9351302501771724]
2022-07-13 18:00:25,723 - root - INFO - Mean 93.48544306760381
2022-07-13 18:00:25,724 - root - INFO - Standard deviation 0.0002758195011343112
2022-07-13 18:00:25,724 - root - INFO - 95% 0.03822663256857017
2022-07-13 18:00:25,725 - root - INFO - --------
2022-07-13 18:00:25,725 - root - INFO - test_times [112.9363055229187, 112.49164271354675]
2022-07-13 18:00:25,725 - root - INFO - Mean 11271.397411823273
2022-07-13 18:00:25,726 - root - INFO - Standard deviation 0.22233140468597412
2022-07-13 18:00:25,726 - root - INFO - 95% 30.813560609139838
2022-07-13 18:00:25,726 - root - INFO - --------
2022-07-13 18:00:25,727 - root - INFO - early_stoppers [5, 4]
2022-07-13 18:00:25,727 - root - INFO - Mean 450.0
2022-07-13 18:00:25,727 - root - INFO - Standard deviation 0.5
2022-07-13 18:00:25,728 - root - INFO - 95% 69.29646455628165
2022-07-13 18:00:25,728 - root - INFO - --------
2022-07-13 18:00:25,728 - root - INFO - total_time [2940.1128323078156, 2909.315254211426]
2022-07-13 18:00:25,729 - root - INFO - Mean 292471.40432596207
2022-07-13 18:00:25,729 - root - INFO - Standard deviation 15.398789048194885
2022-07-13 18:00:25,730 - root - INFO - 95% 2134.16327897579
2022-07-13 18:00:25,730 - root - INFO - --------
2022-07-13 18:00:25,730 - root - INFO - Transductive training...
2022-07-13 18:00:27,352 - root - INFO - num of training instances: 675106
2022-07-13 18:00:27,353 - root - INFO - num of batches per epoch: 6752
2022-07-13 18:00:28,459 - root - INFO - start 0 epoch
2022-07-13 18:05:03,658 - root - INFO - train_time [276.3048994541168]
2022-07-13 18:05:03,658 - root - INFO - Mean 27630.489945411682
2022-07-13 18:05:03,658 - root - INFO - Standard deviation 0.0
2022-07-13 18:05:03,659 - root - INFO - 95% 0.0
2022-07-13 18:05:03,659 - root - INFO - --------
2022-07-13 18:06:56,985 - root - INFO - epoch: 0:
2022-07-13 18:06:56,988 - root - INFO - epoch mean loss: 0.7799091028905876
2022-07-13 18:06:56,989 - root - INFO - train acc: 0.8232012736966825, val acc: 0.8420922270146723
2022-07-13 18:06:56,991 - root - INFO - train auc: 0.8911843898104266, val auc: 0.9269091726073079
2022-07-13 18:06:56,993 - root - INFO - train ap: 0.9097281130310308, val ap: 0.9316573802014858
2022-07-13 18:06:56,993 - root - INFO - train time: 276.3048994541168, val time: 113.32599544525146
2022-07-13 18:07:00,202 - root - INFO - start 1 epoch
2022-07-13 18:11:45,423 - root - INFO - train_time [276.3048994541168, 286.2742991447449]
2022-07-13 18:11:45,423 - root - INFO - Mean 28128.959929943085
2022-07-13 18:11:45,423 - root - INFO - Standard deviation 4.984699845314026
2022-07-13 18:11:45,424 - root - INFO - 95% 690.8441523090121
2022-07-13 18:11:45,424 - root - INFO - --------
2022-07-13 18:13:37,534 - root - INFO - epoch: 1:
2022-07-13 18:13:37,535 - root - INFO - epoch mean loss: 0.7516839196066862
2022-07-13 18:13:37,535 - root - INFO - train acc: 0.8284367594786729, val acc: 0.8466611829978619
2022-07-13 18:13:37,536 - root - INFO - train auc: 0.8972607005331754, val auc: 0.933000357897712
2022-07-13 18:13:37,536 - root - INFO - train ap: 0.9168472869669427, val ap: 0.9377570847676007
2022-07-13 18:13:37,536 - root - INFO - train time: 286.2742991447449, val time: 112.11024522781372
2022-07-13 18:13:40,346 - root - INFO - start 2 epoch
2022-07-13 18:18:25,041 - root - INFO - train_time [276.3048994541168, 286.2742991447449, 285.54759097099304]
2022-07-13 18:18:25,042 - root - INFO - Mean 28270.892985661823
2022-07-13 18:18:25,042 - root - INFO - Standard deviation 4.53804144534999
2022-07-13 18:18:25,042 - root - INFO - 95% 513.5277322130331
2022-07-13 18:18:25,043 - root - INFO - --------
2022-07-13 18:20:21,099 - root - INFO - epoch: 2:
2022-07-13 18:20:21,100 - root - INFO - epoch mean loss: 0.7382665716544218
2022-07-13 18:20:21,100 - root - INFO - train acc: 0.8317083827014218, val acc: 0.8508868336651183
2022-07-13 18:20:21,101 - root - INFO - train auc: 0.9008870482819906, val auc: 0.9375114123096844
2022-07-13 18:20:21,101 - root - INFO - train ap: 0.9198964417720852, val ap: 0.9427260811378272
2022-07-13 18:20:21,101 - root - INFO - train time: 285.54759097099304, val time: 116.05621314048767
2022-07-13 18:20:24,148 - root - INFO - start 3 epoch
2022-07-13 18:25:01,843 - root - INFO - train_time [276.3048994541168, 286.2742991447449, 285.54759097099304, 278.83951115608215]
2022-07-13 18:25:01,843 - root - INFO - Mean 28174.157518148422
2022-07-13 18:25:01,843 - root - INFO - Standard deviation 4.272316739463101
2022-07-13 18:25:01,843 - root - INFO - 95% 418.68704046738395
2022-07-13 18:25:01,844 - root - INFO - --------
2022-07-13 18:26:55,647 - root - INFO - epoch: 3:
2022-07-13 18:26:55,649 - root - INFO - epoch mean loss: 0.7380041114299589
2022-07-13 18:26:55,651 - root - INFO - train acc: 0.8316558056872038, val acc: 0.8497935559979355
2022-07-13 18:26:55,653 - root - INFO - train auc: 0.9010041172985781, val auc: 0.9388898177140935
2022-07-13 18:26:55,655 - root - INFO - train ap: 0.9196922287985405, val ap: 0.9440310929543935
2022-07-13 18:26:55,655 - root - INFO - train time: 278.83951115608215, val time: 113.80306315422058
2022-07-13 18:26:58,674 - root - INFO - start 4 epoch
2022-07-13 18:31:48,647 - root - INFO - train_time [276.3048994541168, 286.2742991447449, 285.54759097099304, 278.83951115608215, 290.86657333374023]
2022-07-13 18:31:48,648 - root - INFO - Mean 28356.657481193542
2022-07-13 18:31:48,649 - root - INFO - Standard deviation 5.2843776229964305
2022-07-13 18:31:48,649 - root - INFO - 95% 463.19612128491195
2022-07-13 18:31:48,650 - root - INFO - --------
2022-07-13 18:33:43,416 - root - INFO - epoch: 4:
2022-07-13 18:33:43,417 - root - INFO - epoch mean loss: 0.7301495545433384
2022-07-13 18:33:43,417 - root - INFO - train acc: 0.8340284360189573, val acc: 0.8524973733687238
2022-07-13 18:33:43,418 - root - INFO - train auc: 0.9030346267772512, val auc: 0.939000460716502
2022-07-13 18:33:43,418 - root - INFO - train ap: 0.9218281737512777, val ap: 0.9440517567549177
2022-07-13 18:33:43,418 - root - INFO - train time: 290.86657333374023, val time: 114.76569366455078
2022-07-13 18:33:46,515 - root - INFO - start 5 epoch
2022-07-13 18:38:32,675 - root - INFO - train_time [276.3048994541168, 286.2742991447449, 285.54759097099304, 278.83951115608215, 290.86657333374023, 287.07034254074097]
2022-07-13 18:38:32,675 - root - INFO - Mean 28415.05361000697
2022-07-13 18:38:32,675 - root - INFO - Standard deviation 4.997558702228346
2022-07-13 18:38:32,676 - root - INFO - 95% 399.8879801487948
2022-07-13 18:38:32,676 - root - INFO - --------
2022-07-13 18:40:30,360 - root - INFO - epoch: 5:
2022-07-13 18:40:30,361 - root - INFO - epoch mean loss: 0.7314513439436165
2022-07-13 18:40:30,362 - root - INFO - train acc: 0.8345675355450237, val acc: 0.8439158925016589
2022-07-13 18:40:30,362 - root - INFO - train auc: 0.9030668542654029, val auc: 0.9363771775310895
2022-07-13 18:40:30,363 - root - INFO - train ap: 0.9215492685371285, val ap: 0.9405673212613412
2022-07-13 18:40:30,363 - root - INFO - train time: 287.07034254074097, val time: 117.68446040153503
2022-07-13 18:40:33,401 - root - INFO - start 6 epoch
2022-07-13 18:44:48,494 - root - INFO - train_time [276.3048994541168, 286.2742991447449, 285.54759097099304, 278.83951115608215, 290.86657333374023, 287.07034254074097, 256.12688732147217]
2022-07-13 18:44:48,495 - root - INFO - Mean 28014.715770312716
2022-07-13 18:44:48,495 - root - INFO - Standard deviation 10.842964662040137
2022-07-13 18:44:48,495 - root - INFO - 95% 803.2580631717519
2022-07-13 18:44:48,495 - root - INFO - --------
2022-07-13 18:46:04,581 - root - INFO - epoch: 6:
2022-07-13 18:46:04,584 - root - INFO - epoch mean loss: 0.7245798827594773
2022-07-13 18:46:04,586 - root - INFO - train acc: 0.8360078495260664, val acc: 0.8478754239475043
2022-07-13 18:46:04,587 - root - INFO - train auc: 0.905026510663507, val auc: 0.9331682664540785
2022-07-13 18:46:04,589 - root - INFO - train ap: 0.9231680146225683, val ap: 0.9386627536132303
2022-07-13 18:46:04,589 - root - INFO - train time: 256.12688732147217, val time: 76.08604526519775
2022-07-13 18:46:04,590 - root - INFO - No improvment over 3 epochs, stop training
2022-07-13 18:46:04,590 - root - INFO - Loading the best model at epoch 3
2022-07-13 18:46:05,081 - root - INFO - Loaded the best model at epoch 3 for inference
2022-07-13 18:47:25,622 - root - INFO - Test statistics: t all nodes -- acc: 0.8054003539040036, auc: 0.9274332512511059, ap: 0.9351540034279274, time: 80.54015636444092
2022-07-13 18:47:25,622 - root - INFO - Saving NAT model ...
2022-07-13 18:47:25,657 - root - INFO - NAT model saved
2022-07-13 18:47:25,658 - root - INFO - transductive_auc [0.9267941400201837, 0.9274437940651957, 0.9274332512511059]
2022-07-13 18:47:25,658 - root - INFO - Mean 92.72237284454951
2022-07-13 18:47:25,658 - root - INFO - Standard deviation 0.00030379537971403185
2022-07-13 18:47:25,658 - root - INFO - 95% 0.034377683474266334
2022-07-13 18:47:25,659 - root - INFO - --------
2022-07-13 18:47:25,659 - root - INFO - transductive_ap [0.9345786111749038, 0.9351302501771724, 0.9351540034279274]
2022-07-13 18:47:25,659 - root - INFO - Mean 93.49542882600012
2022-07-13 18:47:25,659 - root - INFO - Standard deviation 0.0002658207521756252
2022-07-13 18:47:25,659 - root - INFO - 95% 0.03008044983365806
2022-07-13 18:47:25,659 - root - INFO - --------
2022-07-13 18:47:25,659 - root - INFO - test_times [112.9363055229187, 112.49164271354675, 80.54015636444092]
2022-07-13 18:47:25,659 - root - INFO - Mean 10198.936820030212
2022-07-13 18:47:25,660 - root - INFO - Standard deviation 15.167969487008822
2022-07-13 18:47:25,660 - root - INFO - 95% 1716.4173282113766
2022-07-13 18:47:25,660 - root - INFO - --------
2022-07-13 18:47:25,660 - root - INFO - early_stoppers [5, 4, 4]
2022-07-13 18:47:25,660 - root - INFO - Mean 433.3333333333333
2022-07-13 18:47:25,660 - root - INFO - Standard deviation 0.4714045207910317
2022-07-13 18:47:25,660 - root - INFO - 95% 53.344443287278104
2022-07-13 18:47:25,660 - root - INFO - --------
2022-07-13 18:47:25,661 - root - INFO - total_time [2940.1128323078156, 2909.315254211426, 2819.431785583496]
2022-07-13 18:47:25,661 - root - INFO - Mean 288961.9957367579
2022-07-13 18:47:25,661 - root - INFO - Standard deviation 51.19835477789477
2022-07-13 18:47:25,661 - root - INFO - 95% 5793.639246964368
2022-07-13 18:47:25,661 - root - INFO - --------
