2022-07-13 16:22:24,661 - root - INFO - Create log file at log/1657754544.660613-sx-askubuntu-t-2-16k16-16.log
2022-07-13 16:22:24,661 - root - INFO - Command line executed: python main.py -d sx-askubuntu --pos_dim 16 --bs 100 --n_degree 16 16 --n_hop 2 --mode t --bias 1e-5 --seed 2 --verbosity 1 --drop_out 0.1 --attn_n_head 1 --ngh_dim 4 --self_dim 172 --run 3 --replace_prob 1
2022-07-13 16:22:24,661 - root - INFO - Full args parsed:
2022-07-13 16:22:24,661 - root - INFO - Namespace(attn_n_head=1, bias=1e-05, bs=100, cpu_cores=1, data='sx-askubuntu', drop_out=0.1, gpu=0, linear_out=False, lr=0.0001, mode='t', n_degree=['16', '16'], n_epoch=50, n_hop=2, ngh_dim=4, pos_dim=16, replace_prob=1.0, run=3, seed=2, self_dim=172, t_batch=False, t_batch_order=False, time_dim=1, tolerance=0.001, verbosity=1)
2022-07-13 16:22:24,662 - root - INFO - Create checkpoint directory ./saved_checkpoints/1657754544.660613-sx-askubuntu-t-2-16k16-16/
2022-07-13 16:22:24,662 - root - INFO - Create best model directory ./best_models/1657754544.660613-sx-askubuntu-t-2-16k16-16/
2022-07-13 16:22:25,164 - root - INFO - Transductive training...
2022-07-13 16:22:28,041 - root - INFO - num of training instances: 675106
2022-07-13 16:22:28,042 - root - INFO - num of batches per epoch: 6752
2022-07-13 16:22:28,456 - root - INFO - start 0 epoch
2022-07-13 16:25:34,671 - root - INFO - train_time [186.62818932533264]
2022-07-13 16:25:34,671 - root - INFO - Mean 18662.818932533264
2022-07-13 16:25:34,671 - root - INFO - Standard deviation 0.0
2022-07-13 16:25:34,672 - root - INFO - 95% 0.0
2022-07-13 16:25:34,672 - root - INFO - --------
2022-07-13 16:26:54,998 - root - INFO - epoch: 0:
2022-07-13 16:26:54,999 - root - INFO - epoch mean loss: 0.759404869725866
2022-07-13 16:26:55,000 - root - INFO - train acc: 0.8281220379146919, val acc: 0.853000811030008
2022-07-13 16:26:55,001 - root - INFO - train auc: 0.8952609449052134, val auc: 0.9341413368593171
2022-07-13 16:26:55,001 - root - INFO - train ap: 0.9152134727216296, val ap: 0.9385370056551956
2022-07-13 16:26:55,001 - root - INFO - train time: 186.62818932533264, val time: 80.32670855522156
2022-07-13 16:26:56,266 - root - INFO - start 1 epoch
2022-07-13 16:30:10,430 - root - INFO - train_time [186.62818932533264, 194.7872974872589]
2022-07-13 16:30:10,430 - root - INFO - Mean 19070.774340629578
2022-07-13 16:30:10,431 - root - INFO - Standard deviation 4.079554080963135
2022-07-13 16:30:10,431 - root - INFO - 95% 565.3973495537921
2022-07-13 16:30:10,431 - root - INFO - --------
2022-07-13 16:31:28,860 - root - INFO - epoch: 1:
2022-07-13 16:31:28,861 - root - INFO - epoch mean loss: 0.7336478068347649
2022-07-13 16:31:28,862 - root - INFO - train acc: 0.8321038210900473, val acc: 0.8512762202315122
2022-07-13 16:31:28,863 - root - INFO - train auc: 0.9012083456753555, val auc: 0.9369442049179446
2022-07-13 16:31:28,863 - root - INFO - train ap: 0.9208438124375942, val ap: 0.9415204306069835
2022-07-13 16:31:28,863 - root - INFO - train time: 194.7872974872589, val time: 78.42934846878052
2022-07-13 16:31:30,165 - root - INFO - start 2 epoch
2022-07-13 16:35:23,424 - root - INFO - train_time [186.62818932533264, 194.7872974872589, 233.90287828445435]
2022-07-13 16:35:23,424 - root - INFO - Mean 20510.612169901528
2022-07-13 16:35:23,426 - root - INFO - Standard deviation 20.63302617779359
2022-07-13 16:35:23,426 - root - INFO - 95% 2334.846710717362
2022-07-13 16:35:23,427 - root - INFO - --------
2022-07-13 16:37:06,512 - root - INFO - epoch: 2:
2022-07-13 16:37:06,512 - root - INFO - epoch mean loss: 0.746042298115525
2022-07-13 16:37:06,513 - root - INFO - train acc: 0.8291676540284361, val acc: 0.8525526708692767
2022-07-13 16:37:06,513 - root - INFO - train auc: 0.8978453569312795, val auc: 0.9388686131386861
2022-07-13 16:37:06,514 - root - INFO - train ap: 0.9177661561584117, val ap: 0.9443076170620988
2022-07-13 16:37:06,514 - root - INFO - train time: 233.90287828445435, val time: 103.08458232879639
2022-07-13 16:37:08,275 - root - INFO - start 3 epoch
2022-07-13 16:41:23,178 - root - INFO - train_time [186.62818932533264, 194.7872974872589, 233.90287828445435, 255.74534010887146]
2022-07-13 16:41:23,178 - root - INFO - Mean 21776.592630147934
2022-07-13 16:41:23,178 - root - INFO - Standard deviation 28.2860970205832
2022-07-13 16:41:23,178 - root - INFO - 95% 2772.0375080171534
2022-07-13 16:41:23,178 - root - INFO - --------
2022-07-13 16:43:09,450 - root - INFO - epoch: 3:
2022-07-13 16:43:09,453 - root - INFO - epoch mean loss: 0.7364062395728065
2022-07-13 16:43:09,455 - root - INFO - train acc: 0.8313758886255924, val acc: 0.8504029805352799
2022-07-13 16:43:09,457 - root - INFO - train auc: 0.9009092565165877, val auc: 0.9387889429767566
2022-07-13 16:43:09,459 - root - INFO - train ap: 0.9200682439330774, val ap: 0.9444026720230795
2022-07-13 16:43:09,459 - root - INFO - train time: 255.74534010887146, val time: 106.27192187309265
2022-07-13 16:43:11,373 - root - INFO - start 4 epoch
2022-07-13 16:47:40,092 - root - INFO - train_time [186.62818932533264, 194.7872974872589, 233.90287828445435, 255.74534010887146, 269.70864152908325]
2022-07-13 16:47:40,093 - root - INFO - Mean 22815.446934700012
2022-07-13 16:47:40,093 - root - INFO - Standard deviation 32.737897521997795
2022-07-13 16:47:40,093 - root - INFO - 95% 2869.603240544672
2022-07-13 16:47:40,093 - root - INFO - --------
2022-07-13 16:49:29,227 - root - INFO - epoch: 4:
2022-07-13 16:49:29,230 - root - INFO - epoch mean loss: 0.722728380265809
2022-07-13 16:49:29,232 - root - INFO - train acc: 0.8358538210900474, val acc: 0.8496864170906141
2022-07-13 16:49:29,234 - root - INFO - train auc: 0.9041342417061613, val auc: 0.9419161558368048
2022-07-13 16:49:29,235 - root - INFO - train ap: 0.9233317520332269, val ap: 0.9472601526637809
2022-07-13 16:49:29,236 - root - INFO - train time: 269.70864152908325, val time: 109.13373875617981
2022-07-13 16:49:31,097 - root - INFO - start 5 epoch
2022-07-13 16:53:58,095 - root - INFO - train_time [186.62818932533264, 194.7872974872589, 233.90287828445435, 255.74534010887146, 269.70864152908325, 267.8997850418091]
2022-07-13 16:53:58,095 - root - INFO - Mean 23477.86886294683
2022-07-13 16:53:58,095 - root - INFO - Standard deviation 33.35480501084973
2022-07-13 16:53:58,095 - root - INFO - 95% 2668.9402563892395
2022-07-13 16:53:58,095 - root - INFO - --------
2022-07-13 16:55:46,269 - root - INFO - epoch: 5:
2022-07-13 16:55:46,271 - root - INFO - epoch mean loss: 0.7314106059366599
2022-07-13 16:55:46,273 - root - INFO - train acc: 0.8345556872037915, val acc: 0.846302901275529
2022-07-13 16:55:46,275 - root - INFO - train auc: 0.903144105450237, val auc: 0.9400733018291184
2022-07-13 16:55:46,277 - root - INFO - train ap: 0.9217281266649342, val ap: 0.9455443464930005
2022-07-13 16:55:46,277 - root - INFO - train time: 267.8997850418091, val time: 108.17325329780579
2022-07-13 16:55:48,138 - root - INFO - start 6 epoch
2022-07-13 17:00:29,950 - root - INFO - train_time [186.62818932533264, 194.7872974872589, 233.90287828445435, 255.74534010887146, 269.70864152908325, 267.8997850418091, 282.61785531044006]
2022-07-13 17:00:29,950 - root - INFO - Mean 24161.285529817855
2022-07-13 17:00:29,951 - root - INFO - Standard deviation 35.12610574611478
2022-07-13 17:00:29,951 - root - INFO - 95% 2602.1783292505456
2022-07-13 17:00:29,951 - root - INFO - --------
2022-07-13 17:02:21,999 - root - INFO - epoch: 6:
2022-07-13 17:02:22,000 - root - INFO - epoch mean loss: 0.7222541452019136
2022-07-13 17:02:22,001 - root - INFO - train acc: 0.8359441646919431, val acc: 0.8450391229816412
2022-07-13 17:02:22,001 - root - INFO - train auc: 0.9047895142180095, val auc: 0.931996626660461
2022-07-13 17:02:22,002 - root - INFO - train ap: 0.9237493010265417, val ap: 0.9393862630848291
2022-07-13 17:02:22,002 - root - INFO - train time: 282.61785531044006, val time: 112.04842472076416
2022-07-13 17:02:24,246 - root - INFO - start 7 epoch
2022-07-13 17:07:00,897 - root - INFO - train_time [186.62818932533264, 194.7872974872589, 233.90287828445435, 255.74534010887146, 269.70864152908325, 267.8997850418091, 282.61785531044006, 277.7519602775574]
2022-07-13 17:07:00,898 - root - INFO - Mean 24613.02434206009
2022-07-13 17:07:00,899 - root - INFO - Standard deviation 34.96370203391728
2022-07-13 17:07:00,900 - root - INFO - 95% 2422.8609387497413
2022-07-13 17:07:00,900 - root - INFO - --------
2022-07-13 17:08:56,959 - root - INFO - epoch: 7:
2022-07-13 17:08:56,962 - root - INFO - epoch mean loss: 0.7157929447077885
2022-07-13 17:08:56,964 - root - INFO - train acc: 0.8383575236966825, val acc: 0.8490908169284082
2022-07-13 17:08:56,966 - root - INFO - train auc: 0.9065678317535546, val auc: 0.9389983126582122
2022-07-13 17:08:56,967 - root - INFO - train ap: 0.9251462611472295, val ap: 0.9443150444308931
2022-07-13 17:08:56,968 - root - INFO - train time: 277.7519602775574, val time: 116.05916380882263
2022-07-13 17:08:56,968 - root - INFO - No improvment over 3 epochs, stop training
2022-07-13 17:08:56,968 - root - INFO - Loading the best model at epoch 4
2022-07-13 17:08:57,533 - root - INFO - Loaded the best model at epoch 4 for inference
2022-07-13 17:10:51,240 - root - INFO - Test statistics: t all nodes -- acc: 0.8019231088254811, auc: 0.9277621953453329, ap: 0.9342669243872413, time: 113.70605611801147
2022-07-13 17:10:51,240 - root - INFO - Saving NAT model ...
2022-07-13 17:10:51,263 - root - INFO - NAT model saved
2022-07-13 17:10:51,263 - root - INFO - transductive_auc [0.9277621953453329]
2022-07-13 17:10:51,263 - root - INFO - Mean 92.77621953453328
2022-07-13 17:10:51,264 - root - INFO - Standard deviation 0.0
2022-07-13 17:10:51,264 - root - INFO - 95% 0.0
2022-07-13 17:10:51,264 - root - INFO - --------
2022-07-13 17:10:51,264 - root - INFO - transductive_ap [0.9342669243872413]
2022-07-13 17:10:51,264 - root - INFO - Mean 93.42669243872413
2022-07-13 17:10:51,264 - root - INFO - Standard deviation 0.0
2022-07-13 17:10:51,264 - root - INFO - 95% 0.0
2022-07-13 17:10:51,264 - root - INFO - --------
2022-07-13 17:10:51,264 - root - INFO - test_times [113.70605611801147]
2022-07-13 17:10:51,265 - root - INFO - Mean 11370.605611801147
2022-07-13 17:10:51,265 - root - INFO - Standard deviation 0.0
2022-07-13 17:10:51,265 - root - INFO - 95% 0.0
2022-07-13 17:10:51,265 - root - INFO - --------
2022-07-13 17:10:51,265 - root - INFO - early_stoppers [5]
2022-07-13 17:10:51,265 - root - INFO - Mean 500
2022-07-13 17:10:51,265 - root - INFO - Standard deviation 0.0
2022-07-13 17:10:51,265 - root - INFO - 95% 0.0
2022-07-13 17:10:51,265 - root - INFO - --------
2022-07-13 17:10:51,265 - root - INFO - total_time [2905.709169626236]
2022-07-13 17:10:51,266 - root - INFO - Mean 290570.9169626236
2022-07-13 17:10:51,266 - root - INFO - Standard deviation 0.0
2022-07-13 17:10:51,266 - root - INFO - 95% 0.0
2022-07-13 17:10:51,266 - root - INFO - --------
2022-07-13 17:10:51,266 - root - INFO - Transductive training...
2022-07-13 17:10:52,938 - root - INFO - num of training instances: 675106
2022-07-13 17:10:52,938 - root - INFO - num of batches per epoch: 6752
2022-07-13 17:10:53,957 - root - INFO - start 0 epoch
2022-07-13 17:15:33,087 - root - INFO - train_time [280.1462998390198]
2022-07-13 17:15:33,087 - root - INFO - Mean 28014.629983901978
2022-07-13 17:15:33,087 - root - INFO - Standard deviation 0.0
2022-07-13 17:15:33,087 - root - INFO - 95% 0.0
2022-07-13 17:15:33,087 - root - INFO - --------
2022-07-13 17:17:27,218 - root - INFO - epoch: 0:
2022-07-13 17:17:27,221 - root - INFO - epoch mean loss: 0.7727692363258469
2022-07-13 17:17:27,223 - root - INFO - train acc: 0.8254976303317536, val acc: 0.8457464701762146
2022-07-13 17:17:27,225 - root - INFO - train auc: 0.8932830124407581, val auc: 0.9305182825441151
2022-07-13 17:17:27,227 - root - INFO - train ap: 0.9117250734315429, val ap: 0.9354091415945287
2022-07-13 17:17:27,227 - root - INFO - train time: 280.1462998390198, val time: 114.1310076713562
2022-07-13 17:17:29,989 - root - INFO - start 1 epoch
2022-07-13 17:22:12,278 - root - INFO - train_time [280.1462998390198, 282.91167306900024]
2022-07-13 17:22:12,278 - root - INFO - Mean 28152.898645401
2022-07-13 17:22:12,278 - root - INFO - Standard deviation 1.3826866149902344
2022-07-13 17:22:12,278 - root - INFO - 95% 191.63058801623166
2022-07-13 17:22:12,278 - root - INFO - --------
2022-07-13 17:24:04,407 - root - INFO - epoch: 1:
2022-07-13 17:24:04,408 - root - INFO - epoch mean loss: 0.7365352232340211
2022-07-13 17:24:04,408 - root - INFO - train acc: 0.8316609893364929, val acc: 0.8486104198923542
2022-07-13 17:24:04,409 - root - INFO - train auc: 0.9006497334123222, val auc: 0.931484524764064
2022-07-13 17:24:04,409 - root - INFO - train ap: 0.9200996108812791, val ap: 0.9360718044625308
2022-07-13 17:24:04,409 - root - INFO - train time: 282.91167306900024, val time: 112.12846040725708
2022-07-13 17:24:07,237 - root - INFO - start 2 epoch
2022-07-13 17:28:45,508 - root - INFO - train_time [280.1462998390198, 282.91167306900024, 279.38684344291687]
2022-07-13 17:28:45,508 - root - INFO - Mean 28081.493878364563
2022-07-13 17:28:45,509 - root - INFO - Standard deviation 1.5146868767573816
2022-07-13 17:28:45,511 - root - INFO - 95% 171.40295570263808
2022-07-13 17:28:45,511 - root - INFO - --------
2022-07-13 17:30:40,526 - root - INFO - epoch: 2:
2022-07-13 17:30:40,529 - root - INFO - epoch mean loss: 0.746559784425449
2022-07-13 17:30:40,531 - root - INFO - train acc: 0.8293461196682465, val acc: 0.8474768211310183
2022-07-13 17:30:40,533 - root - INFO - train auc: 0.8986345156990523, val auc: 0.937146134397503
2022-07-13 17:30:40,535 - root - INFO - train ap: 0.9180914318060283, val ap: 0.942345343286103
2022-07-13 17:30:40,536 - root - INFO - train time: 279.38684344291687, val time: 115.01490759849548
2022-07-13 17:30:43,825 - root - INFO - start 3 epoch
2022-07-13 17:35:34,917 - root - INFO - train_time [280.1462998390198, 282.91167306900024, 279.38684344291687, 292.08576679229736]
2022-07-13 17:35:34,917 - root - INFO - Mean 28363.264578580856
2022-07-13 17:35:34,918 - root - INFO - Standard deviation 5.053624986193559
2022-07-13 17:35:34,919 - root - INFO - 95% 495.25524864696877
2022-07-13 17:35:34,919 - root - INFO - --------
2022-07-13 17:37:30,413 - root - INFO - epoch: 3:
2022-07-13 17:37:30,413 - root - INFO - epoch mean loss: 0.7344025640055467
2022-07-13 17:37:30,414 - root - INFO - train acc: 0.8319653436018958, val acc: 0.8509605636658557
2022-07-13 17:37:30,414 - root - INFO - train auc: 0.9015525844194313, val auc: 0.9391228640380386
2022-07-13 17:37:30,415 - root - INFO - train ap: 0.9206598294075807, val ap: 0.9446835124526138
2022-07-13 17:37:30,415 - root - INFO - train time: 292.08576679229736, val time: 115.49299931526184
2022-07-13 17:37:33,355 - root - INFO - start 4 epoch
2022-07-13 17:42:22,803 - root - INFO - train_time [280.1462998390198, 282.91167306900024, 279.38684344291687, 292.08576679229736, 290.51175355911255]
2022-07-13 17:42:22,803 - root - INFO - Mean 28500.846734046932
2022-07-13 17:42:22,804 - root - INFO - Standard deviation 5.291770989181305
2022-07-13 17:42:22,805 - root - INFO - 95% 463.84417840429154
2022-07-13 17:42:22,805 - root - INFO - --------
2022-07-13 17:44:18,400 - root - INFO - epoch: 4:
2022-07-13 17:44:18,401 - root - INFO - epoch mean loss: 0.7258258830817743
2022-07-13 17:44:18,402 - root - INFO - train acc: 0.8350747926540283, val acc: 0.853733502912335
2022-07-13 17:44:18,402 - root - INFO - train auc: 0.9040772659952607, val auc: 0.938692532360558
2022-07-13 17:44:18,403 - root - INFO - train ap: 0.9227280973839405, val ap: 0.9437513904443875
2022-07-13 17:44:18,403 - root - INFO - train time: 290.51175355911255, val time: 115.5951075553894
2022-07-13 17:44:21,249 - root - INFO - start 5 epoch
2022-07-13 17:49:00,592 - root - INFO - train_time [280.1462998390198, 282.91167306900024, 279.38684344291687, 292.08576679229736, 290.51175355911255, 280.2104022502899]
2022-07-13 17:49:00,592 - root - INFO - Mean 28420.878982543945
2022-07-13 17:49:00,593 - root - INFO - Standard deviation 5.151031043248149
2022-07-13 17:49:00,593 - root - INFO - 95% 412.16832503633975
2022-07-13 17:49:00,593 - root - INFO - --------
2022-07-13 17:50:55,947 - root - INFO - epoch: 5:
2022-07-13 17:50:55,948 - root - INFO - epoch mean loss: 0.726345683172151
2022-07-13 17:50:55,948 - root - INFO - train acc: 0.8358264218009479, val acc: 0.8526310089950601
2022-07-13 17:50:55,949 - root - INFO - train auc: 0.9042425725710901, val auc: 0.9360447565105126
2022-07-13 17:50:55,949 - root - INFO - train ap: 0.9226748109452674, val ap: 0.9399865612568287
2022-07-13 17:50:55,950 - root - INFO - train time: 280.2104022502899, val time: 115.35389924049377
2022-07-13 17:50:58,930 - root - INFO - start 6 epoch
2022-07-13 17:55:39,679 - root - INFO - train_time [280.1462998390198, 282.91167306900024, 279.38684344291687, 292.08576679229736, 290.51175355911255, 280.2104022502899, 281.6156713962555]
2022-07-13 17:55:39,679 - root - INFO - Mean 28383.834433555603
2022-07-13 17:55:39,679 - root - INFO - Standard deviation 4.854488041448793
2022-07-13 17:55:39,679 - root - INFO - 95% 359.6255068058946
2022-07-13 17:55:39,679 - root - INFO - --------
2022-07-13 17:57:35,437 - root - INFO - epoch: 6:
2022-07-13 17:57:35,440 - root - INFO - epoch mean loss: 0.7194974468734062
2022-07-13 17:57:35,442 - root - INFO - train acc: 0.8367920616113744, val acc: 0.8532819066578191
2022-07-13 17:57:35,443 - root - INFO - train auc: 0.9052578050947867, val auc: 0.9393908673105754
2022-07-13 17:57:35,445 - root - INFO - train ap: 0.9239042318108638, val ap: 0.9438007501898419
2022-07-13 17:57:35,446 - root - INFO - train time: 281.6156713962555, val time: 115.7572090625763
2022-07-13 17:57:35,446 - root - INFO - No improvment over 3 epochs, stop training
2022-07-13 17:57:35,446 - root - INFO - Loading the best model at epoch 3
2022-07-13 17:57:36,059 - root - INFO - Loaded the best model at epoch 3 for inference
2022-07-13 17:59:28,273 - root - INFO - Test statistics: t all nodes -- acc: 0.8132293740322938, auc: 0.9304553593646318, ap: 0.9387364928250892, time: 112.21100044250488
2022-07-13 17:59:28,273 - root - INFO - Saving NAT model ...
2022-07-13 17:59:28,366 - root - INFO - NAT model saved
2022-07-13 17:59:28,367 - root - INFO - transductive_auc [0.9277621953453329, 0.9304553593646318]
2022-07-13 17:59:28,367 - root - INFO - Mean 92.91087773549823
2022-07-13 17:59:28,368 - root - INFO - Standard deviation 0.001346582009649433
2022-07-13 17:59:28,369 - root - INFO - 95% 0.1866267450075969
2022-07-13 17:59:28,369 - root - INFO - --------
2022-07-13 17:59:28,369 - root - INFO - transductive_ap [0.9342669243872413, 0.9387364928250892]
2022-07-13 17:59:28,369 - root - INFO - Mean 93.65017086061653
2022-07-13 17:59:28,370 - root - INFO - Standard deviation 0.002234784218923924
2022-07-13 17:59:28,371 - root - INFO - 95% 0.30972529083519856
2022-07-13 17:59:28,371 - root - INFO - --------
2022-07-13 17:59:28,371 - root - INFO - test_times [113.70605611801147, 112.21100044250488]
2022-07-13 17:59:28,372 - root - INFO - Mean 11295.852828025818
2022-07-13 17:59:28,372 - root - INFO - Standard deviation 0.7475278377532959
2022-07-13 17:59:28,373 - root - INFO - 95% 103.60207262741027
2022-07-13 17:59:28,373 - root - INFO - --------
2022-07-13 17:59:28,373 - root - INFO - early_stoppers [5, 4]
2022-07-13 17:59:28,374 - root - INFO - Mean 450.0
2022-07-13 17:59:28,374 - root - INFO - Standard deviation 0.5
2022-07-13 17:59:28,375 - root - INFO - 95% 69.29646455628165
2022-07-13 17:59:28,375 - root - INFO - --------
2022-07-13 17:59:28,376 - root - INFO - total_time [2905.709169626236, 2916.278053045273]
2022-07-13 17:59:28,376 - root - INFO - Mean 291099.36113357544
2022-07-13 17:59:28,377 - root - INFO - Standard deviation 5.284441709518433
2022-07-13 17:59:28,377 - root - INFO - 95% 732.3862552467609
2022-07-13 17:59:28,377 - root - INFO - --------
2022-07-13 17:59:28,378 - root - INFO - Transductive training...
2022-07-13 17:59:30,377 - root - INFO - num of training instances: 675106
2022-07-13 17:59:30,377 - root - INFO - num of batches per epoch: 6752
2022-07-13 17:59:31,337 - root - INFO - start 0 epoch
2022-07-13 18:04:03,686 - root - INFO - train_time [273.30901741981506]
2022-07-13 18:04:03,687 - root - INFO - Mean 27330.901741981506
2022-07-13 18:04:03,687 - root - INFO - Standard deviation 0.0
2022-07-13 18:04:03,687 - root - INFO - 95% 0.0
2022-07-13 18:04:03,687 - root - INFO - --------
2022-07-13 18:05:58,155 - root - INFO - epoch: 0:
2022-07-13 18:05:58,156 - root - INFO - epoch mean loss: 0.7766004942061812
2022-07-13 18:05:58,156 - root - INFO - train acc: 0.8240610189573461, val acc: 0.8401349259013493
2022-07-13 18:05:58,157 - root - INFO - train auc: 0.8917887070497631, val auc: 0.9281016209655866
2022-07-13 18:05:58,157 - root - INFO - train ap: 0.9105610452510574, val ap: 0.9337352492849311
2022-07-13 18:05:58,157 - root - INFO - train time: 273.30901741981506, val time: 114.46769785881042
2022-07-13 18:06:00,885 - root - INFO - start 1 epoch
2022-07-13 18:10:44,030 - root - INFO - train_time [273.30901741981506, 283.68380093574524]
2022-07-13 18:10:44,031 - root - INFO - Mean 27849.640917778015
2022-07-13 18:10:44,032 - root - INFO - Standard deviation 5.187391757965088
2022-07-13 18:10:44,033 - root - INFO - 95% 718.9358181907505
2022-07-13 18:10:44,034 - root - INFO - --------
2022-07-13 18:12:37,837 - root - INFO - epoch: 1:
2022-07-13 18:12:37,839 - root - INFO - epoch mean loss: 0.7459735348577925
2022-07-13 18:12:37,841 - root - INFO - train acc: 0.8291698755924171, val acc: 0.8466531187790312
2022-07-13 18:12:37,843 - root - INFO - train auc: 0.8983357968009479, val auc: 0.937387172938325
2022-07-13 18:12:37,845 - root - INFO - train ap: 0.917966104807062, val ap: 0.9430404198757458
2022-07-13 18:12:37,845 - root - INFO - train time: 283.68380093574524, val time: 113.80269742012024
2022-07-13 18:12:41,142 - root - INFO - start 2 epoch
2022-07-13 18:17:22,864 - root - INFO - train_time [273.30901741981506, 283.68380093574524, 282.5130877494812]
2022-07-13 18:17:22,864 - root - INFO - Mean 27983.530203501385
2022-07-13 18:17:22,864 - root - INFO - Standard deviation 4.639463726197835
2022-07-13 18:17:22,865 - root - INFO - 95% 525.0047437183016
2022-07-13 18:17:22,865 - root - INFO - --------
2022-07-13 18:19:18,229 - root - INFO - epoch: 2:
2022-07-13 18:19:18,230 - root - INFO - epoch mean loss: 0.7339607406522355
2022-07-13 18:19:18,231 - root - INFO - train acc: 0.8324703791469195, val acc: 0.851036597729116
2022-07-13 18:19:18,232 - root - INFO - train auc: 0.9015362781398104, val auc: 0.939041357826286
2022-07-13 18:19:18,232 - root - INFO - train ap: 0.9209041908942079, val ap: 0.9445157636730548
2022-07-13 18:19:18,232 - root - INFO - train time: 282.5130877494812, val time: 115.36471748352051
2022-07-13 18:19:21,387 - root - INFO - start 3 epoch
2022-07-13 18:24:02,098 - root - INFO - train_time [273.30901741981506, 283.68380093574524, 282.5130877494812, 281.76243352890015]
2022-07-13 18:24:02,098 - root - INFO - Mean 28031.70849084854
2022-07-13 18:24:02,098 - root - INFO - Standard deviation 4.103633994588299
2022-07-13 18:24:02,099 - root - INFO - 95% 402.1561314696533
2022-07-13 18:24:02,099 - root - INFO - --------
2022-07-13 18:25:57,875 - root - INFO - epoch: 3:
2022-07-13 18:25:57,876 - root - INFO - epoch mean loss: 0.7377673043225014
2022-07-13 18:25:57,877 - root - INFO - train acc: 0.8318587085308057, val acc: 0.8506771639755216
2022-07-13 18:25:57,877 - root - INFO - train auc: 0.9011602043838863, val auc: 0.9378004521530695
2022-07-13 18:25:57,878 - root - INFO - train ap: 0.9203519484739558, val ap: 0.9429528118000858
2022-07-13 18:25:57,878 - root - INFO - train time: 281.76243352890015, val time: 115.77618885040283
2022-07-13 18:26:00,756 - root - INFO - start 4 epoch
2022-07-13 18:30:47,636 - root - INFO - train_time [273.30901741981506, 283.68380093574524, 282.5130877494812, 281.76243352890015, 287.9299170970917]
2022-07-13 18:30:47,636 - root - INFO - Mean 28183.965134620667
2022-07-13 18:30:47,636 - root - INFO - Standard deviation 4.769138685164577
2022-07-13 18:30:47,636 - root - INFO - 95% 418.03343713075697
2022-07-13 18:30:47,636 - root - INFO - --------
2022-07-13 18:32:43,643 - root - INFO - epoch: 4:
2022-07-13 18:32:43,644 - root - INFO - epoch mean loss: 0.7232107449150799
2022-07-13 18:32:43,644 - root - INFO - train acc: 0.8353569312796209, val acc: 0.853106797906068
2022-07-13 18:32:43,645 - root - INFO - train auc: 0.9048379739336493, val auc: 0.9406202166701997
2022-07-13 18:32:43,645 - root - INFO - train ap: 0.9234776576519047, val ap: 0.9457262817481934
2022-07-13 18:32:43,646 - root - INFO - train time: 287.9299170970917, val time: 116.00659132003784
2022-07-13 18:32:46,788 - root - INFO - start 5 epoch
2022-07-13 18:37:27,512 - root - INFO - train_time [273.30901741981506, 283.68380093574524, 282.5130877494812, 281.76243352890015, 287.9299170970917, 281.83328127861023]
2022-07-13 18:37:27,512 - root - INFO - Mean 28183.858966827393
2022-07-13 18:37:27,513 - root - INFO - Standard deviation 4.35360871014816
2022-07-13 18:37:27,513 - root - INFO - 95% 348.3612494002478
2022-07-13 18:37:27,513 - root - INFO - --------
2022-07-13 18:39:25,828 - root - INFO - epoch: 5:
2022-07-13 18:39:25,831 - root - INFO - epoch mean loss: 0.7360128493829502
2022-07-13 18:39:25,833 - root - INFO - train acc: 0.8343120556872038, val acc: 0.8454907192361572
2022-07-13 18:39:25,835 - root - INFO - train auc: 0.9028732523696682, val auc: 0.9384985470965741
2022-07-13 18:39:25,837 - root - INFO - train ap: 0.9217960793656294, val ap: 0.9440683389962705
2022-07-13 18:39:25,837 - root - INFO - train time: 281.83328127861023, val time: 118.31475114822388
2022-07-13 18:39:29,253 - root - INFO - start 6 epoch
2022-07-13 18:44:05,985 - root - INFO - train_time [273.30901741981506, 283.68380093574524, 282.5130877494812, 281.76243352890015, 287.9299170970917, 281.83328127861023, 277.8883125782013]
2022-07-13 18:44:05,986 - root - INFO - Mean 28127.42643696921
2022-07-13 18:44:05,986 - root - INFO - Standard deviation 4.261101477258872
2022-07-13 18:44:05,986 - root - INFO - 95% 315.6668149610338
2022-07-13 18:44:05,987 - root - INFO - --------
2022-07-13 18:45:22,298 - root - INFO - epoch: 6:
2022-07-13 18:45:22,301 - root - INFO - epoch mean loss: 0.7197330357833496
2022-07-13 18:45:22,303 - root - INFO - train acc: 0.836820941943128, val acc: 0.8512105544496055
2022-07-13 18:45:22,304 - root - INFO - train auc: 0.9056179354265402, val auc: 0.9389919164846456
2022-07-13 18:45:22,306 - root - INFO - train ap: 0.9241313987256765, val ap: 0.9440864784480195
2022-07-13 18:45:22,306 - root - INFO - train time: 277.8883125782013, val time: 76.31131935119629
2022-07-13 18:45:24,920 - root - INFO - start 7 epoch
2022-07-13 18:48:11,618 - root - INFO - train_time [273.30901741981506, 283.68380093574524, 282.5130877494812, 281.76243352890015, 287.9299170970917, 281.83328127861023, 277.8883125782013, 167.81523728370667]
2022-07-13 18:48:11,619 - root - INFO - Mean 26709.188598394394
2022-07-13 18:48:11,619 - root - INFO - Standard deviation 37.73415375108234
2022-07-13 18:48:11,619 - root - INFO - 95% 2614.8434479731595
2022-07-13 18:48:11,619 - root - INFO - --------
2022-07-13 18:48:53,992 - root - INFO - epoch: 7:
2022-07-13 18:48:53,993 - root - INFO - epoch mean loss: 0.7145122298088048
2022-07-13 18:48:53,994 - root - INFO - train acc: 0.8386196682464456, val acc: 0.8562276505935266
2022-07-13 18:48:53,994 - root - INFO - train auc: 0.9068507034952606, val auc: 0.9398542238842194
2022-07-13 18:48:53,994 - root - INFO - train ap: 0.925429676836576, val ap: 0.9440261397026579
2022-07-13 18:48:53,995 - root - INFO - train time: 167.81523728370667, val time: 42.3730902671814
2022-07-13 18:48:53,995 - root - INFO - No improvment over 3 epochs, stop training
2022-07-13 18:48:53,995 - root - INFO - Loading the best model at epoch 4
2022-07-13 18:48:54,318 - root - INFO - Loaded the best model at epoch 4 for inference
2022-07-13 18:49:36,708 - root - INFO - Test statistics: t all nodes -- acc: 0.8113912851139129, auc: 0.9313107011031853, ap: 0.9392658471906895, time: 42.38932967185974
2022-07-13 18:49:36,708 - root - INFO - Saving NAT model ...
2022-07-13 18:49:36,742 - root - INFO - NAT model saved
2022-07-13 18:49:36,743 - root - INFO - transductive_auc [0.9277621953453329, 0.9304553593646318, 0.9313107011031853]
2022-07-13 18:49:36,743 - root - INFO - Mean 92.98427519377167
2022-07-13 18:49:36,743 - root - INFO - Standard deviation 0.0015120491995989046
2022-07-13 18:49:36,743 - root - INFO - 95% 0.17110447443361163
2022-07-13 18:49:36,743 - root - INFO - --------
2022-07-13 18:49:36,744 - root - INFO - transductive_ap [0.9342669243872413, 0.9387364928250892, 0.9392658471906895]
2022-07-13 18:49:36,744 - root - INFO - Mean 93.74230881343401
2022-07-13 18:49:36,744 - root - INFO - Standard deviation 0.00224218363951602
2022-07-13 18:49:36,744 - root - INFO - 95% 0.2537269642580412
2022-07-13 18:49:36,744 - root - INFO - --------
2022-07-13 18:49:36,744 - root - INFO - test_times [113.70605611801147, 112.21100044250488, 42.38932967185974]
2022-07-13 18:49:36,744 - root - INFO - Mean 8943.546207745869
2022-07-13 18:49:36,744 - root - INFO - Standard deviation 33.27223796312352
2022-07-13 18:49:36,745 - root - INFO - 95% 3765.108166731928
2022-07-13 18:49:36,745 - root - INFO - --------
2022-07-13 18:49:36,745 - root - INFO - early_stoppers [5, 4, 5]
2022-07-13 18:49:36,745 - root - INFO - Mean 466.6666666666667
2022-07-13 18:49:36,745 - root - INFO - Standard deviation 0.4714045207910317
2022-07-13 18:49:36,745 - root - INFO - 95% 53.344443287278104
2022-07-13 18:49:36,745 - root - INFO - --------
2022-07-13 18:49:36,745 - root - INFO - total_time [2905.709169626236, 2916.278053045273, 3007.4771003723145]
2022-07-13 18:49:36,745 - root - INFO - Mean 294315.47743479407
2022-07-13 18:49:36,746 - root - INFO - Standard deviation 45.686953229345704
2022-07-13 18:49:36,746 - root - INFO - 95% 5169.965450101651
2022-07-13 18:49:36,746 - root - INFO - --------
