2022-07-13 00:41:31,544 - root - INFO - Create log file at log/1657698091.5443444-sx-askubuntu-t-2-16k16-16.log
2022-07-13 00:41:31,544 - root - INFO - Command line executed: python main.py -d sx-askubuntu --pos_dim 16 --bs 100 --n_degree 16 16 --n_hop 2 --mode t --bias 1e-5 --seed 2 --verbosity 1 --drop_out 0.1 --attn_n_head 1 --ngh_dim 4 --self_dim 172 --run 3 --replace_prob 0.5
2022-07-13 00:41:31,544 - root - INFO - Full args parsed:
2022-07-13 00:41:31,544 - root - INFO - Namespace(attn_n_head=1, bias=1e-05, bs=100, cpu_cores=1, data='sx-askubuntu', drop_out=0.1, gpu=0, linear_out=False, lr=0.0001, mode='t', n_degree=['16', '16'], n_epoch=50, n_hop=2, ngh_dim=4, pos_dim=16, replace_prob=0.5, run=3, seed=2, self_dim=172, t_batch=False, t_batch_order=False, time_dim=1, tolerance=0.001, verbosity=1)
2022-07-13 00:41:31,545 - root - INFO - Create checkpoint directory ./saved_checkpoints/1657698091.5443444-sx-askubuntu-t-2-16k16-16/
2022-07-13 00:41:31,545 - root - INFO - Create best model directory ./best_models/1657698091.5443444-sx-askubuntu-t-2-16k16-16/
2022-07-13 00:41:32,029 - root - INFO - Transductive training...
2022-07-13 00:41:35,329 - root - INFO - num of training instances: 675106
2022-07-13 00:41:35,329 - root - INFO - num of batches per epoch: 6752
2022-07-13 00:41:35,911 - root - INFO - start 0 epoch
2022-07-13 00:44:55,339 - root - INFO - train_time [200.00914120674133]
2022-07-13 00:44:55,340 - root - INFO - Mean 20000.914120674133
2022-07-13 00:44:55,340 - root - INFO - Standard deviation 0.0
2022-07-13 00:44:55,340 - root - INFO - 95% 0.0
2022-07-13 00:44:55,340 - root - INFO - --------
2022-07-13 00:46:11,602 - root - INFO - epoch: 0:
2022-07-13 00:46:11,603 - root - INFO - epoch mean loss: 0.7596487833178156
2022-07-13 00:46:11,604 - root - INFO - train acc: 0.8278510071090047, val acc: 0.848457199734572
2022-07-13 00:46:11,604 - root - INFO - train auc: 0.8955078125, val auc: 0.9280255989026518
2022-07-13 00:46:11,604 - root - INFO - train ap: 0.9152357672290832, val ap: 0.9318892104075019
2022-07-13 00:46:11,605 - root - INFO - train time: 200.00914120674133, val time: 76.26169157028198
2022-07-13 00:46:12,800 - root - INFO - start 1 epoch
2022-07-13 00:49:22,494 - root - INFO - train_time [200.00914120674133, 190.2898142337799]
2022-07-13 00:49:22,494 - root - INFO - Mean 19514.947772026062
2022-07-13 00:49:22,495 - root - INFO - Standard deviation 4.859663486480713
2022-07-13 00:49:22,495 - root - INFO - 95% 673.5149970927337
2022-07-13 00:49:22,495 - root - INFO - --------
2022-07-13 00:50:42,036 - root - INFO - epoch: 1:
2022-07-13 00:50:42,039 - root - INFO - epoch mean loss: 0.7344407416279847
2022-07-13 00:50:42,041 - root - INFO - train acc: 0.8317431872037915, val acc: 0.8502509124087592
2022-07-13 00:50:42,043 - root - INFO - train auc: 0.9014687574052132, val auc: 0.9381388853367925
2022-07-13 00:50:42,044 - root - INFO - train ap: 0.9208165937676969, val ap: 0.9429438555625472
2022-07-13 00:50:42,045 - root - INFO - train time: 190.2898142337799, val time: 79.5414023399353
2022-07-13 00:50:43,881 - root - INFO - start 2 epoch
2022-07-13 00:54:50,594 - root - INFO - train_time [200.00914120674133, 190.2898142337799, 247.67485761642456]
2022-07-13 00:54:50,594 - root - INFO - Mean 21265.793768564858
2022-07-13 00:54:50,594 - root - INFO - Standard deviation 25.076613810223193
2022-07-13 00:54:50,594 - root - INFO - 95% 2837.685987804543
2022-07-13 00:54:50,594 - root - INFO - --------
2022-07-13 00:56:29,577 - root - INFO - epoch: 2:
2022-07-13 00:56:29,578 - root - INFO - epoch mean loss: 0.7368622816022115
2022-07-13 00:56:29,579 - root - INFO - train acc: 0.831717268957346, val acc: 0.8523487613359876
2022-07-13 00:56:29,580 - root - INFO - train auc: 0.9007484078791469, val auc: 0.9406314129740225
2022-07-13 00:56:29,580 - root - INFO - train ap: 0.9199347871600865, val ap: 0.9456676529104768
2022-07-13 00:56:29,580 - root - INFO - train time: 247.67485761642456, val time: 98.98277068138123
2022-07-13 00:56:31,150 - root - INFO - start 3 epoch
2022-07-13 01:00:33,790 - root - INFO - train_time [200.00914120674133, 190.2898142337799, 247.67485761642456, 243.619286775589]
2022-07-13 01:00:33,790 - root - INFO - Mean 22039.82749581337
2022-07-13 01:00:33,790 - root - INFO - Standard deviation 25.52187068801528
2022-07-13 01:00:33,790 - root - INFO - 95% 2501.1433274254973
2022-07-13 01:00:33,790 - root - INFO - --------
2022-07-13 01:02:12,859 - root - INFO - epoch: 3:
2022-07-13 01:02:12,861 - root - INFO - epoch mean loss: 0.7342631900020967
2022-07-13 01:02:12,861 - root - INFO - train acc: 0.8322111966824645, val acc: 0.8548048919855489
2022-07-13 01:02:12,862 - root - INFO - train auc: 0.9014486966824644, val auc: 0.941808464914504
2022-07-13 01:02:12,863 - root - INFO - train ap: 0.9204562431607534, val ap: 0.9467694478943464
2022-07-13 01:02:12,863 - root - INFO - train time: 243.619286775589, val time: 99.06882762908936
2022-07-13 01:02:14,858 - root - INFO - start 4 epoch
2022-07-13 01:06:25,919 - root - INFO - train_time [200.00914120674133, 190.2898142337799, 247.67485761642456, 243.619286775589, 252.00736808776855]
2022-07-13 01:06:25,919 - root - INFO - Mean 22672.009358406067
2022-07-13 01:06:25,919 - root - INFO - Standard deviation 26.09510049202891
2022-07-13 01:06:25,920 - root - INFO - 95% 2287.336408330702
2022-07-13 01:06:25,920 - root - INFO - --------
2022-07-13 01:08:06,700 - root - INFO - epoch: 4:
2022-07-13 01:08:06,703 - root - INFO - epoch mean loss: 0.7217261377292777
2022-07-13 01:08:06,705 - root - INFO - train acc: 0.8360441350710901, val acc: 0.8526022082135221
2022-07-13 01:08:06,707 - root - INFO - train auc: 0.9044998074644549, val auc: 0.937087296800886
2022-07-13 01:08:06,708 - root - INFO - train ap: 0.923309909038591, val ap: 0.9396934890016002
2022-07-13 01:08:06,709 - root - INFO - train time: 252.00736808776855, val time: 100.78054475784302
2022-07-13 01:08:08,446 - root - INFO - start 5 epoch
2022-07-13 01:12:11,503 - root - INFO - train_time [200.00914120674133, 190.2898142337799, 247.67485761642456, 243.619286775589, 252.00736808776855, 244.04130172729492]
2022-07-13 01:12:11,503 - root - INFO - Mean 22960.696160793304
2022-07-13 01:12:11,505 - root - INFO - Standard deviation 24.68059817637848
2022-07-13 01:12:11,505 - root - INFO - 95% 1974.859154573882
2022-07-13 01:12:11,506 - root - INFO - --------
2022-07-13 01:13:48,831 - root - INFO - epoch: 5:
2022-07-13 01:13:48,834 - root - INFO - epoch mean loss: 0.7304406175654717
2022-07-13 01:13:48,835 - root - INFO - train acc: 0.8347593305687204, val acc: 0.8493062467743124
2022-07-13 01:13:48,837 - root - INFO - train auc: 0.9033167654028434, val auc: 0.9382045031173966
2022-07-13 01:13:48,839 - root - INFO - train ap: 0.9218985039589924, val ap: 0.9433738253994938
2022-07-13 01:13:48,839 - root - INFO - train time: 244.04130172729492, val time: 97.32501530647278
2022-07-13 01:13:50,760 - root - INFO - start 6 epoch
2022-07-13 01:17:57,105 - root - INFO - train_time [200.00914120674133, 190.2898142337799, 247.67485761642456, 243.619286775589, 252.00736808776855, 244.04130172729492, 247.2599971294403]
2022-07-13 01:17:57,105 - root - INFO - Mean 23212.882382529122
2022-07-13 01:17:57,105 - root - INFO - Standard deviation 23.670061554278607
2022-07-13 01:17:57,106 - root - INFO - 95% 1753.5026989259413
2022-07-13 01:17:57,106 - root - INFO - --------
2022-07-13 01:19:42,160 - root - INFO - epoch: 6:
2022-07-13 01:19:42,163 - root - INFO - epoch mean loss: 0.7189063189763099
2022-07-13 01:19:42,165 - root - INFO - train acc: 0.8370208827014218, val acc: 0.8481058301998083
2022-07-13 01:19:42,166 - root - INFO - train auc: 0.9054656620260663, val auc: 0.9294615338681831
2022-07-13 01:19:42,168 - root - INFO - train ap: 0.9242470726509322, val ap: 0.934906013912991
2022-07-13 01:19:42,169 - root - INFO - train time: 247.2599971294403, val time: 105.0538649559021
2022-07-13 01:19:42,169 - root - INFO - No improvment over 3 epochs, stop training
2022-07-13 01:19:42,169 - root - INFO - Loading the best model at epoch 3
2022-07-13 01:19:42,732 - root - INFO - Loaded the best model at epoch 3 for inference
2022-07-13 01:21:23,848 - root - INFO - Test statistics: t all nodes -- acc: 0.8104971245299711, auc: 0.9303512329614576, ap: 0.937289509481966, time: 101.11524558067322
2022-07-13 01:21:23,849 - root - INFO - Saving NAT model ...
2022-07-13 01:21:23,910 - root - INFO - NAT model saved
2022-07-13 01:21:23,911 - root - INFO - transductive_auc [0.9303512329614576]
2022-07-13 01:21:23,911 - root - INFO - Mean 93.03512329614576
2022-07-13 01:21:23,912 - root - INFO - Standard deviation 0.0
2022-07-13 01:21:23,912 - root - INFO - 95% 0.0
2022-07-13 01:21:23,912 - root - INFO - --------
2022-07-13 01:21:23,913 - root - INFO - transductive_ap [0.937289509481966]
2022-07-13 01:21:23,913 - root - INFO - Mean 93.7289509481966
2022-07-13 01:21:23,913 - root - INFO - Standard deviation 0.0
2022-07-13 01:21:23,914 - root - INFO - 95% 0.0
2022-07-13 01:21:23,914 - root - INFO - --------
2022-07-13 01:21:23,914 - root - INFO - test_times [101.11524558067322]
2022-07-13 01:21:23,915 - root - INFO - Mean 10111.524558067322
2022-07-13 01:21:23,915 - root - INFO - Standard deviation 0.0
2022-07-13 01:21:23,915 - root - INFO - 95% 0.0
2022-07-13 01:21:23,916 - root - INFO - --------
2022-07-13 01:21:23,916 - root - INFO - early_stoppers [4]
2022-07-13 01:21:23,916 - root - INFO - Mean 400
2022-07-13 01:21:23,916 - root - INFO - Standard deviation 0.0
2022-07-13 01:21:23,917 - root - INFO - 95% 0.0
2022-07-13 01:21:23,917 - root - INFO - --------
2022-07-13 01:21:23,917 - root - INFO - total_time [2391.4741339683533]
2022-07-13 01:21:23,917 - root - INFO - Mean 239147.41339683533
2022-07-13 01:21:23,918 - root - INFO - Standard deviation 0.0
2022-07-13 01:21:23,918 - root - INFO - 95% 0.0
2022-07-13 01:21:23,919 - root - INFO - --------
2022-07-13 01:21:23,919 - root - INFO - Transductive training...
2022-07-13 01:21:25,557 - root - INFO - num of training instances: 675106
2022-07-13 01:21:25,557 - root - INFO - num of batches per epoch: 6752
2022-07-13 01:21:26,537 - root - INFO - start 0 epoch
2022-07-13 01:25:40,201 - root - INFO - train_time [254.64308094978333]
2022-07-13 01:25:40,202 - root - INFO - Mean 25464.308094978333
2022-07-13 01:25:40,202 - root - INFO - Standard deviation 0.0
2022-07-13 01:25:40,203 - root - INFO - 95% 0.0
2022-07-13 01:25:40,203 - root - INFO - --------
2022-07-13 01:27:21,918 - root - INFO - epoch: 0:
2022-07-13 01:27:21,919 - root - INFO - epoch mean loss: 0.7720098402880803
2022-07-13 01:27:21,919 - root - INFO - train acc: 0.8260715343601894, val acc: 0.8475839600383396
2022-07-13 01:27:21,920 - root - INFO - train auc: 0.8923558649289098, val auc: 0.9256443022837868
2022-07-13 01:27:21,920 - root - INFO - train ap: 0.9119047775468074, val ap: 0.9286891145879093
2022-07-13 01:27:21,920 - root - INFO - train time: 254.64308094978333, val time: 101.71446108818054
2022-07-13 01:27:24,615 - root - INFO - start 1 epoch
2022-07-13 01:31:29,888 - root - INFO - train_time [254.64308094978333, 246.25626158714294]
2022-07-13 01:31:29,888 - root - INFO - Mean 25044.967126846313
2022-07-13 01:31:29,888 - root - INFO - Standard deviation 4.19340968132019
2022-07-13 01:31:29,888 - root - INFO - 95% 581.1769307031458
2022-07-13 01:31:29,889 - root - INFO - --------
2022-07-13 01:33:10,897 - root - INFO - epoch: 1:
2022-07-13 01:33:10,898 - root - INFO - epoch mean loss: 0.7408581580260495
2022-07-13 01:33:10,899 - root - INFO - train acc: 0.8302539988151659, val acc: 0.8491564827103149
2022-07-13 01:33:10,899 - root - INFO - train auc: 0.8995590565758292, val auc: 0.934018945538106
2022-07-13 01:33:10,900 - root - INFO - train ap: 0.9190397690354296, val ap: 0.9383876730236229
2022-07-13 01:33:10,900 - root - INFO - train time: 246.25626158714294, val time: 101.00888633728027
2022-07-13 01:33:13,613 - root - INFO - start 2 epoch
2022-07-13 01:37:29,432 - root - INFO - train_time [254.64308094978333, 246.25626158714294, 256.79992270469666]
2022-07-13 01:37:29,432 - root - INFO - Mean 25256.642174720764
2022-07-13 01:37:29,432 - root - INFO - Standard deviation 4.5480092731644834
2022-07-13 01:37:29,432 - root - INFO - 95% 514.655698115132
2022-07-13 01:37:29,432 - root - INFO - --------
2022-07-13 01:39:10,458 - root - INFO - epoch: 2:
2022-07-13 01:39:10,461 - root - INFO - epoch mean loss: 0.7303958344405684
2022-07-13 01:39:10,463 - root - INFO - train acc: 0.8328813684834123, val acc: 0.8516529344540293
2022-07-13 01:39:10,464 - root - INFO - train auc: 0.9022881442535545, val auc: 0.9393967354698136
2022-07-13 01:39:10,466 - root - INFO - train ap: 0.9214703337308056, val ap: 0.9440520850593123
2022-07-13 01:39:10,466 - root - INFO - train time: 256.79992270469666, val time: 101.02570581436157
2022-07-13 01:39:13,421 - root - INFO - start 3 epoch
2022-07-13 01:43:18,766 - root - INFO - train_time [254.64308094978333, 246.25626158714294, 256.79992270469666, 246.19151639938354]
2022-07-13 01:43:18,766 - root - INFO - Mean 25097.26954102516
2022-07-13 01:43:18,766 - root - INFO - Standard deviation 4.809696682007546
2022-07-13 01:43:18,766 - root - INFO - 95% 471.3502748367395
2022-07-13 01:43:18,766 - root - INFO - --------
2022-07-13 01:45:01,022 - root - INFO - epoch: 3:
2022-07-13 01:45:01,023 - root - INFO - epoch mean loss: 0.7340772832606994
2022-07-13 01:45:01,024 - root - INFO - train acc: 0.8331664691943129, val acc: 0.8445045804762958
2022-07-13 01:45:01,024 - root - INFO - train auc: 0.9019010367298578, val auc: 0.9404131510512669
2022-07-13 01:45:01,025 - root - INFO - train ap: 0.9207248508896568, val ap: 0.9458859677538285
2022-07-13 01:45:01,025 - root - INFO - train time: 246.19151639938354, val time: 102.25619769096375
2022-07-13 01:45:03,793 - root - INFO - start 4 epoch
2022-07-13 01:49:19,388 - root - INFO - train_time [254.64308094978333, 246.25626158714294, 256.79992270469666, 246.19151639938354, 256.6001980304718]
2022-07-13 01:49:19,388 - root - INFO - Mean 25209.819593429565
2022-07-13 01:49:19,388 - root - INFO - Standard deviation 4.8552601842563625
2022-07-13 01:49:19,388 - root - INFO - 95% 425.58231936145893
2022-07-13 01:49:19,388 - root - INFO - --------
2022-07-13 01:51:00,349 - root - INFO - epoch: 4:
2022-07-13 01:51:00,350 - root - INFO - epoch mean loss: 0.7213639705309477
2022-07-13 01:51:00,351 - root - INFO - train acc: 0.8363670023696682, val acc: 0.8519950877387008
2022-07-13 01:51:00,351 - root - INFO - train auc: 0.9051802799170616, val auc: 0.9379140712362369
2022-07-13 01:51:00,352 - root - INFO - train ap: 0.9237200091416445, val ap: 0.9438781588806628
2022-07-13 01:51:00,352 - root - INFO - train time: 256.6001980304718, val time: 100.96105766296387
2022-07-13 01:51:02,952 - root - INFO - start 5 epoch
2022-07-13 01:55:20,326 - root - INFO - train_time [254.64308094978333, 246.25626158714294, 256.79992270469666, 246.19151639938354, 256.6001980304718, 258.1088523864746]
2022-07-13 01:55:20,326 - root - INFO - Mean 25309.99720096588
2022-07-13 01:55:20,326 - root - INFO - Standard deviation 4.966125525988143
2022-07-13 01:55:20,326 - root - INFO - 95% 397.37280221786796
2022-07-13 01:55:20,326 - root - INFO - --------
2022-07-13 01:57:02,744 - root - INFO - epoch: 5:
2022-07-13 01:57:02,745 - root - INFO - epoch mean loss: 0.71934879888776
2022-07-13 01:57:02,746 - root - INFO - train acc: 0.8368683353080568, val acc: 0.8550548827692989
2022-07-13 01:57:02,746 - root - INFO - train auc: 0.9058121371445498, val auc: 0.937168887014918
2022-07-13 01:57:02,747 - root - INFO - train ap: 0.9242114624982104, val ap: 0.9408793883672868
2022-07-13 01:57:02,747 - root - INFO - train time: 258.1088523864746, val time: 102.41779208183289
2022-07-13 01:57:05,632 - root - INFO - start 6 epoch
2022-07-13 02:01:12,594 - root - INFO - train_time [254.64308094978333, 246.25626158714294, 256.79992270469666, 246.19151639938354, 256.6001980304718, 258.1088523864746, 247.9539852142334]
2022-07-13 02:01:12,595 - root - INFO - Mean 25236.483103888375
2022-07-13 02:01:12,596 - root - INFO - Standard deviation 4.9377926070191975
2022-07-13 02:01:12,596 - root - INFO - 95% 365.79679538601033
2022-07-13 02:01:12,597 - root - INFO - --------
2022-07-13 02:02:52,753 - root - INFO - epoch: 6:
2022-07-13 02:02:52,756 - root - INFO - epoch mean loss: 0.7326811726946578
2022-07-13 02:02:52,757 - root - INFO - train acc: 0.8340173281990522, val acc: 0.8544097452628475
2022-07-13 02:02:52,759 - root - INFO - train auc: 0.9028707864336493, val auc: 0.9391831656743836
2022-07-13 02:02:52,761 - root - INFO - train ap: 0.9211994488243858, val ap: 0.9439195390244332
2022-07-13 02:02:52,761 - root - INFO - train time: 247.9539852142334, val time: 100.15588665008545
2022-07-13 02:02:52,762 - root - INFO - No improvment over 3 epochs, stop training
2022-07-13 02:02:52,762 - root - INFO - Loading the best model at epoch 3
2022-07-13 02:02:53,098 - root - INFO - Loaded the best model at epoch 3 for inference
2022-07-13 02:04:37,588 - root - INFO - Test statistics: t all nodes -- acc: 0.7949496792744968, auc: 0.9301337217982747, ap: 0.9382299082428844, time: 104.4895589351654
2022-07-13 02:04:37,589 - root - INFO - Saving NAT model ...
2022-07-13 02:04:37,633 - root - INFO - NAT model saved
2022-07-13 02:04:37,633 - root - INFO - transductive_auc [0.9303512329614576, 0.9301337217982747]
2022-07-13 02:04:37,633 - root - INFO - Mean 93.02424773798661
2022-07-13 02:04:37,633 - root - INFO - Standard deviation 0.0001087555815914576
2022-07-13 02:04:37,634 - root - INFO - 95% 0.015072754610100478
2022-07-13 02:04:37,634 - root - INFO - --------
2022-07-13 02:04:37,634 - root - INFO - transductive_ap [0.937289509481966, 0.9382299082428844]
2022-07-13 02:04:37,634 - root - INFO - Mean 93.77597088624252
2022-07-13 02:04:37,634 - root - INFO - Standard deviation 0.00047019938045922416
2022-07-13 02:04:37,634 - root - INFO - 95% 0.06516630940475644
2022-07-13 02:04:37,634 - root - INFO - --------
2022-07-13 02:04:37,634 - root - INFO - test_times [101.11524558067322, 104.4895589351654]
2022-07-13 02:04:37,634 - root - INFO - Mean 10280.240225791931
2022-07-13 02:04:37,634 - root - INFO - Standard deviation 1.6871566772460938
2022-07-13 02:04:37,635 - root - INFO - 95% 233.8279857713557
2022-07-13 02:04:37,635 - root - INFO - --------
2022-07-13 02:04:37,635 - root - INFO - early_stoppers [4, 4]
2022-07-13 02:04:37,635 - root - INFO - Mean 400
2022-07-13 02:04:37,635 - root - INFO - Standard deviation 0.0
2022-07-13 02:04:37,635 - root - INFO - 95% 0.0
2022-07-13 02:04:37,635 - root - INFO - --------
2022-07-13 02:04:37,635 - root - INFO - total_time [2391.4741339683533, 2593.0884368419647]
2022-07-13 02:04:37,635 - root - INFO - Mean 249228.1285405159
2022-07-13 02:04:37,635 - root - INFO - Standard deviation 100.80715143680573
2022-07-13 02:04:37,635 - root - INFO - 95% 13971.15839312065
2022-07-13 02:04:37,636 - root - INFO - --------
2022-07-13 02:04:37,636 - root - INFO - Transductive training...
2022-07-13 02:04:39,435 - root - INFO - num of training instances: 675106
2022-07-13 02:04:39,436 - root - INFO - num of batches per epoch: 6752
2022-07-13 02:04:40,313 - root - INFO - start 0 epoch
2022-07-13 02:08:52,450 - root - INFO - train_time [253.01218557357788]
2022-07-13 02:08:52,450 - root - INFO - Mean 25301.218557357788
2022-07-13 02:08:52,450 - root - INFO - Standard deviation 0.0
2022-07-13 02:08:52,450 - root - INFO - 95% 0.0
2022-07-13 02:08:52,451 - root - INFO - --------
2022-07-13 02:10:33,602 - root - INFO - epoch: 0:
2022-07-13 02:10:33,605 - root - INFO - epoch mean loss: 0.785936218147912
2022-07-13 02:10:33,607 - root - INFO - train acc: 0.8228769253554503, val acc: 0.836516395708914
2022-07-13 02:10:33,609 - root - INFO - train auc: 0.8894426095971564, val auc: 0.9240682635163987
2022-07-13 02:10:33,610 - root - INFO - train ap: 0.9084340574292683, val ap: 0.9275142240314787
2022-07-13 02:10:33,610 - root - INFO - train time: 253.01218557357788, val time: 101.15165734291077
2022-07-13 02:10:36,574 - root - INFO - start 1 epoch
2022-07-13 02:14:41,889 - root - INFO - train_time [253.01218557357788, 246.30430436134338]
2022-07-13 02:14:41,889 - root - INFO - Mean 24965.824496746063
2022-07-13 02:14:41,889 - root - INFO - Standard deviation 3.3539406061172485
2022-07-13 02:14:41,889 - root - INFO - 95% 464.83245267135544
2022-07-13 02:14:41,889 - root - INFO - --------
2022-07-13 02:16:23,732 - root - INFO - epoch: 1:
2022-07-13 02:16:23,733 - root - INFO - epoch mean loss: 0.757715459804876
2022-07-13 02:16:23,734 - root - INFO - train acc: 0.8273400473933649, val acc: 0.8455920979871709
2022-07-13 02:16:23,735 - root - INFO - train auc: 0.8961499333530806, val auc: 0.9305692119261348
2022-07-13 02:16:23,735 - root - INFO - train ap: 0.9153322449975212, val ap: 0.9342587763163377
2022-07-13 02:16:23,735 - root - INFO - train time: 246.30430436134338, val time: 101.84302878379822
2022-07-13 02:16:26,354 - root - INFO - start 2 epoch
2022-07-13 02:20:42,959 - root - INFO - train_time [253.01218557357788, 246.30430436134338, 257.4685027599335]
2022-07-13 02:20:42,960 - root - INFO - Mean 25226.166423161827
2022-07-13 02:20:42,960 - root - INFO - Standard deviation 4.588557738863272
2022-07-13 02:20:42,960 - root - INFO - 95% 519.2441889620707
2022-07-13 02:20:42,960 - root - INFO - --------
2022-07-13 02:22:24,488 - root - INFO - epoch: 2:
2022-07-13 02:22:24,489 - root - INFO - epoch mean loss: 0.7359164492867145
2022-07-13 02:22:24,490 - root - INFO - train acc: 0.8324140995260663, val acc: 0.8507716305389663
2022-07-13 02:22:24,490 - root - INFO - train auc: 0.9012589380924171, val auc: 0.9359836748530008
2022-07-13 02:22:24,490 - root - INFO - train ap: 0.9202209533103782, val ap: 0.9405464559642448
2022-07-13 02:22:24,490 - root - INFO - train time: 257.4685027599335, val time: 101.52803039550781
2022-07-13 02:22:27,180 - root - INFO - start 3 epoch
2022-07-13 02:26:43,357 - root - INFO - train_time [253.01218557357788, 246.30430436134338, 257.4685027599335, 257.1686942577362]
2022-07-13 02:26:43,357 - root - INFO - Mean 25348.842173814774
2022-07-13 02:26:43,357 - root - INFO - Standard deviation 4.506212215557638
2022-07-13 02:26:43,357 - root - INFO - 95% 441.6087971246485
2022-07-13 02:26:43,358 - root - INFO - --------
2022-07-13 02:28:25,800 - root - INFO - epoch: 3:
2022-07-13 02:28:25,800 - root - INFO - epoch mean loss: 0.7334865077687824
2022-07-13 02:28:25,801 - root - INFO - train acc: 0.8326621741706162, val acc: 0.8529708582172085
2022-07-13 02:28:25,801 - root - INFO - train auc: 0.9015715269549763, val auc: 0.9369827499639031
2022-07-13 02:28:25,802 - root - INFO - train ap: 0.9206511726477906, val ap: 0.9406872147943036
2022-07-13 02:28:25,802 - root - INFO - train time: 257.1686942577362, val time: 102.44190835952759
2022-07-13 02:28:28,553 - root - INFO - start 4 epoch
2022-07-13 02:32:36,684 - root - INFO - train_time [253.01218557357788, 246.30430436134338, 257.4685027599335, 257.1686942577362, 248.98362731933594]
2022-07-13 02:32:36,684 - root - INFO - Mean 25258.746285438538
2022-07-13 02:32:36,684 - root - INFO - Standard deviation 4.414936745439731
2022-07-13 02:32:36,684 - root - INFO - 95% 386.986268223265
2022-07-13 02:32:36,685 - root - INFO - --------
2022-07-13 02:34:19,223 - root - INFO - epoch: 4:
2022-07-13 02:34:19,224 - root - INFO - epoch mean loss: 0.7339904598044276
2022-07-13 02:34:19,225 - root - INFO - train acc: 0.8330872334123223, val acc: 0.8479860189486101
2022-07-13 02:34:19,226 - root - INFO - train auc: 0.9019870260663506, val auc: 0.9350008481830163
2022-07-13 02:34:19,227 - root - INFO - train ap: 0.9207574329407052, val ap: 0.9391339434073078
2022-07-13 02:34:19,227 - root - INFO - train time: 248.98362731933594, val time: 102.53812146186829
2022-07-13 02:34:21,721 - root - INFO - start 5 epoch
2022-07-13 02:38:38,401 - root - INFO - train_time [253.01218557357788, 246.30430436134338, 257.4685027599335, 257.1686942577362, 248.98362731933594, 257.46325039863586]
2022-07-13 02:38:38,401 - root - INFO - Mean 25340.009411176048
2022-07-13 02:38:38,401 - root - INFO - Standard deviation 4.420961794773094
2022-07-13 02:38:38,402 - root - INFO - 95% 353.7506186047448
2022-07-13 02:38:38,402 - root - INFO - --------
2022-07-13 02:40:20,022 - root - INFO - epoch: 5:
2022-07-13 02:40:20,025 - root - INFO - epoch mean loss: 0.7179639450378134
2022-07-13 02:40:20,027 - root - INFO - train acc: 0.8374674170616113, val acc: 0.8522531427412815
2022-07-13 02:40:20,028 - root - INFO - train auc: 0.9060698755924171, val auc: 0.9326974576782116
2022-07-13 02:40:20,030 - root - INFO - train ap: 0.9245826296315537, val ap: 0.9361238818059013
2022-07-13 02:40:20,030 - root - INFO - train time: 257.46325039863586, val time: 101.61979055404663
2022-07-13 02:40:20,031 - root - INFO - No improvment over 3 epochs, stop training
2022-07-13 02:40:20,031 - root - INFO - Loading the best model at epoch 2
2022-07-13 02:40:20,398 - root - INFO - Loaded the best model at epoch 2 for inference
2022-07-13 02:42:06,155 - root - INFO - Test statistics: t all nodes -- acc: 0.8095313536828136, auc: 0.9272807096397367, ap: 0.9346532512242259, time: 105.7568211555481
2022-07-13 02:42:06,156 - root - INFO - Saving NAT model ...
2022-07-13 02:42:06,202 - root - INFO - NAT model saved
2022-07-13 02:42:06,202 - root - INFO - transductive_auc [0.9303512329614576, 0.9301337217982747, 0.9272807096397367]
2022-07-13 02:42:06,202 - root - INFO - Mean 92.92552214664896
2022-07-13 02:42:06,203 - root - INFO - Standard deviation 0.0013990116730553544
2022-07-13 02:42:06,203 - root - INFO - 95% 0.1583130741434358
2022-07-13 02:42:06,203 - root - INFO - --------
2022-07-13 02:42:06,203 - root - INFO - transductive_ap [0.937289509481966, 0.9382299082428844, 0.9346532512242259]
2022-07-13 02:42:06,203 - root - INFO - Mean 93.67242229830255
2022-07-13 02:42:06,203 - root - INFO - Standard deviation 0.0015138869347242365
2022-07-13 02:42:06,203 - root - INFO - 95% 0.1713124337399963
2022-07-13 02:42:06,204 - root - INFO - --------
2022-07-13 02:42:06,204 - root - INFO - test_times [101.11524558067322, 104.4895589351654, 105.7568211555481]
2022-07-13 02:42:06,204 - root - INFO - Mean 10378.72085571289
2022-07-13 02:42:06,204 - root - INFO - Standard deviation 1.9589160258443568
2022-07-13 02:42:06,204 - root - INFO - 95% 221.67221618885782
2022-07-13 02:42:06,204 - root - INFO - --------
2022-07-13 02:42:06,204 - root - INFO - early_stoppers [4, 4, 3]
2022-07-13 02:42:06,204 - root - INFO - Mean 366.66666666666663
2022-07-13 02:42:06,204 - root - INFO - Standard deviation 0.4714045207910317
2022-07-13 02:42:06,205 - root - INFO - 95% 53.344443287278104
2022-07-13 02:42:06,205 - root - INFO - --------
2022-07-13 02:42:06,205 - root - INFO - total_time [2391.4741339683533, 2593.0884368419647, 2247.6991217136383]
2022-07-13 02:42:06,205 - root - INFO - Mean 241075.38975079855
2022-07-13 02:42:06,205 - root - INFO - Standard deviation 141.66210199582125
2022-07-13 02:42:06,205 - root - INFO - 95% 16030.575933366103
2022-07-13 02:42:06,205 - root - INFO - --------
