2022-07-13 16:22:48,537 - root - INFO - Create log file at log/1657754568.5370338-sx-askubuntu-t-2-16k16-16.log
2022-07-13 16:22:48,537 - root - INFO - Command line executed: python main.py -d sx-askubuntu --pos_dim 16 --bs 100 --n_degree 16 16 --n_hop 2 --mode t --bias 1e-5 --seed 2 --verbosity 1 --drop_out 0.1 --attn_n_head 1 --ngh_dim 4 --self_dim 172 --run 3 --replace_prob 0.3
2022-07-13 16:22:48,537 - root - INFO - Full args parsed:
2022-07-13 16:22:48,537 - root - INFO - Namespace(attn_n_head=1, bias=1e-05, bs=100, cpu_cores=1, data='sx-askubuntu', drop_out=0.1, gpu=0, linear_out=False, lr=0.0001, mode='t', n_degree=['16', '16'], n_epoch=50, n_hop=2, ngh_dim=4, pos_dim=16, replace_prob=0.3, run=3, seed=2, self_dim=172, t_batch=False, t_batch_order=False, time_dim=1, tolerance=0.001, verbosity=1)
2022-07-13 16:22:48,537 - root - INFO - Create checkpoint directory ./saved_checkpoints/1657754568.5370338-sx-askubuntu-t-2-16k16-16/
2022-07-13 16:22:48,537 - root - INFO - Create best model directory ./best_models/1657754568.5370338-sx-askubuntu-t-2-16k16-16/
2022-07-13 16:22:49,029 - root - INFO - Transductive training...
2022-07-13 16:22:52,221 - root - INFO - num of training instances: 675106
2022-07-13 16:22:52,221 - root - INFO - num of batches per epoch: 6752
2022-07-13 16:22:52,800 - root - INFO - start 0 epoch
2022-07-13 16:26:11,643 - root - INFO - train_time [199.42116594314575]
2022-07-13 16:26:11,643 - root - INFO - Mean 19942.116594314575
2022-07-13 16:26:11,643 - root - INFO - Standard deviation 0.0
2022-07-13 16:26:11,643 - root - INFO - 95% 0.0
2022-07-13 16:26:11,643 - root - INFO - --------
2022-07-13 16:27:30,561 - root - INFO - epoch: 0:
2022-07-13 16:27:30,562 - root - INFO - epoch mean loss: 0.7586927031965759
2022-07-13 16:27:30,563 - root - INFO - train acc: 0.8283656694312796, val acc: 0.8498672859986729
2022-07-13 16:27:30,564 - root - INFO - train auc: 0.8957002888033175, val auc: 0.9299702636730751
2022-07-13 16:27:30,564 - root - INFO - train ap: 0.9154751218011136, val ap: 0.9340595441672981
2022-07-13 16:27:30,564 - root - INFO - train time: 199.42116594314575, val time: 78.918039560318
2022-07-13 16:27:31,854 - root - INFO - start 1 epoch
2022-07-13 16:30:47,043 - root - INFO - train_time [199.42116594314575, 195.83339548110962]
2022-07-13 16:30:47,043 - root - INFO - Mean 19762.72807121277
2022-07-13 16:30:47,044 - root - INFO - Standard deviation 1.7938852310180664
2022-07-13 16:30:47,044 - root - INFO - 95% 248.6198086585611
2022-07-13 16:30:47,044 - root - INFO - --------
2022-07-13 16:32:05,639 - root - INFO - epoch: 1:
2022-07-13 16:32:05,640 - root - INFO - epoch mean loss: 0.7415700373460508
2022-07-13 16:32:05,641 - root - INFO - train acc: 0.8301340343601896, val acc: 0.8545007557325075
2022-07-13 16:32:05,641 - root - INFO - train auc: 0.8989678835900474, val auc: 0.9374287300660191
2022-07-13 16:32:05,642 - root - INFO - train ap: 0.9191746799303114, val ap: 0.9427124779331704
2022-07-13 16:32:05,642 - root - INFO - train time: 195.83339548110962, val time: 78.5954122543335
2022-07-13 16:32:06,976 - root - INFO - start 2 epoch
2022-07-13 16:36:15,349 - root - INFO - train_time [199.42116594314575, 195.83339548110962, 249.01922273635864]
2022-07-13 16:36:15,349 - root - INFO - Mean 21475.792805353798
2022-07-13 16:36:15,350 - root - INFO - Standard deviation 24.270630526480215
2022-07-13 16:36:15,350 - root - INFO - 95% 2746.480393301599
2022-07-13 16:36:15,350 - root - INFO - --------
2022-07-13 16:37:58,068 - root - INFO - epoch: 2:
2022-07-13 16:37:58,071 - root - INFO - epoch mean loss: 0.739013295380125
2022-07-13 16:37:58,071 - root - INFO - train acc: 0.8316054502369669, val acc: 0.8519271178942712
2022-07-13 16:37:58,072 - root - INFO - train auc: 0.900305620556872, val auc: 0.9366101038517781
2022-07-13 16:37:58,073 - root - INFO - train ap: 0.9197465396679205, val ap: 0.9414420878771252
2022-07-13 16:37:58,073 - root - INFO - train time: 249.01922273635864, val time: 102.71780610084534
2022-07-13 16:37:59,793 - root - INFO - start 3 epoch
2022-07-13 16:42:19,854 - root - INFO - train_time [199.42116594314575, 195.83339548110962, 249.01922273635864, 260.871768951416]
2022-07-13 16:42:19,855 - root - INFO - Mean 22628.63882780075
2022-07-13 16:42:19,855 - root - INFO - Standard deviation 28.99161628913109
2022-07-13 16:42:19,855 - root - INFO - 95% 2841.178396334847
2022-07-13 16:42:19,855 - root - INFO - --------
2022-07-13 16:44:05,545 - root - INFO - epoch: 3:
2022-07-13 16:44:05,548 - root - INFO - epoch mean loss: 0.7318878509655983
2022-07-13 16:44:05,550 - root - INFO - train acc: 0.8330479857819905, val acc: 0.8494214499004645
2022-07-13 16:44:05,552 - root - INFO - train auc: 0.902308715936019, val auc: 0.9383739957167478
2022-07-13 16:44:05,553 - root - INFO - train ap: 0.9212665726573953, val ap: 0.9442019862263362
2022-07-13 16:44:05,554 - root - INFO - train time: 260.871768951416, val time: 105.69015455245972
2022-07-13 16:44:08,018 - root - INFO - start 4 epoch
2022-07-13 16:48:42,917 - root - INFO - train_time [199.42116594314575, 195.83339548110962, 249.01922273635864, 260.871768951416, 276.08312153816223]
2022-07-13 16:48:42,917 - root - INFO - Mean 23624.573493003845
2022-07-13 16:48:42,917 - root - INFO - Standard deviation 32.69809466905142
2022-07-13 16:48:42,917 - root - INFO - 95% 2866.1143666571206
2022-07-13 16:48:42,917 - root - INFO - --------
2022-07-13 16:50:33,889 - root - INFO - epoch: 4:
2022-07-13 16:50:33,892 - root - INFO - epoch mean loss: 0.7321965756044851
2022-07-13 16:50:33,895 - root - INFO - train acc: 0.8335337677725119, val acc: 0.8461416168989162
2022-07-13 16:50:33,897 - root - INFO - train auc: 0.9024170542061611, val auc: 0.9354380440467633
2022-07-13 16:50:33,900 - root - INFO - train ap: 0.9214151662457462, val ap: 0.9405191435510447
2022-07-13 16:50:33,900 - root - INFO - train time: 276.08312153816223, val time: 110.9716784954071
2022-07-13 16:50:36,115 - root - INFO - start 5 epoch
2022-07-13 16:55:05,311 - root - INFO - train_time [199.42116594314575, 195.83339548110962, 249.01922273635864, 260.871768951416, 276.08312153816223, 270.2875099182129]
2022-07-13 16:55:05,312 - root - INFO - Mean 24191.93640947342
2022-07-13 16:55:05,312 - root - INFO - Standard deviation 32.43333935907574
2022-07-13 16:55:05,312 - root - INFO - 95% 2595.207648085891
2022-07-13 16:55:05,312 - root - INFO - --------
2022-07-13 16:56:57,137 - root - INFO - epoch: 5:
2022-07-13 16:56:57,138 - root - INFO - epoch mean loss: 0.7304502229109159
2022-07-13 16:56:57,138 - root - INFO - train acc: 0.8343646327014217, val acc: 0.8497589950600899
2022-07-13 16:56:57,139 - root - INFO - train auc: 0.9030462751777251, val auc: 0.9355583353109871
2022-07-13 16:56:57,139 - root - INFO - train ap: 0.921731001684547, val ap: 0.9400754760623885
2022-07-13 16:56:57,140 - root - INFO - train time: 270.2875099182129, val time: 111.8244321346283
2022-07-13 16:56:58,921 - root - INFO - start 6 epoch
2022-07-13 17:01:44,114 - root - INFO - train_time [199.42116594314575, 195.83339548110962, 249.01922273635864, 260.871768951416, 276.08312153816223, 270.2875099182129, 285.8543527126312]
2022-07-13 17:01:44,114 - root - INFO - Mean 24819.579104014807
2022-07-13 17:01:44,114 - root - INFO - Standard deviation 33.7343773160952
2022-07-13 17:01:44,115 - root - INFO - 95% 2499.0776443361806
2022-07-13 17:01:44,115 - root - INFO - --------
2022-07-13 17:03:37,057 - root - INFO - epoch: 6:
2022-07-13 17:03:37,058 - root - INFO - epoch mean loss: 0.7239175232025791
2022-07-13 17:03:37,059 - root - INFO - train acc: 0.8356464751184834, val acc: 0.8540629838531298
2022-07-13 17:03:37,059 - root - INFO - train auc: 0.9048150325829384, val auc: 0.9379125951961832
2022-07-13 17:03:37,060 - root - INFO - train ap: 0.9233671783766844, val ap: 0.9427599883981223
2022-07-13 17:03:37,060 - root - INFO - train time: 285.8543527126312, val time: 112.94243693351746
2022-07-13 17:03:37,060 - root - INFO - No improvment over 3 epochs, stop training
2022-07-13 17:03:37,060 - root - INFO - Loading the best model at epoch 3
2022-07-13 17:03:37,486 - root - INFO - Loaded the best model at epoch 3 for inference
2022-07-13 17:05:36,146 - root - INFO - Test statistics: t all nodes -- acc: 0.8088806403450565, auc: 0.928625957510783, ap: 0.9370670847939756, time: 118.65696406364441
2022-07-13 17:05:36,146 - root - INFO - Saving NAT model ...
2022-07-13 17:05:36,169 - root - INFO - NAT model saved
2022-07-13 17:05:36,170 - root - INFO - transductive_auc [0.928625957510783]
2022-07-13 17:05:36,171 - root - INFO - Mean 92.8625957510783
2022-07-13 17:05:36,171 - root - INFO - Standard deviation 0.0
2022-07-13 17:05:36,171 - root - INFO - 95% 0.0
2022-07-13 17:05:36,171 - root - INFO - --------
2022-07-13 17:05:36,171 - root - INFO - transductive_ap [0.9370670847939756]
2022-07-13 17:05:36,171 - root - INFO - Mean 93.70670847939756
2022-07-13 17:05:36,171 - root - INFO - Standard deviation 0.0
2022-07-13 17:05:36,171 - root - INFO - 95% 0.0
2022-07-13 17:05:36,171 - root - INFO - --------
2022-07-13 17:05:36,171 - root - INFO - test_times [118.65696406364441]
2022-07-13 17:05:36,171 - root - INFO - Mean 11865.696406364441
2022-07-13 17:05:36,172 - root - INFO - Standard deviation 0.0
2022-07-13 17:05:36,172 - root - INFO - 95% 0.0
2022-07-13 17:05:36,172 - root - INFO - --------
2022-07-13 17:05:36,172 - root - INFO - early_stoppers [4]
2022-07-13 17:05:36,172 - root - INFO - Mean 400
2022-07-13 17:05:36,172 - root - INFO - Standard deviation 0.0
2022-07-13 17:05:36,172 - root - INFO - 95% 0.0
2022-07-13 17:05:36,172 - root - INFO - --------
2022-07-13 17:05:36,172 - root - INFO - total_time [2566.7431814670563]
2022-07-13 17:05:36,172 - root - INFO - Mean 256674.31814670563
2022-07-13 17:05:36,172 - root - INFO - Standard deviation 0.0
2022-07-13 17:05:36,172 - root - INFO - 95% 0.0
2022-07-13 17:05:36,172 - root - INFO - --------
2022-07-13 17:05:36,172 - root - INFO - Transductive training...
2022-07-13 17:05:38,096 - root - INFO - num of training instances: 675106
2022-07-13 17:05:38,097 - root - INFO - num of batches per epoch: 6752
2022-07-13 17:05:38,827 - root - INFO - start 0 epoch
2022-07-13 17:10:20,007 - root - INFO - train_time [281.9090008735657]
2022-07-13 17:10:20,008 - root - INFO - Mean 28190.900087356567
2022-07-13 17:10:20,008 - root - INFO - Standard deviation 0.0
2022-07-13 17:10:20,008 - root - INFO - 95% 0.0
2022-07-13 17:10:20,008 - root - INFO - --------
2022-07-13 17:12:14,691 - root - INFO - epoch: 0:
2022-07-13 17:12:14,694 - root - INFO - epoch mean loss: 0.7735373100588072
2022-07-13 17:12:14,696 - root - INFO - train acc: 0.8259967417061611, val acc: 0.8501771824080218
2022-07-13 17:12:14,697 - root - INFO - train auc: 0.892040025177725, val auc: 0.9264420599317382
2022-07-13 17:12:14,699 - root - INFO - train ap: 0.9116398138513935, val ap: 0.9289314653612976
2022-07-13 17:12:14,699 - root - INFO - train time: 281.9090008735657, val time: 114.68289256095886
2022-07-13 17:12:17,894 - root - INFO - start 1 epoch
2022-07-13 17:16:59,067 - root - INFO - train_time [281.9090008735657, 282.14084672927856]
2022-07-13 17:16:59,067 - root - INFO - Mean 28202.492380142212
2022-07-13 17:16:59,068 - root - INFO - Standard deviation 0.11592292785644531
2022-07-13 17:16:59,069 - root - INFO - 95% 16.066098122929116
2022-07-13 17:16:59,069 - root - INFO - --------
2022-07-13 17:18:52,433 - root - INFO - epoch: 1:
2022-07-13 17:18:52,436 - root - INFO - epoch mean loss: 0.7417398615965346
2022-07-13 17:18:52,438 - root - INFO - train acc: 0.8308130924170616, val acc: 0.8481853203568532
2022-07-13 17:18:52,440 - root - INFO - train auc: 0.8997604931872039, val auc: 0.9316026559696724
2022-07-13 17:18:52,441 - root - INFO - train ap: 0.9190116217196524, val ap: 0.9355844858173978
2022-07-13 17:18:52,441 - root - INFO - train time: 282.14084672927856, val time: 113.36397433280945
2022-07-13 17:18:55,408 - root - INFO - start 2 epoch
2022-07-13 17:23:38,918 - root - INFO - train_time [281.9090008735657, 282.14084672927856, 284.54394912719727]
2022-07-13 17:23:38,918 - root - INFO - Mean 28286.459891001385
2022-07-13 17:23:38,918 - root - INFO - Standard deviation 1.1912461232307223
2022-07-13 17:23:38,919 - root - INFO - 95% 134.80218890399772
2022-07-13 17:23:38,919 - root - INFO - --------
2022-07-13 17:25:34,874 - root - INFO - epoch: 2:
2022-07-13 17:25:34,875 - root - INFO - epoch mean loss: 0.7335576891349584
2022-07-13 17:25:34,875 - root - INFO - train acc: 0.8323593009478674, val acc: 0.8489594853645949
2022-07-13 17:25:34,876 - root - INFO - train auc: 0.9020554650473933, val auc: 0.9376883451109328
2022-07-13 17:25:34,876 - root - INFO - train ap: 0.9208887027324612, val ap: 0.9420218618209245
2022-07-13 17:25:34,876 - root - INFO - train time: 284.54394912719727, val time: 115.95489621162415
2022-07-13 17:25:37,740 - root - INFO - start 3 epoch
2022-07-13 17:30:19,567 - root - INFO - train_time [281.9090008735657, 282.14084672927856, 284.54394912719727, 282.8363790512085]
2022-07-13 17:30:19,568 - root - INFO - Mean 28285.75439453125
2022-07-13 17:30:19,568 - root - INFO - Standard deviation 1.0317217707138782
2022-07-13 17:30:19,568 - root - INFO - 95% 101.10873352996006
2022-07-13 17:30:19,568 - root - INFO - --------
2022-07-13 17:32:16,978 - root - INFO - epoch: 3:
2022-07-13 17:32:16,980 - root - INFO - epoch mean loss: 0.7411689020591784
2022-07-13 17:32:16,982 - root - INFO - train acc: 0.8313151658767773, val acc: 0.8437188951559389
2022-07-13 17:32:16,984 - root - INFO - train auc: 0.9001510811611374, val auc: 0.9407327917250362
2022-07-13 17:32:16,985 - root - INFO - train ap: 0.9189689521875034, val ap: 0.9457472417028422
2022-07-13 17:32:16,986 - root - INFO - train time: 282.8363790512085, val time: 117.40921759605408
2022-07-13 17:32:20,188 - root - INFO - start 4 epoch
2022-07-13 17:37:11,094 - root - INFO - train_time [281.9090008735657, 282.14084672927856, 284.54394912719727, 282.8363790512085, 291.9070825576782]
2022-07-13 17:37:11,095 - root - INFO - Mean 28466.745166778564
2022-07-13 17:37:11,095 - root - INFO - Standard deviation 3.7355888030140156
2022-07-13 17:37:11,096 - root - INFO - 95% 327.4387955814353
2022-07-13 17:37:11,096 - root - INFO - --------
2022-07-13 17:39:08,472 - root - INFO - epoch: 4:
2022-07-13 17:39:08,473 - root - INFO - epoch mean loss: 0.726612793917269
2022-07-13 17:39:08,473 - root - INFO - train acc: 0.8342979857819905, val acc: 0.8486979742682297
2022-07-13 17:39:08,474 - root - INFO - train auc: 0.9035636033767773, val auc: 0.9387172770320296
2022-07-13 17:39:08,474 - root - INFO - train ap: 0.9223058697126525, val ap: 0.9433159224542765
2022-07-13 17:39:08,474 - root - INFO - train time: 291.9070825576782, val time: 117.3749623298645
2022-07-13 17:39:11,442 - root - INFO - start 5 epoch
2022-07-13 17:44:01,151 - root - INFO - train_time [281.9090008735657, 282.14084672927856, 284.54394912719727, 282.8363790512085, 291.9070825576782, 290.66561818122864]
2022-07-13 17:44:01,152 - root - INFO - Mean 28566.71460866928
2022-07-13 17:44:01,152 - root - INFO - Standard deviation 4.077474432003274
2022-07-13 17:44:01,153 - root - INFO - 95% 326.2659053899877
2022-07-13 17:44:01,153 - root - INFO - --------
2022-07-13 17:45:58,476 - root - INFO - epoch: 5:
2022-07-13 17:45:58,477 - root - INFO - epoch mean loss: 0.7186724786421558
2022-07-13 17:45:58,478 - root - INFO - train acc: 0.8373311611374408, val acc: 0.8543118226056182
2022-07-13 17:45:58,478 - root - INFO - train auc: 0.9060722008293839, val auc: 0.9378644258890609
2022-07-13 17:45:58,479 - root - INFO - train ap: 0.9244121164709908, val ap: 0.9426751198734162
2022-07-13 17:45:58,479 - root - INFO - train time: 290.66561818122864, val time: 117.3227150440216
2022-07-13 17:46:01,286 - root - INFO - start 6 epoch
2022-07-13 17:50:41,744 - root - INFO - train_time [281.9090008735657, 282.14084672927856, 284.54394912719727, 282.8363790512085, 291.9070825576782, 290.66561818122864, 281.14038467407227]
2022-07-13 17:50:41,744 - root - INFO - Mean 28502.046588488985
2022-07-13 17:50:41,744 - root - INFO - Standard deviation 4.09388024747751
2022-07-13 17:50:41,744 - root - INFO - 95% 303.2788928989415
2022-07-13 17:50:41,744 - root - INFO - --------
2022-07-13 17:52:38,186 - root - INFO - epoch: 6:
2022-07-13 17:52:38,187 - root - INFO - epoch mean loss: 0.7224202857758868
2022-07-13 17:52:38,188 - root - INFO - train acc: 0.8374414988151658, val acc: 0.8534247585342476
2022-07-13 17:52:38,188 - root - INFO - train auc: 0.9052556575829385, val auc: 0.9349047975765871
2022-07-13 17:52:38,189 - root - INFO - train ap: 0.923492645923128, val ap: 0.9388949072477044
2022-07-13 17:52:38,189 - root - INFO - train time: 281.14038467407227, val time: 116.44174122810364
2022-07-13 17:52:38,189 - root - INFO - No improvment over 3 epochs, stop training
2022-07-13 17:52:38,189 - root - INFO - Loading the best model at epoch 3
2022-07-13 17:52:38,540 - root - INFO - Loaded the best model at epoch 3 for inference
2022-07-13 17:54:38,064 - root - INFO - Test statistics: t all nodes -- acc: 0.7910452610042027, auc: 0.9274112803445034, ap: 0.9348664635382764, time: 119.52235746383667
2022-07-13 17:54:38,065 - root - INFO - Saving NAT model ...
2022-07-13 17:54:38,110 - root - INFO - NAT model saved
2022-07-13 17:54:38,110 - root - INFO - transductive_auc [0.928625957510783, 0.9274112803445034]
2022-07-13 17:54:38,110 - root - INFO - Mean 92.80186189276432
2022-07-13 17:54:38,111 - root - INFO - Standard deviation 0.000607338583139827
2022-07-13 17:54:38,111 - root - INFO - 95% 0.08417283320042268
2022-07-13 17:54:38,111 - root - INFO - --------
2022-07-13 17:54:38,111 - root - INFO - transductive_ap [0.9370670847939756, 0.9348664635382764]
2022-07-13 17:54:38,111 - root - INFO - Mean 93.5966774166126
2022-07-13 17:54:38,111 - root - INFO - Standard deviation 0.0011003106278495989
2022-07-13 17:54:38,112 - root - INFO - 95% 0.15249527284735948
2022-07-13 17:54:38,112 - root - INFO - --------
2022-07-13 17:54:38,112 - root - INFO - test_times [118.65696406364441, 119.52235746383667]
2022-07-13 17:54:38,112 - root - INFO - Mean 11908.966076374054
2022-07-13 17:54:38,112 - root - INFO - Standard deviation 0.43269670009613037
2022-07-13 17:54:38,112 - root - INFO - 95% 59.96870308366306
2022-07-13 17:54:38,113 - root - INFO - --------
2022-07-13 17:54:38,113 - root - INFO - early_stoppers [4, 4]
2022-07-13 17:54:38,113 - root - INFO - Mean 400
2022-07-13 17:54:38,113 - root - INFO - Standard deviation 0.0
2022-07-13 17:54:38,113 - root - INFO - 95% 0.0
2022-07-13 17:54:38,113 - root - INFO - --------
2022-07-13 17:54:38,113 - root - INFO - total_time [2566.7431814670563, 2940.9352045059204]
2022-07-13 17:54:38,114 - root - INFO - Mean 275383.91929864883
2022-07-13 17:54:38,114 - root - INFO - Standard deviation 187.09601151943207
2022-07-13 17:54:38,114 - root - INFO - 95% 25930.184261755978
2022-07-13 17:54:38,114 - root - INFO - --------
2022-07-13 17:54:38,114 - root - INFO - Transductive training...
2022-07-13 17:54:39,690 - root - INFO - num of training instances: 675106
2022-07-13 17:54:39,690 - root - INFO - num of batches per epoch: 6752
2022-07-13 17:54:40,652 - root - INFO - start 0 epoch
2022-07-13 17:59:18,350 - root - INFO - train_time [278.6575572490692]
2022-07-13 17:59:18,350 - root - INFO - Mean 27865.75572490692
2022-07-13 17:59:18,350 - root - INFO - Standard deviation 0.0
2022-07-13 17:59:18,350 - root - INFO - 95% 0.0
2022-07-13 17:59:18,350 - root - INFO - --------
2022-07-13 18:01:14,533 - root - INFO - epoch: 0:
2022-07-13 18:01:14,536 - root - INFO - epoch mean loss: 0.789122013510889
2022-07-13 18:01:14,538 - root - INFO - train acc: 0.82151288507109, val acc: 0.8316041344097913
2022-07-13 18:01:14,539 - root - INFO - train auc: 0.888685663507109, val auc: 0.9260228885571039
2022-07-13 18:01:14,541 - root - INFO - train ap: 0.9077535395777855, val ap: 0.9316293830920743
2022-07-13 18:01:14,542 - root - INFO - train time: 278.6575572490692, val time: 116.18230438232422
2022-07-13 18:01:17,724 - root - INFO - start 1 epoch
2022-07-13 18:05:52,734 - root - INFO - train_time [278.6575572490692, 276.13511300086975]
2022-07-13 18:05:52,734 - root - INFO - Mean 27739.63351249695
2022-07-13 18:05:52,734 - root - INFO - Standard deviation 1.2612221240997314
2022-07-13 18:05:52,734 - root - INFO - 95% 174.7964684405506
2022-07-13 18:05:52,734 - root - INFO - --------
2022-07-13 18:07:49,762 - root - INFO - epoch: 1:
2022-07-13 18:07:49,765 - root - INFO - epoch mean loss: 0.7630896645430387
2022-07-13 18:07:49,767 - root - INFO - train acc: 0.8258893661137442, val acc: 0.8440253354715033
2022-07-13 18:07:49,768 - root - INFO - train auc: 0.894391750592417, val auc: 0.9309358458751136
2022-07-13 18:07:49,770 - root - INFO - train ap: 0.9140243895209614, val ap: 0.9354035143368591
2022-07-13 18:07:49,770 - root - INFO - train time: 276.13511300086975, val time: 117.02778363227844
2022-07-13 18:07:52,893 - root - INFO - start 2 epoch
2022-07-13 18:12:38,772 - root - INFO - train_time [278.6575572490692, 276.13511300086975, 286.8066394329071]
2022-07-13 18:12:38,772 - root - INFO - Mean 28053.310322761536
2022-07-13 18:12:38,772 - root - INFO - Standard deviation 4.554018272225708
2022-07-13 18:12:38,772 - root - INFO - 95% 515.3356803713415
2022-07-13 18:12:38,772 - root - INFO - --------
2022-07-13 18:14:36,273 - root - INFO - epoch: 2:
2022-07-13 18:14:36,274 - root - INFO - epoch mean loss: 0.743347512816313
2022-07-13 18:14:36,274 - root - INFO - train acc: 0.8298637440758293, val acc: 0.8518510838310108
2022-07-13 18:14:36,275 - root - INFO - train auc: 0.8990585826421801, val auc: 0.9336329070625661
2022-07-13 18:14:36,275 - root - INFO - train ap: 0.9185221915948896, val ap: 0.9378398623012433
2022-07-13 18:14:36,275 - root - INFO - train time: 286.8066394329071, val time: 117.5003411769867
2022-07-13 18:14:39,056 - root - INFO - start 3 epoch
2022-07-13 18:19:25,494 - root - INFO - train_time [278.6575572490692, 276.13511300086975, 286.8066394329071, 287.04579758644104]
2022-07-13 18:19:25,494 - root - INFO - Mean 28216.127681732178
2022-07-13 18:19:25,494 - root - INFO - Standard deviation 4.848418250571695
2022-07-13 18:19:25,495 - root - INFO - 95% 475.1449885560261
2022-07-13 18:19:25,495 - root - INFO - --------
2022-07-13 18:21:24,380 - root - INFO - epoch: 3:
2022-07-13 18:21:24,383 - root - INFO - epoch mean loss: 0.7363874982044948
2022-07-13 18:21:24,385 - root - INFO - train acc: 0.8308138329383887, val acc: 0.851776201799012
2022-07-13 18:21:24,386 - root - INFO - train auc: 0.9003408175355451, val auc: 0.935387906686236
2022-07-13 18:21:24,388 - root - INFO - train ap: 0.919824027811557, val ap: 0.93987641166737
2022-07-13 18:21:24,388 - root - INFO - train time: 287.04579758644104, val time: 118.88506722450256
2022-07-13 18:21:27,421 - root - INFO - start 4 epoch
2022-07-13 18:26:06,890 - root - INFO - train_time [278.6575572490692, 276.13511300086975, 286.8066394329071, 287.04579758644104, 280.62245082855225]
2022-07-13 18:26:06,890 - root - INFO - Mean 28185.351161956787
2022-07-13 18:26:06,891 - root - INFO - Standard deviation 4.380023435299788
2022-07-13 18:26:06,892 - root - INFO - 95% 383.9259816594011
2022-07-13 18:26:06,892 - root - INFO - --------
2022-07-13 18:28:04,223 - root - INFO - epoch: 4:
2022-07-13 18:28:04,224 - root - INFO - epoch mean loss: 0.7337650441017302
2022-07-13 18:28:04,224 - root - INFO - train acc: 0.83307538507109, val acc: 0.8494076255253262
2022-07-13 18:28:04,225 - root - INFO - train auc: 0.9021071904620852, val auc: 0.935514462120444
2022-07-13 18:28:04,225 - root - INFO - train ap: 0.9208207776255262, val ap: 0.9397912950474792
2022-07-13 18:28:04,225 - root - INFO - train time: 280.62245082855225, val time: 117.3307695388794
2022-07-13 18:28:07,230 - root - INFO - start 5 epoch
2022-07-13 18:32:54,774 - root - INFO - train_time [278.6575572490692, 276.13511300086975, 286.8066394329071, 287.04579758644104, 280.62245082855225, 288.6486482620239]
2022-07-13 18:32:54,774 - root - INFO - Mean 28298.603439331055
2022-07-13 18:32:54,774 - root - INFO - Standard deviation 4.7328860374379556
2022-07-13 18:32:54,775 - root - INFO - 95% 378.70975621388914
2022-07-13 18:32:54,775 - root - INFO - --------
2022-07-13 18:34:54,404 - root - INFO - epoch: 5:
2022-07-13 18:34:54,405 - root - INFO - epoch mean loss: 0.7229181661036624
2022-07-13 18:34:54,406 - root - INFO - train acc: 0.8358989928909953, val acc: 0.8534489511907395
2022-07-13 18:34:54,406 - root - INFO - train auc: 0.9046005924170616, val auc: 0.9325827465654108
2022-07-13 18:34:54,407 - root - INFO - train ap: 0.923387003508485, val ap: 0.9354706267319673
2022-07-13 18:34:54,407 - root - INFO - train time: 288.6486482620239, val time: 119.62950849533081
2022-07-13 18:34:57,312 - root - INFO - start 6 epoch
2022-07-13 18:39:42,017 - root - INFO - train_time [278.6575572490692, 276.13511300086975, 286.8066394329071, 287.04579758644104, 280.62245082855225, 288.6486482620239, 285.4546549320221]
2022-07-13 18:39:42,018 - root - INFO - Mean 28333.869447026933
2022-07-13 18:39:42,018 - root - INFO - Standard deviation 4.466138711223685
2022-07-13 18:39:42,018 - root - INFO - 95% 330.8561858172588
2022-07-13 18:39:42,018 - root - INFO - --------
2022-07-13 18:41:42,755 - root - INFO - epoch: 6:
2022-07-13 18:41:42,756 - root - INFO - epoch mean loss: 0.7241460101511241
2022-07-13 18:41:42,756 - root - INFO - train acc: 0.8367594786729858, val acc: 0.8487210148934602
2022-07-13 18:41:42,757 - root - INFO - train auc: 0.9045909286137441, val auc: 0.9356486737624112
2022-07-13 18:41:42,757 - root - INFO - train ap: 0.9230195180521641, val ap: 0.939139749341225
2022-07-13 18:41:42,757 - root - INFO - train time: 285.4546549320221, val time: 120.73650979995728
2022-07-13 18:41:42,758 - root - INFO - No improvment over 3 epochs, stop training
2022-07-13 18:41:42,758 - root - INFO - Loading the best model at epoch 3
2022-07-13 18:41:43,111 - root - INFO - Loaded the best model at epoch 3 for inference
2022-07-13 18:43:44,688 - root - INFO - Test statistics: t all nodes -- acc: 0.8165606337093563, auc: 0.9265561796684915, ap: 0.9339368604543795, time: 121.57428765296936
2022-07-13 18:43:44,688 - root - INFO - Saving NAT model ...
2022-07-13 18:43:44,760 - root - INFO - NAT model saved
2022-07-13 18:43:44,763 - root - INFO - transductive_auc [0.928625957510783, 0.9274112803445034, 0.9265561796684915]
2022-07-13 18:43:44,764 - root - INFO - Mean 92.75311391745926
2022-07-13 18:43:44,765 - root - INFO - Standard deviation 0.000849223050194727
2022-07-13 18:43:44,765 - root - INFO - 95% 0.09609863469986431
2022-07-13 18:43:44,766 - root - INFO - --------
2022-07-13 18:43:44,766 - root - INFO - transductive_ap [0.9370670847939756, 0.9348664635382764, 0.9339368604543795]
2022-07-13 18:43:44,766 - root - INFO - Mean 93.52901362622104
2022-07-13 18:43:44,767 - root - INFO - Standard deviation 0.001312554770109105
2022-07-13 18:43:44,768 - root - INFO - 95% 0.14852955457032935
2022-07-13 18:43:44,768 - root - INFO - --------
2022-07-13 18:43:44,769 - root - INFO - test_times [118.65696406364441, 119.52235746383667, 121.57428765296936]
2022-07-13 18:43:44,769 - root - INFO - Mean 11991.786972681683
2022-07-13 18:43:44,770 - root - INFO - Standard deviation 1.2233878354345116
2022-07-13 18:43:44,770 - root - INFO - 95% 138.43936603784005
2022-07-13 18:43:44,771 - root - INFO - --------
2022-07-13 18:43:44,771 - root - INFO - early_stoppers [4, 4, 4]
2022-07-13 18:43:44,772 - root - INFO - Mean 400
2022-07-13 18:43:44,772 - root - INFO - Standard deviation 0.0
2022-07-13 18:43:44,773 - root - INFO - 95% 0.0
2022-07-13 18:43:44,773 - root - INFO - --------
2022-07-13 18:43:44,773 - root - INFO - total_time [2566.7431814670563, 2940.9352045059204, 2945.7141489982605]
2022-07-13 18:43:44,774 - root - INFO - Mean 281779.75116570794
2022-07-13 18:43:44,774 - root - INFO - Standard deviation 177.53293986935861
2022-07-13 18:43:44,775 - root - INFO - 95% 20089.74336222557
2022-07-13 18:43:44,775 - root - INFO - --------
