2022-07-13 10:10:42,313 - root - INFO - Create log file at log/1657732242.313209-sx-askubuntu-t-2-16k16-16.log
2022-07-13 10:10:42,313 - root - INFO - Command line executed: python main.py -d sx-askubuntu --pos_dim 16 --bs 100 --n_degree 16 16 --n_hop 2 --mode t --bias 1e-5 --seed 2 --verbosity 1 --drop_out 0.1 --attn_n_head 1 --ngh_dim 4 --self_dim 172 --run 3 --replace_prob 0.7
2022-07-13 10:10:42,313 - root - INFO - Full args parsed:
2022-07-13 10:10:42,313 - root - INFO - Namespace(attn_n_head=1, bias=1e-05, bs=100, cpu_cores=1, data='sx-askubuntu', drop_out=0.1, gpu=0, linear_out=False, lr=0.0001, mode='t', n_degree=['16', '16'], n_epoch=50, n_hop=2, ngh_dim=4, pos_dim=16, replace_prob=0.7, run=3, seed=2, self_dim=172, t_batch=False, t_batch_order=False, time_dim=1, tolerance=0.001, verbosity=1)
2022-07-13 10:10:42,313 - root - INFO - Create checkpoint directory ./saved_checkpoints/1657732242.313209-sx-askubuntu-t-2-16k16-16/
2022-07-13 10:10:42,314 - root - INFO - Create best model directory ./best_models/1657732242.313209-sx-askubuntu-t-2-16k16-16/
2022-07-13 10:10:42,824 - root - INFO - Transductive training...
2022-07-13 10:10:46,122 - root - INFO - num of training instances: 675106
2022-07-13 10:10:46,122 - root - INFO - num of batches per epoch: 6752
2022-07-13 10:10:46,702 - root - INFO - start 0 epoch
2022-07-13 10:14:28,985 - root - INFO - train_time [222.86118984222412]
2022-07-13 10:14:28,985 - root - INFO - Mean 22286.118984222412
2022-07-13 10:14:28,985 - root - INFO - Standard deviation 0.0
2022-07-13 10:14:28,985 - root - INFO - 95% 0.0
2022-07-13 10:14:28,985 - root - INFO - --------
2022-07-13 10:16:13,482 - root - INFO - epoch: 0:
2022-07-13 10:16:13,483 - root - INFO - epoch mean loss: 0.7596112762829421
2022-07-13 10:16:13,483 - root - INFO - train acc: 0.8278036137440759, val acc: 0.8533625488461255
2022-07-13 10:16:13,484 - root - INFO - train auc: 0.8954262736966824, val auc: 0.9326159994677615
2022-07-13 10:16:13,484 - root - INFO - train ap: 0.9152306714511311, val ap: 0.9366457644725752
2022-07-13 10:16:13,484 - root - INFO - train time: 222.86118984222412, val time: 104.49631524085999
2022-07-13 10:16:14,769 - root - INFO - start 1 epoch
2022-07-13 10:19:46,702 - root - INFO - train_time [222.86118984222412, 212.57693791389465]
2022-07-13 10:19:46,703 - root - INFO - Mean 21771.90638780594
2022-07-13 10:19:46,703 - root - INFO - Standard deviation 5.142125964164734
2022-07-13 10:19:46,703 - root - INFO - 95% 712.6622992393542
2022-07-13 10:19:46,703 - root - INFO - --------
2022-07-13 10:21:12,604 - root - INFO - epoch: 1:
2022-07-13 10:21:12,605 - root - INFO - epoch mean loss: 0.7351383314207549
2022-07-13 10:21:12,606 - root - INFO - train acc: 0.8313277547393365, val acc: 0.8479330255105803
2022-07-13 10:21:12,607 - root - INFO - train auc: 0.9010073089454976, val auc: 0.9328258371619171
2022-07-13 10:21:12,607 - root - INFO - train ap: 0.9205052782392071, val ap: 0.9373964321136952
2022-07-13 10:21:12,607 - root - INFO - train time: 212.57693791389465, val time: 85.90107607841492
2022-07-13 10:21:13,889 - root - INFO - start 2 epoch
2022-07-13 10:25:16,338 - root - INFO - train_time [222.86118984222412, 212.57693791389465, 243.0862169265747]
2022-07-13 10:25:16,339 - root - INFO - Mean 22617.478156089783
2022-07-13 10:25:16,340 - root - INFO - Standard deviation 12.673829834924593
2022-07-13 10:25:16,340 - root - INFO - 95% 1434.1788571040158
2022-07-13 10:25:16,341 - root - INFO - --------
2022-07-13 10:26:59,506 - root - INFO - epoch: 2:
2022-07-13 10:26:59,508 - root - INFO - epoch mean loss: 0.7411353448803109
2022-07-13 10:26:59,508 - root - INFO - train acc: 0.8302880627962085, val acc: 0.8504525178795252
2022-07-13 10:26:59,509 - root - INFO - train auc: 0.8995021697274882, val auc: 0.9389900324335201
2022-07-13 10:26:59,509 - root - INFO - train ap: 0.9191157449648679, val ap: 0.9439350319053194
2022-07-13 10:26:59,509 - root - INFO - train time: 243.0862169265747, val time: 103.16505479812622
2022-07-13 10:27:01,354 - root - INFO - start 3 epoch
2022-07-13 10:31:39,202 - root - INFO - train_time [222.86118984222412, 212.57693791389465, 243.0862169265747, 278.7073585987091]
2022-07-13 10:31:39,202 - root - INFO - Mean 23930.792582035065
2022-07-13 10:31:39,202 - root - INFO - Standard deviation 25.25683880520807
2022-07-13 10:31:39,202 - root - INFO - 95% 2475.170202910391
2022-07-13 10:31:39,202 - root - INFO - --------
2022-07-13 10:33:41,268 - root - INFO - epoch: 3:
2022-07-13 10:33:41,269 - root - INFO - epoch mean loss: 0.7329065677008075
2022-07-13 10:33:41,269 - root - INFO - train acc: 0.8325881220379148, val acc: 0.8523936905551869
2022-07-13 10:33:41,269 - root - INFO - train auc: 0.901948244964455, val auc: 0.9398830246657572
2022-07-13 10:33:41,270 - root - INFO - train ap: 0.920852717045896, val ap: 0.9451219790715746
2022-07-13 10:33:41,270 - root - INFO - train time: 278.7073585987091, val time: 122.0651502609253
2022-07-13 10:33:42,937 - root - INFO - start 4 epoch
2022-07-13 10:38:31,310 - root - INFO - train_time [222.86118984222412, 212.57693791389465, 243.0862169265747, 278.7073585987091, 289.0712389945984]
2022-07-13 10:38:31,310 - root - INFO - Mean 24926.05884552002
2022-07-13 10:38:31,310 - root - INFO - Standard deviation 30.10894052002383
2022-07-13 10:38:31,310 - root - INFO - 95% 2639.1649991442287
2022-07-13 10:38:31,311 - root - INFO - --------
2022-07-13 10:40:30,346 - root - INFO - epoch: 4:
2022-07-13 10:40:30,347 - root - INFO - epoch mean loss: 0.7213358008391025
2022-07-13 10:40:30,347 - root - INFO - train acc: 0.8364677132701421, val acc: 0.8500066817813169
2022-07-13 10:40:30,348 - root - INFO - train auc: 0.9049752813981041, val auc: 0.9399962117372016
2022-07-13 10:40:30,348 - root - INFO - train ap: 0.9238013517662045, val ap: 0.9448314302859463
2022-07-13 10:40:30,348 - root - INFO - train time: 289.0712389945984, val time: 119.03524589538574
2022-07-13 10:40:32,504 - root - INFO - start 5 epoch
2022-07-13 10:45:29,835 - root - INFO - train_time [222.86118984222412, 212.57693791389465, 243.0862169265747, 278.7073585987091, 289.0712389945984, 298.39629650115967]
2022-07-13 10:45:29,835 - root - INFO - Mean 25744.98731295268
2022-07-13 10:45:29,836 - root - INFO - Standard deviation 33.026941024226645
2022-07-13 10:45:29,837 - root - INFO - 95% 2642.7056736287054
2022-07-13 10:45:29,837 - root - INFO - --------
2022-07-13 10:47:32,127 - root - INFO - epoch: 5:
2022-07-13 10:47:32,129 - root - INFO - epoch mean loss: 0.7268227862847431
2022-07-13 10:47:32,129 - root - INFO - train acc: 0.8358242002369668, val acc: 0.8492532533362825
2022-07-13 10:47:32,130 - root - INFO - train auc: 0.9043341676540284, val auc: 0.9387362135458909
2022-07-13 10:47:32,130 - root - INFO - train ap: 0.9229517668999311, val ap: 0.9439168873619761
2022-07-13 10:47:32,130 - root - INFO - train time: 298.39629650115967, val time: 122.28979110717773
2022-07-13 10:47:34,078 - root - INFO - start 6 epoch
2022-07-13 10:52:33,868 - root - INFO - train_time [222.86118984222412, 212.57693791389465, 243.0862169265747, 278.7073585987091, 289.0712389945984, 298.39629650115967, 300.69038581848145]
2022-07-13 10:52:33,868 - root - INFO - Mean 26362.70892279489
2022-07-13 10:52:33,868 - root - INFO - Standard deviation 34.115997393396974
2022-07-13 10:52:33,868 - root - INFO - 95% 2527.3484552919736
2022-07-13 10:52:33,868 - root - INFO - --------
2022-07-13 10:54:47,172 - root - INFO - epoch: 6:
2022-07-13 10:54:47,174 - root - INFO - epoch mean loss: 0.719824985241279
2022-07-13 10:54:47,176 - root - INFO - train acc: 0.8368527843601895, val acc: 0.8506990525694905
2022-07-13 10:54:47,178 - root - INFO - train auc: 0.9051526436611375, val auc: 0.9406269608532097
2022-07-13 10:54:47,179 - root - INFO - train ap: 0.924171600107713, val ap: 0.9459792158686533
2022-07-13 10:54:47,179 - root - INFO - train time: 300.69038581848145, val time: 133.30313229560852
2022-07-13 10:54:47,180 - root - INFO - No improvment over 3 epochs, stop training
2022-07-13 10:54:47,180 - root - INFO - Loading the best model at epoch 3
2022-07-13 10:54:47,799 - root - INFO - Loaded the best model at epoch 3 for inference
2022-07-13 10:56:39,527 - root - INFO - Test statistics: t all nodes -- acc: 0.8093980867064808, auc: 0.9312184116484186, ap: 0.939407501441081, time: 111.72737860679626
2022-07-13 10:56:39,528 - root - INFO - Saving NAT model ...
2022-07-13 10:56:39,549 - root - INFO - NAT model saved
2022-07-13 10:56:39,550 - root - INFO - transductive_auc [0.9312184116484186]
2022-07-13 10:56:39,551 - root - INFO - Mean 93.12184116484185
2022-07-13 10:56:39,551 - root - INFO - Standard deviation 0.0
2022-07-13 10:56:39,551 - root - INFO - 95% 0.0
2022-07-13 10:56:39,551 - root - INFO - --------
2022-07-13 10:56:39,551 - root - INFO - transductive_ap [0.939407501441081]
2022-07-13 10:56:39,551 - root - INFO - Mean 93.9407501441081
2022-07-13 10:56:39,551 - root - INFO - Standard deviation 0.0
2022-07-13 10:56:39,551 - root - INFO - 95% 0.0
2022-07-13 10:56:39,551 - root - INFO - --------
2022-07-13 10:56:39,551 - root - INFO - test_times [111.72737860679626]
2022-07-13 10:56:39,551 - root - INFO - Mean 11172.737860679626
2022-07-13 10:56:39,552 - root - INFO - Standard deviation 0.0
2022-07-13 10:56:39,552 - root - INFO - 95% 0.0
2022-07-13 10:56:39,552 - root - INFO - --------
2022-07-13 10:56:39,552 - root - INFO - early_stoppers [4]
2022-07-13 10:56:39,552 - root - INFO - Mean 400
2022-07-13 10:56:39,552 - root - INFO - Standard deviation 0.0
2022-07-13 10:56:39,552 - root - INFO - 95% 0.0
2022-07-13 10:56:39,552 - root - INFO - --------
2022-07-13 10:56:39,552 - root - INFO - total_time [2756.3340363502502]
2022-07-13 10:56:39,552 - root - INFO - Mean 275633.403635025
2022-07-13 10:56:39,552 - root - INFO - Standard deviation 0.0
2022-07-13 10:56:39,553 - root - INFO - 95% 0.0
2022-07-13 10:56:39,553 - root - INFO - --------
2022-07-13 10:56:39,553 - root - INFO - Transductive training...
2022-07-13 10:56:41,099 - root - INFO - num of training instances: 675106
2022-07-13 10:56:41,099 - root - INFO - num of batches per epoch: 6752
2022-07-13 10:56:42,171 - root - INFO - start 0 epoch
2022-07-13 10:59:00,203 - root - INFO - train_time [139.1012270450592]
2022-07-13 10:59:00,203 - root - INFO - Mean 13910.12270450592
2022-07-13 10:59:00,203 - root - INFO - Standard deviation 0.0
2022-07-13 10:59:00,203 - root - INFO - 95% 0.0
2022-07-13 10:59:00,203 - root - INFO - --------
2022-07-13 10:59:43,176 - root - INFO - epoch: 0:
2022-07-13 10:59:43,176 - root - INFO - epoch mean loss: 0.7700021277133252
2022-07-13 10:59:43,177 - root - INFO - train acc: 0.8263936611374407, val acc: 0.8484364631718646
2022-07-13 10:59:43,177 - root - INFO - train auc: 0.8929490595379148, val auc: 0.9248156077963332
2022-07-13 10:59:43,178 - root - INFO - train ap: 0.9124704073352167, val ap: 0.9271393768793522
2022-07-13 10:59:43,178 - root - INFO - train time: 139.1012270450592, val time: 42.97227597236633
2022-07-13 10:59:45,085 - root - INFO - start 1 epoch
2022-07-13 11:01:55,203 - root - INFO - train_time [139.1012270450592, 130.56460070610046]
2022-07-13 11:01:55,203 - root - INFO - Mean 13483.291387557983
2022-07-13 11:01:55,203 - root - INFO - Standard deviation 4.26831316947937
2022-07-13 11:01:55,203 - root - INFO - 95% 591.5580245278747
2022-07-13 11:01:55,203 - root - INFO - --------
2022-07-13 11:02:37,991 - root - INFO - epoch: 1:
2022-07-13 11:02:37,992 - root - INFO - epoch mean loss: 0.7401555928785654
2022-07-13 11:02:37,992 - root - INFO - train acc: 0.8306072274881517, val acc: 0.8518729724249797
2022-07-13 11:02:37,993 - root - INFO - train auc: 0.8999725488744075, val auc: 0.935953362030432
2022-07-13 11:02:37,993 - root - INFO - train ap: 0.9192781655819201, val ap: 0.9407180369057613
2022-07-13 11:02:37,993 - root - INFO - train time: 130.56460070610046, val time: 42.787647008895874
2022-07-13 11:02:39,874 - root - INFO - start 2 epoch
2022-07-13 11:04:51,162 - root - INFO - train_time [139.1012270450592, 130.56460070610046, 131.70676612854004]
2022-07-13 11:04:51,162 - root - INFO - Mean 13379.086462656656
2022-07-13 11:04:51,162 - root - INFO - Standard deviation 3.7838337899418324
2022-07-13 11:04:51,163 - root - INFO - 95% 428.1811016095769
2022-07-13 11:04:51,163 - root - INFO - --------
2022-07-13 11:05:34,103 - root - INFO - epoch: 2:
2022-07-13 11:05:34,104 - root - INFO - epoch mean loss: 0.7334879638353513
2022-07-13 11:05:34,104 - root - INFO - train acc: 0.8321541765402843, val acc: 0.8521287233650373
2022-07-13 11:05:34,105 - root - INFO - train auc: 0.9009500148104266, val auc: 0.9405780115249208
2022-07-13 11:05:34,105 - root - INFO - train ap: 0.9204862447048457, val ap: 0.9456308012084665
2022-07-13 11:05:34,105 - root - INFO - train time: 131.70676612854004, val time: 42.94005107879639
2022-07-13 11:05:35,998 - root - INFO - start 3 epoch
2022-07-13 11:07:47,991 - root - INFO - train_time [139.1012270450592, 130.56460070610046, 131.70676612854004, 132.41120409965515]
2022-07-13 11:07:47,991 - root - INFO - Mean 13344.594949483871
2022-07-13 11:07:47,992 - root - INFO - Standard deviation 3.330907977821319
2022-07-13 11:07:47,992 - root - INFO - 95% 326.42898182648923
2022-07-13 11:07:47,992 - root - INFO - --------
2022-07-13 11:08:30,383 - root - INFO - epoch: 3:
2022-07-13 11:08:30,384 - root - INFO - epoch mean loss: 0.738766653786559
2022-07-13 11:08:30,385 - root - INFO - train acc: 0.8315706457345972, val acc: 0.8417627460738775
2022-07-13 11:08:30,385 - root - INFO - train auc: 0.9002879220971562, val auc: 0.939870604328719
2022-07-13 11:08:30,386 - root - INFO - train ap: 0.9194709416645852, val ap: 0.9453607587842926
2022-07-13 11:08:30,386 - root - INFO - train time: 132.41120409965515, val time: 42.391424894332886
2022-07-13 11:08:32,363 - root - INFO - start 4 epoch
2022-07-13 11:10:44,363 - root - INFO - train_time [139.1012270450592, 130.56460070610046, 131.70676612854004, 132.41120409965515, 132.4238715171814]
2022-07-13 11:10:44,363 - root - INFO - Mean 13324.153389930725
2022-07-13 11:10:44,364 - root - INFO - Standard deviation 3.0071749713238995
2022-07-13 11:10:44,364 - root - INFO - 95% 263.5905081197558
2022-07-13 11:10:44,364 - root - INFO - --------
2022-07-13 11:11:26,894 - root - INFO - epoch: 4:
2022-07-13 11:11:26,895 - root - INFO - epoch mean loss: 0.7250924557877784
2022-07-13 11:11:26,896 - root - INFO - train acc: 0.8344601599526066, val acc: 0.8509628677283787
2022-07-13 11:11:26,896 - root - INFO - train auc: 0.9038934760071091, val auc: 0.9416077474678353
2022-07-13 11:11:26,897 - root - INFO - train ap: 0.9227323597608015, val ap: 0.9472897081704025
2022-07-13 11:11:26,897 - root - INFO - train time: 132.4238715171814, val time: 42.53040790557861
2022-07-13 11:11:28,876 - root - INFO - start 5 epoch
2022-07-13 11:13:40,024 - root - INFO - train_time [139.1012270450592, 130.56460070610046, 131.70676612854004, 132.41120409965515, 132.4238715171814, 131.72671818733215]
2022-07-13 11:13:40,025 - root - INFO - Mean 13298.906461397806
2022-07-13 11:13:40,025 - root - INFO - Standard deviation 2.8026097582379457
2022-07-13 11:13:40,025 - root - INFO - 95% 224.2554859570444
2022-07-13 11:13:40,025 - root - INFO - --------
2022-07-13 11:14:23,002 - root - INFO - epoch: 5:
2022-07-13 11:14:23,003 - root - INFO - epoch mean loss: 0.7184507603452528
2022-07-13 11:14:23,003 - root - INFO - train acc: 0.8372585900473933, val acc: 0.8513845111700951
2022-07-13 11:14:23,004 - root - INFO - train auc: 0.9058101895734597, val auc: 0.9394783736851483
2022-07-13 11:14:23,004 - root - INFO - train ap: 0.9243536627717054, val ap: 0.9442454327907194
2022-07-13 11:14:23,004 - root - INFO - train time: 131.72671818733215, val time: 42.97618651390076
2022-07-13 11:14:25,044 - root - INFO - start 6 epoch
2022-07-13 11:16:36,468 - root - INFO - train_time [139.1012270450592, 130.56460070610046, 131.70676612854004, 132.41120409965515, 132.4238715171814, 131.72671818733215, 131.8427631855011]
2022-07-13 11:16:36,468 - root - INFO - Mean 13282.530726705278
2022-07-13 11:16:36,469 - root - INFO - Standard deviation 2.625534514996018
2022-07-13 11:16:36,469 - root - INFO - 95% 194.50231878828936
2022-07-13 11:16:36,469 - root - INFO - --------
2022-07-13 11:17:18,902 - root - INFO - epoch: 6:
2022-07-13 11:17:18,903 - root - INFO - epoch mean loss: 0.7180746451585214
2022-07-13 11:17:18,904 - root - INFO - train acc: 0.838065758293839, val acc: 0.8505101194426012
2022-07-13 11:17:18,904 - root - INFO - train auc: 0.9060821164099525, val auc: 0.9364705880658777
2022-07-13 11:17:18,905 - root - INFO - train ap: 0.924494617111899, val ap: 0.9413223186566898
2022-07-13 11:17:18,905 - root - INFO - train time: 131.8427631855011, val time: 42.43298292160034
2022-07-13 11:17:19,975 - root - INFO - start 7 epoch
2022-07-13 11:19:31,343 - root - INFO - train_time [139.1012270450592, 130.56460070610046, 131.70676612854004, 132.41120409965515, 132.4238715171814, 131.72671818733215, 131.8427631855011, 131.86728382110596]
2022-07-13 11:19:31,343 - root - INFO - Mean 13270.555433630943
2022-07-13 11:19:31,343 - root - INFO - Standard deviation 2.4763153886787745
2022-07-13 11:19:31,344 - root - INFO - 95% 171.59990156175354
2022-07-13 11:19:31,344 - root - INFO - --------
2022-07-13 11:20:14,020 - root - INFO - epoch: 7:
2022-07-13 11:20:14,021 - root - INFO - epoch mean loss: 0.711116418389215
2022-07-13 11:20:14,022 - root - INFO - train acc: 0.8399792654028436, val acc: 0.8494755953697559
2022-07-13 11:20:14,022 - root - INFO - train auc: 0.9076238744075829, val auc: 0.9394626892595358
2022-07-13 11:20:14,023 - root - INFO - train ap: 0.9260342799364211, val ap: 0.9445945924379919
2022-07-13 11:20:14,023 - root - INFO - train time: 131.86728382110596, val time: 42.67655873298645
2022-07-13 11:20:14,023 - root - INFO - No improvment over 3 epochs, stop training
2022-07-13 11:20:14,023 - root - INFO - Loading the best model at epoch 4
2022-07-13 11:20:14,345 - root - INFO - Loaded the best model at epoch 4 for inference
2022-07-13 11:20:56,967 - root - INFO - Test statistics: t all nodes -- acc: 0.8082714001327139, auc: 0.9327021260160916, ap: 0.9409583078041057, time: 42.621118783950806
2022-07-13 11:20:56,967 - root - INFO - Saving NAT model ...
2022-07-13 11:20:57,009 - root - INFO - NAT model saved
2022-07-13 11:20:57,009 - root - INFO - transductive_auc [0.9312184116484186, 0.9327021260160916]
2022-07-13 11:20:57,009 - root - INFO - Mean 93.1960268832255
2022-07-13 11:20:57,010 - root - INFO - Standard deviation 0.000741857183836514
2022-07-13 11:20:57,010 - root - INFO - 95% 0.10281616009109983
2022-07-13 11:20:57,010 - root - INFO - --------
2022-07-13 11:20:57,011 - root - INFO - transductive_ap [0.939407501441081, 0.9409583078041057]
2022-07-13 11:20:57,011 - root - INFO - Mean 94.01829046225933
2022-07-13 11:20:57,011 - root - INFO - Standard deviation 0.0007754031815123685
2022-07-13 11:20:57,012 - root - INFO - 95% 0.10746539816899975
2022-07-13 11:20:57,012 - root - INFO - --------
2022-07-13 11:20:57,012 - root - INFO - test_times [111.72737860679626, 42.621118783950806]
2022-07-13 11:20:57,012 - root - INFO - Mean 7717.4248695373535
2022-07-13 11:20:57,012 - root - INFO - Standard deviation 34.55312991142273
2022-07-13 11:20:57,013 - root - INFO - 95% 4788.819484431001
2022-07-13 11:20:57,013 - root - INFO - --------
2022-07-13 11:20:57,013 - root - INFO - early_stoppers [4, 5]
2022-07-13 11:20:57,013 - root - INFO - Mean 450.0
2022-07-13 11:20:57,014 - root - INFO - Standard deviation 0.5
2022-07-13 11:20:57,014 - root - INFO - 95% 69.29646455628165
2022-07-13 11:20:57,014 - root - INFO - --------
2022-07-13 11:20:57,014 - root - INFO - total_time [2756.3340363502502, 1456.9855916500092]
2022-07-13 11:20:57,014 - root - INFO - Mean 210665.98140001297
2022-07-13 11:20:57,015 - root - INFO - Standard deviation 649.6742223501205
2022-07-13 11:20:57,015 - root - INFO - 95% 90040.25344442995
2022-07-13 11:20:57,015 - root - INFO - --------
2022-07-13 11:20:57,016 - root - INFO - Transductive training...
2022-07-13 11:20:57,810 - root - INFO - num of training instances: 675106
2022-07-13 11:20:57,811 - root - INFO - num of batches per epoch: 6752
2022-07-13 11:20:58,221 - root - INFO - start 0 epoch
2022-07-13 11:23:08,665 - root - INFO - train_time [130.85391330718994]
2022-07-13 11:23:08,665 - root - INFO - Mean 13085.391330718994
2022-07-13 11:23:08,666 - root - INFO - Standard deviation 0.0
2022-07-13 11:23:08,666 - root - INFO - 95% 0.0
2022-07-13 11:23:08,666 - root - INFO - --------
2022-07-13 11:23:51,495 - root - INFO - epoch: 0:
2022-07-13 11:23:51,496 - root - INFO - epoch mean loss: 0.7781644813182336
2022-07-13 11:23:51,496 - root - INFO - train acc: 0.8238632997630331, val acc: 0.8402351526211015
2022-07-13 11:23:51,497 - root - INFO - train auc: 0.8915029398696682, val auc: 0.9285739897837868
2022-07-13 11:23:51,497 - root - INFO - train ap: 0.9101952880890224, val ap: 0.934354919960607
2022-07-13 11:23:51,497 - root - INFO - train time: 130.85391330718994, val time: 42.8289155960083
2022-07-13 11:23:53,644 - root - INFO - start 1 epoch
2022-07-13 11:26:04,697 - root - INFO - train_time [130.85391330718994, 131.6328055858612]
2022-07-13 11:26:04,697 - root - INFO - Mean 13124.335944652557
2022-07-13 11:26:04,697 - root - INFO - Standard deviation 0.3894461393356323
2022-07-13 11:26:04,697 - root - INFO - 95% 53.97448118210474
2022-07-13 11:26:04,698 - root - INFO - --------
2022-07-13 11:26:47,327 - root - INFO - epoch: 1:
2022-07-13 11:26:47,327 - root - INFO - epoch mean loss: 0.7478943011630768
2022-07-13 11:26:47,328 - root - INFO - train acc: 0.8291484004739337, val acc: 0.8498937827176878
2022-07-13 11:26:47,328 - root - INFO - train auc: 0.8977357301540284, val auc: 0.9344836581485475
2022-07-13 11:26:47,329 - root - INFO - train ap: 0.9175605102243135, val ap: 0.9405511957143046
2022-07-13 11:26:47,329 - root - INFO - train time: 131.6328055858612, val time: 42.6290020942688
2022-07-13 11:26:49,348 - root - INFO - start 2 epoch
2022-07-13 11:29:01,079 - root - INFO - train_time [130.85391330718994, 131.6328055858612, 132.1623351573944]
2022-07-13 11:29:01,079 - root - INFO - Mean 13154.968468348185
2022-07-13 11:29:01,079 - root - INFO - Standard deviation 0.5373848700465302
2022-07-13 11:29:01,079 - root - INFO - 95% 60.810822678440076
2022-07-13 11:29:01,079 - root - INFO - --------
2022-07-13 11:29:44,052 - root - INFO - epoch: 2:
2022-07-13 11:29:44,053 - root - INFO - epoch mean loss: 0.7355737593245661
2022-07-13 11:29:44,053 - root - INFO - train acc: 0.8325681279620853, val acc: 0.8494352742756027
2022-07-13 11:29:44,054 - root - INFO - train auc: 0.9004247556279622, val auc: 0.9403420371215193
2022-07-13 11:29:44,054 - root - INFO - train ap: 0.9201674892801804, val ap: 0.945858452623405
2022-07-13 11:29:44,054 - root - INFO - train time: 132.1623351573944, val time: 42.97233247756958
2022-07-13 11:29:46,066 - root - INFO - start 3 epoch
2022-07-13 11:31:57,437 - root - INFO - train_time [130.85391330718994, 131.6328055858612, 132.1623351573944, 131.89072155952454]
2022-07-13 11:31:57,437 - root - INFO - Mean 13163.494390249252
2022-07-13 11:31:57,438 - root - INFO - Standard deviation 0.48825636421364066
2022-07-13 11:31:57,438 - root - INFO - 95% 47.849123692936786
2022-07-13 11:31:57,438 - root - INFO - --------
2022-07-13 11:32:40,048 - root - INFO - epoch: 3:
2022-07-13 11:32:40,049 - root - INFO - epoch mean loss: 0.7302173575898412
2022-07-13 11:32:40,049 - root - INFO - train acc: 0.8333560426540284, val acc: 0.8513303657008037
2022-07-13 11:32:40,050 - root - INFO - train auc: 0.9023597452606634, val auc: 0.9391781015369634
2022-07-13 11:32:40,050 - root - INFO - train ap: 0.9216749636607718, val ap: 0.9444178465072659
2022-07-13 11:32:40,050 - root - INFO - train time: 131.89072155952454, val time: 42.60980582237244
2022-07-13 11:32:41,960 - root - INFO - start 4 epoch
2022-07-13 11:34:53,492 - root - INFO - train_time [130.85391330718994, 131.6328055858612, 132.1623351573944, 131.89072155952454, 131.9530119895935]
2022-07-13 11:34:53,492 - root - INFO - Mean 13169.855751991272
2022-07-13 11:34:53,493 - root - INFO - Standard deviation 0.4548650250802222
2022-07-13 11:34:53,493 - root - INFO - 95% 39.87067737332772
2022-07-13 11:34:53,493 - root - INFO - --------
2022-07-13 11:35:36,596 - root - INFO - epoch: 4:
2022-07-13 11:35:36,597 - root - INFO - epoch mean loss: 0.7254538493676738
2022-07-13 11:35:36,597 - root - INFO - train acc: 0.8348007997630331, val acc: 0.855114788394898
2022-07-13 11:35:36,597 - root - INFO - train auc: 0.9036656324052134, val auc: 0.9376936492548662
2022-07-13 11:35:36,598 - root - INFO - train ap: 0.9227855765109394, val ap: 0.942353417802466
2022-07-13 11:35:36,598 - root - INFO - train time: 131.9530119895935, val time: 43.10285806655884
2022-07-13 11:35:38,582 - root - INFO - start 5 epoch
2022-07-13 11:37:49,317 - root - INFO - train_time [130.85391330718994, 131.6328055858612, 132.1623351573944, 131.89072155952454, 131.9530119895935, 131.15367603302002]
2022-07-13 11:37:49,317 - root - INFO - Mean 13160.774393876394
2022-07-13 11:37:49,317 - root - INFO - Standard deviation 0.46222724404744103
2022-07-13 11:37:49,317 - root - INFO - 95% 36.98588250888536
2022-07-13 11:37:49,318 - root - INFO - --------
2022-07-13 11:38:32,253 - root - INFO - epoch: 5:
2022-07-13 11:38:32,254 - root - INFO - epoch mean loss: 0.7353529140167822
2022-07-13 11:38:32,254 - root - INFO - train acc: 0.8346467713270141, val acc: 0.8480689651994396
2022-07-13 11:38:32,255 - root - INFO - train auc: 0.9035101081161139, val auc: 0.9405426705659086
2022-07-13 11:38:32,255 - root - INFO - train ap: 0.9223091654788644, val ap: 0.9461680995905507
2022-07-13 11:38:32,255 - root - INFO - train time: 131.15367603302002, val time: 42.935476779937744
2022-07-13 11:38:32,255 - root - INFO - No improvment over 3 epochs, stop training
2022-07-13 11:38:32,256 - root - INFO - Loading the best model at epoch 2
2022-07-13 11:38:32,579 - root - INFO - Loaded the best model at epoch 2 for inference
2022-07-13 11:39:15,578 - root - INFO - Test statistics: t all nodes -- acc: 0.8034201504092015, auc: 0.9301626202720638, ap: 0.9381132508768515, time: 42.99818515777588
2022-07-13 11:39:15,578 - root - INFO - Saving NAT model ...
2022-07-13 11:39:15,622 - root - INFO - NAT model saved
2022-07-13 11:39:15,622 - root - INFO - transductive_auc [0.9312184116484186, 0.9327021260160916, 0.9301626202720638]
2022-07-13 11:39:15,622 - root - INFO - Mean 93.13610526455246
2022-07-13 11:39:15,622 - root - INFO - Standard deviation 0.0010416436359680648
2022-07-13 11:39:15,622 - root - INFO - 95% 0.11787307379066127
2022-07-13 11:39:15,622 - root - INFO - --------
2022-07-13 11:39:15,622 - root - INFO - transductive_ap [0.939407501441081, 0.9409583078041057, 0.9381132508768515]
2022-07-13 11:39:15,623 - root - INFO - Mean 93.94930200406793
2022-07-13 11:39:15,623 - root - INFO - Standard deviation 0.001163062710544098
2022-07-13 11:39:15,623 - root - INFO - 95% 0.13161293552734196
2022-07-13 11:39:15,623 - root - INFO - --------
2022-07-13 11:39:15,623 - root - INFO - test_times [111.72737860679626, 42.621118783950806, 42.99818515777588]
2022-07-13 11:39:15,623 - root - INFO - Mean 6578.222751617432
2022-07-13 11:39:15,623 - root - INFO - Standard deviation 32.4884925916611
2022-07-13 11:39:15,623 - root - INFO - 95% 3676.419028898697
2022-07-13 11:39:15,624 - root - INFO - --------
2022-07-13 11:39:15,624 - root - INFO - early_stoppers [4, 5, 3]
2022-07-13 11:39:15,624 - root - INFO - Mean 400
2022-07-13 11:39:15,624 - root - INFO - Standard deviation 0.816496580927726
2022-07-13 11:39:15,624 - root - INFO - 95% 92.39528607504221
2022-07-13 11:39:15,624 - root - INFO - --------
2022-07-13 11:39:15,624 - root - INFO - total_time [2756.3340363502502, 1456.9855916500092, 1098.2387299537659]
2022-07-13 11:39:15,624 - root - INFO - Mean 177051.94526513416
2022-07-13 11:39:15,624 - root - INFO - Standard deviation 712.2956421642701
2022-07-13 11:39:15,624 - root - INFO - 95% 80603.8398262432
2022-07-13 11:39:15,624 - root - INFO - --------
